['309', '80', '330']
['6', '218', '40']
['211', '184', '255']
['280', '96', '77']
['334', '54', '273']
['318', '115', '39']
['221', '220', '234']
['270', '126', '160']
['105', '110', '101']
['241', '159', '56']
['130', '84', '137']
['139', '85', '4']
['176', '114']
['121', '99']
['293', '296']
['62', '0']
['35', '341']
['60', '128']
['33', '13', '48', '122', '363', '208', '344', '76', '188', '108', '143', '8', '276', '193', '279', '179', '356', '36', '32', '104', '98', '226', '142', '289', '257', '355', '361', '322', '321', '320', '59', '87', '14', '25', '343', '349', '182', '185', '307', '118', '153', '248', '299', '26', '204', '333', '290', '95', '348', '287', '303', '136', '191', '311', '336']
['144', '16', '345', '222', '292', '317', '12', '154', '300', '332', '91', '189', '326', '175', '141', '21', '134', '69', '247', '315', '258', '199', '178', '57', '86', '264', '329', '66', '298', '171', '219', '210', '138', '195', '150', '74', '186', '119', '353', '285', '29', '325', '214', '75', '147', '268', '94', '163', '261', '246', '335', '9', '200', '34', '161']
['17', '357', '170', '30', '19', '18', '116', '284', '140', '224', '15', '244', '207', '49', '295', '351', '127', '63', '297', '203', '301', '70', '197', '97', '131', '43', '237', '149', '238', '259', '187', '120', '249', '1', '339', '58', '291', '47', '53', '10', '89', '37', '111', '102', '28', '236', '217', '346', '338', '157', '275', '164', '205', '347']
['165', '117', '286', '278', '38', '230', '2', '31', '64', '358', '125', '68', '274', '93', '71', '109', '277', '306', '55', '223', '313', '263', '123', '50', '324', '167', '283', '235', '133', '152', '327', '342', '190', '308', '294', '24', '202', '362', '242', '166', '216', '41', '198', '61', '168', '352', '83', '260', '79', '245', '196', '100', '162', '81', '337']
['23', '107', '213', '267', '340', '73', '92', '281', '135', '266', '183', '5', '314', '212', '252', '282', '177', '173', '72', '45', '113', '146', '3', '272', '239', '233', '46', '215', '302', '229', '288', '174', '262', '156', '181', '269', '20', '253', '155', '231', '227', '82', '44', '323', '90', '103', '312', '359', '42', '271', '129', '240', '124', '132', '206']
['158', '88', '78', '310', '52', '169', '112', '106', '331', '251', '201', '232', '228', '151', '209', '65', '145', '148', '319', '256', '250', '316', '7', '11', '22', '225', '27', '304', '305', '192', '328', '350', '172', '51', '180', '67', '243', '354', '194', '360', '265', '254']
