['332', '344', '179', '225', '134', '258', '5', '265', '237', '174', '270', '162', '116', '288', '364', '468', '244', '262', '328', '313', '47', '48', '333', '16', '238', '151', '167', '189', '66', '286', '357', '319', '27', '163', '209', '303', '11', '418', '466', '113', '46', '111', '256', '295', '409', '96', '224', '306', '311', '420', '361', '122', '39', '318', '6', '75', '123']
['169', '135', '491', '62', '423', '279', '126', '360', '404', '211', '463', '143', '192', '273', '233', '415', '430', '119', '102', '212', '407', '236', '436', '32', '40', '23', '325', '372', '12', '433', '243', '72', '323', '82', '210', '390', '145', '440', '405', '348', '196', '388', '289', '489', '429', '448', '110', '67', '125', '280', '157', '299', '354', '444', '412', '139', '438']
['282', '457', '106', '458', '215', '316', '329', '413', '199', '108', '114', '87', '355', '58', '378', '317', '417', '253', '356', '424', '241', '95', '20', '385', '266', '170', '137', '419', '15', '375', '342', '247', '422', '183', '124', '414', '373', '275', '341', '294', '91', '454', '272', '327', '427', '44', '118', '300', '156', '228', '432', '476', '452', '217', '453', '77', '391']
['437', '264', '297', '146', '160', '492', '175', '260', '219', '74', '376', '9', '276', '335', '443', '305', '198', '79', '54', '324', '184', '406', '451', '80', '159', '246', '370', '462', '120', '382', '482', '484', '84', '69', '213', '98', '271', '366', '402', '127', '28', '222', '472', '68', '31', '99', '29', '309', '486', '310', '455', '149', '439', '205', '445', '93', '460']
['479', '201', '142', '336', '456', '155', '200', '208', '42', '218', '494']
['426']
['307']
['401']
['441']
['284']
['59']
['128']
['321']
['150']
['478']
['206']
['465']
['283']
['387']
['190']
['221']
['293']
['45', '251', '229', '21', '49', '383', '132', '4', '449', '112', '263', '107', '267', '245', '340', '152', '55', '70', '52', '141', '115', '399', '459', '191', '367', '326', '259', '353', '2', '461', '13', '490', '165', '81', '130', '352', '301', '104', '136', '173', '138', '287', '281', '232', '257', '330', '34', '365', '38', '194', '181', '477', '164', '435', '377', '133', '431']
['469', '398', '278', '182', '255', '97', '204', '483', '180', '207', '220', '24', '230', '172', '240', '447', '252', '100', '10', '109', '488', '166', '197', '30', '411', '268', '450', '416', '63', '227', '14', '339', '83', '154', '85', '129', '19', '37', '64', '434', '393', '346', '428', '168', '103', '18', '334', '51', '496', '296', '368', '362', '471', '474', '223', '337', '117']
['254']
['394', '277', '94', '193', '73', '403', '231', '371', '397', '392', '65', '400', '22', '7', '369', '312', '249', '214']
['171']
['1', '178', '291', '185', '304', '473', '338', '161', '148', '153', '320', '314', '481', '274', '105', '88', '345', '235', '396', '347', '90', '343', '285', '470', '480', '350', '144', '380', '26', '8', '86', '475', '425', '234', '61', '216', '410', '290', '239', '395', '261', '78', '467', '202']
['89', '76', '487', '195', '57', '315', '0', '349']
['386']
['60', '33', '71', '43', '121', '53', '56', '498', '250', '298', '381', '50', '3', '442', '269', '248', '92', '351', '147', '140', '36', '379', '485', '226', '358', '302', '177', '363', '499', '446', '25', '188', '158', '389', '186', '131', '384', '17', '41', '292', '203', '187', '497', '493', '495', '464', '374', '176', '322', '242', '359', '101', '421', '331', '35', '408', '308']
