['agy', 'aqg', 'aig', 'afm', 'ani']
['ale', 'abm', 'abu', 'agj', 'aaj']
['akw', 'aqx', 'aja', 'agw', 'anb']
['ake', 'aci', 'ajz', 'adq']
['aln', 'aky', 'afi', 'aqy']
['agb', 'ala', 'ajh', 'aiz']
['acb', 'aqt', 'ajk', 'age']
['aev', 'aqw', 'aka', 'amh']
['ame', 'arn', 'akt', 'ahn']
['akx', 'ape', 'ams', 'adx']
['aie', 'aen', 'afk', 'afs']
['ane', 'abn', 'atd', 'ajb']
['ajn', 'aml', 'alc', 'adb']
['aez', 'aiw', 'ado', 'abg']
['abo', 'apk', 'asa', 'anv']
['agd', 'apy', 'ahm', 'aey']
['alb', 'aki', 'adi', 'aod']
['ast', 'aft', 'agc', 'amo']
['alf', 'abe', 'arq', 'ajt']
['ael', 'ahb', 'ahu', 'aib']
['aga', 'ahs', 'acg', 'aoe']
['ans', 'art', 'alk', 'ate']
['aaw', 'ain', 'abd', 'aah']
['aax', 'afz', 'aku', 'afl']
['acp', 'ahx', 'aih', 'ahr']
['akq', 'air', 'ahl', 'agl']
['aew', 'aot', 'acw', 'als']
['ahw', 'ajd', 'ahv', 'amk']
['abj', 'aai', 'aio', 'agm']
['aiv', 'atc', 'all', 'agu']
['aqq', 'aic', 'afe', 'anx']
['alq', 'amg', 'aof', 'agx']
['ase', 'afj', 'aba', 'aqo']
['aro', 'any', 'ajo', 'afw']
['aqf', 'akb', 'agp', 'arx']
['amv', 'aal', 'ajv', 'asw']
['adj', 'afu', 'asf', 'aou']
['afx', 'aau', 'ama', 'aps']
['ajq', 'ajc', 'akd', 'ago']
['aji', 'anu', 'ald', 'anw']
['akh', 'ank', 'aid', 'ali']
['acd', 'adl', 'adn', 'adr', 'ads', 'aei', 'aek', 'aep', 'aes', 'afb', 'afv', 'afy', 'agg', 'agh', 'agq', 'agz', 'ahi', 'ahk', 'ajm', 'ajs', 'akl', 'akm', 'alh', 'amc', 'amy', 'anz', 'aop', 'aos', 'apc', 'apg', 'apm', 'apu', 'arc', 'arg', 'arr', 'ash', 'asm', 'asu']
['abv', 'aca', 'acf', 'ach', 'act', 'adt', 'adz', 'afp', 'agr', 'ags', 'agv', 'ahd', 'ahg', 'ahy', 'ahz', 'aif', 'ail', 'ajg', 'akc', 'akv', 'alr', 'alu', 'aly', 'alz', 'amn', 'anr', 'aom', 'aoo', 'aox', 'aoz', 'apa', 'aqp', 'ari', 'arj', 'asc', 'asl', 'asy', 'ata']
['aay', 'abh', 'abl', 'abq', 'ace', 'acz', 'ade', 'adk', 'adm', 'aeh', 'aem', 'afh', 'agn', 'agt', 'aij', 'aiy', 'aje', 'akf', 'akp', 'alv', 'amf', 'amq', 'amt', 'anc', 'ant', 'aoa', 'aoc', 'aog', 'aol', 'aoq', 'apt', 'aqb', 'aqc', 'aqm', 'arl', 'ars', 'ass', 'atf']
['aac', 'aat', 'abk', 'abt', 'ack', 'acl', 'aco', 'adc', 'adf', 'adg', 'aed', 'aet', 'aex', 'afa', 'afd', 'afg', 'afr', 'aha', 'aip', 'aiq', 'ajx', 'akk', 'akz', 'alx', 'amj', 'amz', 'anm', 'apj', 'apq', 'aqk', 'aqn', 'aqu', 'aqv', 'aqz', 'ara', 'are', 'asi', 'asv']
['aan', 'aao', 'aav', 'abp', 'abz', 'adh', 'adu', 'adw', 'aee', 'aeq', 'aeu', 'afq', 'agf', 'ahc', 'aht', 'aim', 'aiu', 'ajj', 'ajw', 'akr', 'aks', 'alj', 'alt', 'amb', 'amu', 'anj', 'aok', 'aon', 'aqi', 'aqr', 'aqs', 'arf', 'arh', 'ary', 'asd', 'asj', 'asq', 'asr']
['aae', 'aaf', 'aag', 'abb', 'abc', 'abf', 'abs', 'acs', 'acx', 'ada', 'ady', 'aea', 'aej', 'aia', 'aii', 'ais', 'ait', 'ajf', 'ajy', 'akg', 'akn', 'alg', 'alo', 'amw', 'amx', 'ang', 'anh', 'anl', 'aov', 'apd', 'apf', 'arb', 'ark', 'arm', 'asb', 'asg', 'ask', 'asp']
['aak', 'aar', 'aaz', 'abx', 'aby', 'acn', 'acq', 'acv', 'acy', 'add', 'aeb', 'agi', 'agk', 'ahe', 'ahp', 'ajr', 'aju', 'akj', 'ako', 'alw', 'ami', 'amp', 'ana', 'and', 'anf', 'anq', 'aob', 'aow', 'apb', 'aph', 'apo', 'app', 'aqa', 'aqe', 'aqh', 'aqj', 'arv', 'arw']
['aaa', 'aab', 'aaq', 'abi', 'abw', 'acc', 'acm', 'acr', 'acu', 'adv', 'aec', 'aef', 'aeg', 'aeo', 'afc', 'aff', 'afn', 'afo', 'ahf', 'ahj', 'ahq', 'ajl', 'alp', 'amd', 'amm', 'amr', 'ann', 'aoh', 'aor', 'api', 'apl', 'apn', 'apr', 'apv', 'apx', 'apz', 'aru', 'asn']
['aoi', 'apw', 'asz', 'acj', 'aik', 'ano', 'adp', 'aso', 'aas', 'aam', 'alm', 'ahh', 'aho', 'aoy', 'aer', 'ajp', 'atb', 'aix', 'aap', 'arz', 'asx', 'abr', 'aql', 'aad', 'arp', 'aqd', 'ard', 'anp', 'aoj']
