['67', '338', '47', '316', '384', '406', '439', '442', '188', '249', '33', '425', '126', '343', '364', '500', '83', '201', '403', '317']
['202', '224', '227', '347', '272', '165', '280', '97', '183', '284', '133', '39', '344', '45', '168', '319', '109']
['437', '494', '210']
['499', '422', '118']
['205', '297', '309']
['130', '55', '267']
['60', '2', '373']
['245', '374', '94']
['497', '232', '207']
['148', '132', '80']
['415', '70', '181']
['455', '264', '408']
['254', '447', '172']
['243', '446', '396']
['377', '81', '120']
['397', '117', '129']
['212', '464', '340']
['9', '489', '14']
['162', '127', '355']
['418', '77', '75']
['459', '315', '490']
['324', '350', '5']
['392', '250', '461']
['259', '50', '365']
['105', '51', '467']
['388', '208', '285']
['125', '449', '416']
['222', '106', '136']
['296', '484', '434']
['327', '427', '470']
['239', '24', '12']
['321', '228', '387']
['378', '101', '209']
['469', '22', '6']
['405', '100', '151']
['159', '72', '87']
['349', '145']
['463', '115']
['495', '131']
['182', '457']
['157', '311']
['328', '85']
['190', '353']
['150', '450']
['391', '295']
['13', '167']
['31', '487']
['141', '79']
['456', '420']
['86', '58']
['334', '238']
['233', '426']
['428', '306']
['137', '90']
['480', '37']
['25', '468']
['242', '89']
['389', '275']
['7', '179']
['302', '458']
['432', '73']
['336', '436']
['367', '74']
['380', '180']
['241', '281']
['410', '277']
['112', '104']
['215', '366']
['441', '404']
['154', '293']
['477', '146']
['225', '156']
['203', '206']
['445', '318']
['371', '496']
['263', '385']
['274', '435']
['359', '262']
['354', '49']
['124', '481']
['194', '176']
['57', '32']
['419', '478']
['335', '10']
['103', '247']
['139', '178', '300', '82', '395', '8', '174', '393', '342', '488', '223', '493', '460', '134', '414', '68', '244', '448', '255', '322']
['15', '475', '231', '492', '3', '186', '98', '438', '52', '110', '329', '330', '234', '466', '229', '175', '443', '62', '128', '153']
['64', '140', '169', '444', '213', '216', '292', '122', '498', '479', '119', '394', '453', '399', '423', '193', '331', '379', '407', '78']
['220', '142', '314', '36', '258', '313', '356', '161', '173', '189', '61', '226', '381', '451', '135', '291', '53', '123', '221', '323']
['92', '211', '42', '116', '298', '138', '217', '171', '341', '362', '93', '346', '38', '279', '71', '230', '325', '372', '386', '44']
['345', '283', '268', '363', '185', '158', '219', '273', '43', '26', '113', '413', '69', '218', '95', '485', '184', '412', '286', '429']
['269', '187', '352', '299', '54', '149', '337', '16', '41', '301', '348', '390', '289', '214', '421', '88', '191', '48', '40', '27']
['195', '65', '163', '370', '256', '111', '430', '431', '287', '303', '409', '235', '246', '177', '276', '333', '108', '35', '99', '18']
['400', '462', '288', '417', '59', '192', '252', '312', '369', '383', '160', '204', '200', '424', '465', '368', '96', '265', '46', '251']
['4', '307', '91', '196', '197', '411', '257', '473', '398', '308', '102', '28', '476', '351', '282', '270', '240', '454', '199', '320']
['143', '402', '376', '170', '271', '261', '56', '360', '147', '11', '253', '17', '1', '290', '401', '361', '305', '260', '152', '278']
['248', '166', '482', '294', '486', '474', '471', '332', '483', '266', '66', '84', '121', '30', '382', '23', '29', '433', '20', '472']
['358']
['326', '236']
['21', '491', '375', '452', '198', '440', '357', '34', '63', '164', '304', '144', '237', '107', '76', '339', '310', '155', '114', '19']
