['hj', 't', 'fw', 'az', 'jx', 'hu', 'ja', 'iv', 'cj', 'dv']
['cr', 'ka', 'fz', 'ir', 'gb', 'as', 'ff', 'dl', 'x', 'ic']
['br', 'an', 'do', 'ew', 'ia', 'it', 'ju', 'by', 'ii', 'he']
['aq', 'di', 'ao', 'gm', 'em', 'ae', 'fk', 'eh', 'gl', 'i']
['eu', 'k', 'bg', 'ap', 'gr', 'cy', 'ac', 'jd', 'fi', 'dr']
['cd', 'kc', 'kl', 'l', 'bn', 'z', 'gw', 'cm', 'hb', 'iz']
['fh', 'hm', 'ej', 'hr', 'jh', 'kf', 'dd', 'hg', 'ji', 'cf']
['fb', 'el', 'y', 'kd', 'ey', 'cv', 'r', 'if', 'hf', 'fm']
['ig', 'dj', 'iu', 'bj', 'jp', 'w', 'fj', 'ax', 'am', 'dc']
['ij', 'hw', 'q', 'ar', 'ed', 'hh', 'ek', 'cc', 'hv', 'al']
['fg', 'bz', 'bv', 'kb', 'dx', 'fa', 'ei', 'jr', 'ay', 'gv']
['hc', 'dq', 'au', 'c', 'gu', 'ak', 'ib', 'n', 'g', 'fy']
['dz', 'zz', 'ha', 'jv', 'dk', 'ho', 'ct', 'bd', 'bu', 'm']
['gy', 'ec', 'bl', 'io', 'ih', 'iy', 'af', 'fq', 'fd', 'fn']
['gh', 'ds', 'ef', 'bf', 'bk', 'ca', 'cg', 'cw', 'hi', 'kn']
['kg', 'ep', 'js', 'bb', 'bo', 'jm', 'o', 'is', 'hp', 'at']
['ga', 'de', 'ex', 'et', 'ba', 'cs', 'hk', 'aw', 'ke', 'kj']
['go', 'db', 'jt', 'ck', 'hx', 'b', 'il', 'ai', 'fl', 'u']
['gg', 'gd', 'gi', 'dg', 'dy', 'iw', 'eb', 'es', 'bc', 'bm']
['dh', 'h', 'bi', 'bt', 'jl', 'cl', 'cu', 'ht', 'ft', 'fv']
['gx', 'gc', 'dw', 'en', 'eg', 'eq', 'jo', 'jk', 'cq', 'hy']
['gq', 'df', 'ea', 'bx', 'cn', 'ce', 'f', 'aa', 'av', 'fe']
['gk', 'jw', 'da', 'er', 'jc', 'ci', 'cz', 'cp', 'ip', 'j']
['gs', 'dn', 'dp', 'd', 'eo', 'be', 'bp', 'jg', 'v', 'fo']
['gp', 'dm', 'jq', 'bw', 's', 'hq', 'ie', 'fs', 'fx', 'ki']
['gt', 'dt', 'ee', 'iq', 'hs', 'ix', 'in', 'fr', 'fu', 'kh']
['gn', 'p', 'ev']
['ad']
['hn']
['cb']
