['JWV', 'zTH', 'WLo', '1xS', 'WB2', 'AcJ', 'mLL', '6Ip', 's6M', 'cEk']
['B99', '00m', 'tFU', 'rGT', 'qLD', 'I2S', 'SmS', 'PPi', '6ro', 'YEe']
['0RD', 'iba', 'rXN', '0oy', '6na', 'D40', 'nf5', 'Hbr', 'g08', 'vca']
['uii', 'h6l', 'oPH', 'SiL', 'h3r', 'QEF', 'wwD', '9ug', 'e8H']
['JcP', 'O2z', 'tfQ', 'Hxo', 'KS2', 'JfN', 'hYw', 'bLd', 'gEp']
['9F9', '96X', 'gVV', '3QX', 'Eou', 'euj', 'd60', 'rMd', 'kZ0']
['hiF', 'uGP', 'UmG', 'iGU', 'uZt', 'H9O', 'Qa3', 'Kn8', 'GRw']
['Jla', 'Afe', 'EJa', 'xRH', 'hQH', 'PQT', 'ZY3', '4nb', 's3z']
['zfD', 'oUs', 'FEQ', 'FkC', 'ewc', 'UDc', 'NXP', 'jGk', 'Hyj']
['mLF', 'slQ', 'W2Z', '5Li', 'E2A', 'gEU', 'ULj', 'kYz', 'ZFU']
['G2k', 'ISX', 'YNK', '3kn', 'X5a', '4Nd', 'mUL', 'a55', '1QY']
['W4L', 'XHa', 'aTI', 'X9s', 'sKX', 'hdp', 'IZQ', 'pTi', 'Wmv', 'bA6', 'FzE', '5zB']
['psG', 'LiP', 'SMj', 'iTo', 'LTB', 'X5J', 's1n', 'ZVF', 'Hi0', 'i4H', '4LY', 'HWv']
['EoI', 'iiE', '4p5', '27J', 'F9o', 'tK7', 'yLV', '0ID', 'gTC', 'mFO', 'JLF', 'BV4']
['GpL', '0gI', 'P8b', 'KGR', 'btz', 'AJT', 'gWT', 'lKO', 'b7z', 'gfv', 'BDE', 'z1H']
['8VG', '17Q', 'cmd', 'nc0', 'HvR', 'SV9', 'fFJ', 'QhQ', 'EJD', 'oZQ', 'PlJ', 'Fws']
['ptf', 'u1N', 'Z7b', 'uVg', 'jEj', 'emD', 'NyP', 'kiK', '19T', 'rz4', 'N08', 'nQv']
['etm', 'Ihb', 'dvU', 'kte', 'aZv', '5qS', 'nkl', '1uW', 'Bfu', '5jv', '8uz', '0Qs']
['Zc5', 'xpw', 'GUX', 'QDa', 'nqI', 'x86', 'Itn', '6pB', 'J8r', 'iW8', 'e6S', '9NA']
['dSZ', 'U0P', 'xqY', '69w', 'KZy', '8uu', 'MNb', 'x8V', '5i6', 'i9C', 'VAV', 'mRG']
['1aX', 'UPL', 'wgA', 'vJC', 'Ot9', 'Qtt', '2mv', 'ttO', 'xz4', 'YBr', 'uQL', '4gy']
['DoC', 'VoJ', 'AK4', 'YMC', 'dLc', 'zEh', 'mIe', 'mGb', 'XlR', 'L1u', 'MrD', '4KN']
['fQ3', 'MQT', 'b99', 'upV', 'VCH', '28R', 'eGG', 'u9Q', 'NiX', 'IU6', 'fFE', 'rmu']
['IJ1', 'a4K', 'PiG', 'tKI', 'JyM', 'XMr', 'I2i', 'TUB', 'aLB', 'bDO', 'wGp', 'ziA']
['f9z', 'U4K', 'D5B', 'WXJ', 'jWX', 'cDc', 'yAp', 'qkE', 'CYA', 'tm4', 'czy', '5n5']
['CwC', 'oSh', 'uH4', 'JYa', 'xLA', 'PqY', 'Ns3', 'AKr', 'ZxX', 'Ql9', 'Twl', 'fKV']
['blA', '70K', 'BPL', 'PoH', 'ux2', 'Fmb', 'n99', 'Ke0', 'Mvm', 'KRy', 'AHs', 'Qti']
['pf5', 'vyM', 'tEu', 'cFa', 'rYU', 'hct', 'Tn8', 'jFu', 'xxJ', '1RB', 'FbA', 'VZ7']
['NGB', 'klv', 'Qyh', 'Xim', 'Epk', 'CU9', 'iS6', 'WLk', 'Pas', 'v6U', 'dlb', 'Y2z']
['zfK', 'YUZ', 'iFt', '8j5', 'USE', 'zgJ', 'PJa', '2vJ', 'oSw', 'kT2', 'e8d', 'HkK']
['hHB', 'wqW', 'dNX', 'oak', 'lsG', 'Gu6', 'YFC', 'JVP', 'SFn', 'gE4', 'VVW', 'stN']
['qPq', '6Hl', 'mcI', 'Swe', 'W8n', 'ZQL', '4fp', '8nm', 'm5j', 'qmj', 'b9f', 'rC8']
['txp', 'VPb', 'NqO', 'c3v', '5U2', 'nQj', '2UA', 'xx7', '6sH', 'OCL', 'nRH', '81k']
['j3s', 'U0Z', 'rgC', '1gc', 'bAf', 'H68']
['tpP', 'Jgp', 'ZNv', 'sfk', 'qDy', 'gkI']
