['98', '287', '152', '110', '15', '247']
['147', '212', '191', '61', '210', '289']
['130', '237', '155', '73', '8', '264']
['116', '89', '78', '203', '159', '150']
['107', '158', '44', '258', '52', '26']
['296', '219', '115', '34', '206', '256']
['139', '293', '101', '124', '274', '254']
['181', '69', '156', '290', '92', '131']
['215', '4', '32', '48', '100', '217']
['16', '273', '47', '46', '67', '20']
['190', '280', '255', '132', '9', '270']
['145', '221', '95', '10', '224', '170']
['225', '122', '111', '96', '23', '178']
['257', '64', '14', '79', '90']
['56', '53', '204', '299', '127']
['7', '54', '72', '74', '99', '104', '108', '171', '186', '193', '226', '229', '234', '251', '281']
['3', '21', '57', '62', '76', '123', '149', '167', '182', '214', '242', '263', '265', '267', '283']
['0', '5', '6', '59', '121', '142', '148', '151', '165', '196', '199', '239', '260', '272', '279']
['1', '30', '37', '58', '166', '187', '194', '198', '223', '233', '240', '261', '266', '297', '298']
['18', '25', '29', '63', '119', '135', '137', '205', '208', '220', '222', '232', '238', '284', '288']
['12', '13', '24', '40', '70', '125', '129', '134', '160', '195', '201', '241', '253', '282', '286']
['28', '60', '65', '93', '94', '97', '120', '163', '180', '189', '216', '227', '228', '243', '262']
['38', '43', '51', '55', '71', '106', '114', '133', '136', '138', '143', '146', '179', '184', '192']
['68', '91', '105', '113', '117', '153', '202', '211', '213', '218', '235', '248', '259', '285', '294']
['11', '82', '86', '103', '157', '164', '169', '175', '177', '183', '185', '188', '236', '268', '295']
['2', '19', '49', '66', '80', '81', '84', '112', '140', '174', '176', '207', '230', '271', '275']
['17', '27', '31', '36', '45', '50', '77', '85', '126', '162', '173', '200', '231', '245', '277']
['22', '33', '35', '39', '75', '83', '88', '109', '141', '144', '154', '197', '246', '276', '291']
['128', '269', '278', '209', '118', '41', '168', '42', '252']
['292', '87', '244', '250', '249', '102', '172', '161']
