['Brandi']
['Bellanca', 'Adelheid', 'Caril', 'Addi', 'Celie', 'Andi', 'Analiese', 'Alvira', 'Bobinette', 'Carena']
['Annabela', 'David', 'Chiquia', 'Babs', 'Berri', 'Bobbie', 'Alikee', 'Carri', 'Charleen', 'Alysa']
['Chiarra', 'Blythe', 'Bernete', 'Aaren', 'Amargo', 'Alissa', 'Calida', 'Allegra', 'Casandra', 'Alverta']
['Carmine', 'Anni', 'Barbabra', 'Caralie', 'Ashlie', 'Beatrice', 'Catherine', 'Aeriel', 'Auroora', 'Betty']
['Carolyn', 'Alayne', 'Catlee', 'Allix', 'Cacilia', 'Celestyn', 'Bliss', 'Carina', 'Bill', 'Betti']
['Bettine', 'Carolina', 'Astrix', 'Annadiane', 'Abra', 'Christye', 'Adoree', 'Berni', 'Austina', 'Anthiathia']
['Betteann', 'Arliene', 'Anastasia', 'Billi', 'Carlynn', 'Brandise', 'Cody', 'Adelice', 'Bunny', 'Asia']
['Cherise', 'Anet', 'Camella', 'Antoinette', 'Christan', 'Angel', 'Bernardine', 'Charyl', 'Annabelle', 'Amanda']
['Brittaney', 'Caroljean', 'Cathrine', 'Billy', 'Ashlen', 'Avis', 'Aurelea', 'Barbaraanne', 'Calla', 'Arlene']
['Alys', 'Blancha', 'Amabel', 'Ada', 'Cal', 'Penny', 'Babbie', 'Ali', 'Alexandrina', 'Cammi']
['Annabel', 'Alie', 'Callida', 'Carlyn', 'Bess', 'Cariotta', 'Casie', 'Catriona', 'Brandea', 'Bride']
['Cammy', 'Caren', 'Berta', 'Bernadine', 'Audy', 'Cassondra', 'Athene', 'Chelsey', 'Barbra', 'Babette']
['Cheslie', 'Christabella', 'Cassy', 'Andriana', 'Carrissa', 'Ardene', 'Anica', 'Alanah', 'Ardeen', 'Cherrita']
['Aubrette', 'Anjela', 'Cherilyn', 'Alicea', 'Bridgette', 'Benita', 'Carole', 'Ara', 'Ambur', 'Alejandra']
['Bamby', 'Binni', 'Bunni', 'Aurore', 'Bibbie', 'Andrea', 'Bobbee', 'Aimil', 'Benetta', 'Angelina']
['Catie', 'Charity', 'Bonnee', 'Caryl', 'Bobby', 'Annora', 'Bobbye', 'Ashli', 'Alice', 'Brigid']
['Aveline', 'Chelsy', 'Anne', 'Caron', 'Arlina', 'Calli', 'Aili', 'Berna', 'Babara', 'Bren']
['Candis', 'Brigida', 'Christyna', 'Charlot', 'Angie', 'Cele', 'Bertine', 'Bernardina', 'Belita', 'Christel']
['Cesya', 'Carmel', 'Anastassia', 'Beverie', 'Angil', 'Agnola', 'Aile', 'Aliza', 'Arlie', 'Bethany']
['Carlye', 'April', 'Ailene', 'Bert', 'Celestine', 'Angela', 'Candra', 'Abby', 'Carmelita', 'Adorne']
['Babbette', 'Allissa', 'Ardella', 'Ardra', 'Bessy', 'Camel', 'Agatha', 'Amy', 'Athena', 'Catlaina']
['Bobette', 'Cherye', 'Brier', 'Anallese', 'Ariela', 'Barbey', 'Almeda', 'Alexi', 'Babita', 'Alexia']
['Catharine', 'Andree', 'Blanche', 'Billie', 'Charmion', 'Anabelle', 'Anatola', 'Alix', 'Cami', 'Brandy']
['Caro', 'Carlee', 'Anabal', 'Charin', 'Berty', 'Belva', 'Blinnie', 'Alisun', 'Caryn', 'Brandie']
['Bryna', 'Aubine', 'Augusta', 'Alyda', 'Annamaria', 'Christal', 'Agace', 'Annelise', 'Chanda']
