['329', '335', '42', '467', '13', '364', '151', '347', '484', '455', '22', '377', '261', '499', '482', '475', '461', '449', '445', '418', '412', '405', '399', '397', '379', '357', '348']
['299', '117', '146', '150', '409', '192', '33', '389', '330', '359', '0', '28', '99']
['310', '301', '404', '174', '134', '168', '204', '1', '86', '94', '148', '338', '350']
['391', '125', '129', '235', '298', '229', '462', '454', '46', '183', '337', '437', '375']
['131', '410', '166', '380', '447', '485', '222', '403', '448', '152', '349', '368', '220']
['452', '238', '173', '133', '48', '87', '265', '246', '34', '277', '55', '210', '308']
['442', '275', '343', '212', '334', '388', '84', '256', '283', '198', '460', '141', '119']
['398', '227', '82', '358', '378', '216', '390', '81', '203', '453', '470', '196', '441']
['36', '38', '413', '85', '78', '428', '376', '411', '217', '483', '179', '481', '471']
['446', '432', '88', '400', '143', '396', '374', '474', '276', '105', '429', '242', '340']
['70', '67', '323', '365', '195', '417', '231', '440', '332', '476', '266', '304']
['2', '3', '4', '5', '6', '7', '8', '72', '71', '73', '74', '75', '76', '77', '108', '109', '110', '111', '112', '113', '289', '288', '290', '291', '292', '293', '294', '295', '312', '311', '313', '314', '490', '489', '491', '492', '493', '494', '495', '496']
['49', '50', '51', '52', '53', '54', '57', '136', '135', '137', '138', '139', '140', '159', '158', '160', '161', '162', '163', '164', '267', '268', '269', '270', '271', '272', '381', '382', '383', '384', '385', '386', '387', '420', '419', '421', '422', '423', '424', '425']
['18', '17', '19', '58', '59', '60', '61', '62', '100', '101', '102', '103', '104', '121', '120', '122', '123', '124', '153', '154', '155', '156', '157', '188', '187', '189', '190', '191', '205', '206', '207', '208', '209', '247', '248', '249', '250', '251', '355', '356']
['10', '11', '12', '25', '26', '27', '29', '30', '31', '64', '63', '65', '66', '89', '90', '91', '92', '95', '96', '97', '98', '253', '252', '254', '255', '284', '285', '286', '287', '315', '316', '392', '393', '394', '395', '406', '434', '433', '435', '436']
['14', '15', '16', '43', '44', '45', '175', '176', '177', '180', '181', '182', '184', '185', '186', '213', '214', '215', '225', '224', '226', '305', '306', '307', '344', '345', '346', '351', '352', '360', '361', '456', '463', '464', '465', '466', '477', '478', '479', '480']
['115', '114', '116', '233', '232', '234', '259', '258', '260', '262', '263', '264', '278', '279', '280', '317', '318', '319', '321', '320', '322', '324', '325', '326', '369', '370', '371', '414', '415', '416', '443', '444', '450', '451', '457', '458', '459', '486', '487', '488']
['20', '21', '39', '40', '79', '80', '107', '106', '126', '127', '144', '145', '169', '170', '172', '171', '199', '200', '202', '201', '218', '219', '236', '237', '240', '241', '243', '244', '274', '273', '282', '281', '297', '296', '302', '303', '328', '327', '353', '354']
['68', '69', '362', '363', '366', '367', '373', '372', '401', '402', '407', '408', '427', '426', '430', '431', '438', '439', '469', '468', '472', '473', '498', '497']
['9', '23', '24', '32', '35', '37', '41', '47', '56', '83', '93', '118', '128', '130', '132', '142', '147', '149', '165', '167', '178', '193', '194', '197', '211', '221', '223', '228', '230', '239', '245', '257', '300', '309', '331', '333', '336', '339', '341', '342']
