['205', '152', '25', '1111', '353', '155', '421', '423', '368', '45', '1114', '223', '160', '245', '11', '247', '106', '456', '11121', '19', '27', '28', '40', '38', '52', '60', '56', '74', '73', '82']
['428', '420', '200', '1116', '1117', '154', '335', '286', '462', '312', '69', '452', '113', '445', '426', '208', '331', '206', '294', '90', '122', '139', '149', '148', '157', '161', '183', '189', '196', '11112']
['274', '188', '329', '166', '121', '291', '228', '173', '11116', '49', '119', '123', '36', '167', '126', '460', '135', '86', '230', '212', '217', '226', '234', '256', '260', '259', '268', '279']
['191', '454', '243', '283', '300', '1113', '18', '130', '308', '255', '241', '11125', '343', '29', '182', '11118', '93', '334']
['15', '71', '446', '16', '332', '41', '327', '435', '459', '330', '374', '214', '32', '265', '360', '11127', '156', '378']
['369', '433', '2', '70', '138', '443', '17', '114', '438', '63', '12', '266', '232', '20', '97', '48', '233', '95']
['451', '11110', '192', '224', '153', '35', '275', '273', '136', '13', '199', '440', '236', '1118', '72', '145', '261', '24']
['50', '186', '51', '333', '242', '46', '320', '11111', '366', '466', '239', '464', '4', '76', '202', '383', '78', '422']
['11115', '379', '83', '299', '44', '453', '131', '107', '390', '7', '430', '62', '96', '393', '416', '370', '124', '109']
['342', '340', '325', '356', '288', '365', '321', '100', '43', '158', '98', '387', '345', '118', '171', '21', '229', '117']
['262', '400', '140', '75', '252', '250', '402', '238', '11117', '11119', '381', '110', '88', '371', '414', '319', '270', '324']
['409', '163', '81', '389', '92', '363', '215', '120', '1115', '337', '37', '219', '359', '322', '318', '172', '357', '269']
['222', '65', '14', '413', '115', '0', '271', '313', '174', '213', '1119', '204', '290', '350', '386', '418', '244', '39']
['352', '61', '282', '277', '264', '246', '89', '399', '210', '11128', '278', '150', '301', '237', '347', '391', '144', '58']
['5', '3', '403', '405', '349', '11120', '314', '315', '317', '297', '258', '263', '197', '198', '201', '175', '176', '177', '178', '179', '180', '181', '101', '102', '103', '104', '57', '59', '11113', '11114']
['1', '447', '449', '442', '372', '373', '375', '376', '309', '310', '6', '190', '193', '194', '195', '162', '164', '165', '105', '108', '111', '77', '79', '80', '30', '31', '33', '34', '26', '1112']
['463', '465', '467', '432', '434', '436', '437', '11126', '407', '396', '397', '398', '401', '253', '254', '257', '218', '220', '221', '168', '169', '170', '141', '142', '143', '146', '64', '66', '67', '68']
['457', '458', '461', '431', '415', '417', '419', '11123', '11124', '392', '394', '395', '295', '296', '298', '284', '285', '287', '248', '249', '251', '203', '207', '209', '84', '85', '87', '53', '54', '55']
['384', '388', '361', '362', '355', '358', '348', '351', '336', '339', '303', '304', '292', '293', '276', '281', '231', '235', '225', '227', '211', '216', '185', '187', '133', '137', '8', '9', '10']
['444', '439', '410', '411', '412', '406', '346', '311', '280', '272', '267', '240', '184', '159', '147', '151', '134', '127', '128', '129', '132', '125', '112', '99', '91', '94', '42', '47', '22', '23']
['116']
['11129']
['450', '455', '448', '441', '427', '429', '424', '425', '408', '404', '385', '380', '382', '377', '367', '364', '11122', '354', '344', '338', '341', '326', '328', '323', '316', '306', '307', '302', '305', '289']
