['YTQ', 'LXJ', 'POJ', 'YYG', 'EKJ', 'GUE', 'HPV', 'KVY', 'NLS', 'NDB', 'IAM', 'SDF', 'DOT', 'ZFU', 'PME', 'WHJ', 'APD', 'GYM', 'CAO', 'WER', 'YSP', 'JZV', 'XRV', 'TUK', 'IUE']
['SMM', 'SCS', 'SFB', 'PGE', 'WCB', 'TMD', 'WTX', 'IEK', 'OCI', 'PBP', 'IQJ', 'QMI', 'YYJ', 'TWL', 'QIK', 'IKW', 'MOH', 'JXM', 'TKB', 'EQX', 'SCZ', 'FDS', 'DTU', 'AHE', 'JOQ']
['WCD', 'LWH', 'PJW', 'WJI', 'DMP', 'WDF', 'HPH', 'YKH', 'YEN', 'ZKY', 'QJK', 'GPL', 'HGD', 'KMP', 'XEN', 'NDI', 'QTQ', 'CFJ', 'NNG', 'GGA', 'PAS', 'MUO', 'BJR', 'XPW', 'MBZ']
['TQB', 'YSM', 'PYK', 'DMH', 'NLI', 'HJA', 'KLM', 'SNW', 'TFN', 'EZU', 'AJB', 'XNY', 'ASO', 'JJB', 'TLC', 'MJR', 'TBN', 'GEF', 'YKR', 'HNC', 'EBY', 'CZB', 'IPV', 'NDJ', 'BIN']
['UHU', 'IIY', 'ZNQ', 'GWT', 'FJL', 'QVI', 'UZU', 'DAW', 'DZR', 'CDZ', 'JUQ', 'HUN', 'FXX', 'LGP', 'ALI', 'POR', 'OHR', 'TFT', 'YSD', 'VMJ', 'GBL', 'QQN', 'KLV', 'ALG', 'OON']
['VAC', 'KEQ', 'NQL', 'RSG', 'HGF', 'ARM', 'BHL', 'OXU', 'FKU', 'GPH', 'RYE', 'JHO', 'SGO', 'UNW', 'VWX', 'QTJ', 'QFE', 'HQB', 'WED', 'YLS', 'EOF', 'SUQ', 'XHQ', 'TSS', 'CHA']
['WSD', 'BBZ', 'SQR', 'UOM', 'SRP', 'CCY', 'RNM', 'AIM', 'PTX', 'DWU', 'NJD', 'ZFO', 'MUL', 'CGD', 'UDD', 'GLR', 'CXP', 'XKQ', 'FWN', 'NTW', 'HXZ', 'AGI', 'EBA', 'KLZ', 'MED']
['KMD', 'TVZ', 'ZBU', 'BEQ', 'EWG', 'GUR', 'SFK', 'ALL', 'XDE', 'CUZ', 'WUI', 'LTC', 'VFV', 'MLH', 'WZL', 'MVB', 'EEA', 'OLD', 'XQI', 'CNU', 'UIO', 'GUN', 'QLI', 'CYA', 'WYK']
['NGH', 'MVS', 'FHI', 'NOP', 'VQR', 'YKF', 'DTW', 'NUG', 'ACP', 'RJS', 'WLU', 'ODG', 'PDU', 'YYC', 'KZQ', 'MUV', 'LOQ', 'XOE', 'IKN', 'LZI', 'KAJ', 'HIG', 'SGT', 'YVQ', 'KJN']
['IYD', 'NXU', 'PKK', 'PON', 'IPY', 'OII', 'QBJ', 'YUG', 'MIN', 'AUL', 'ARV', 'NSI', 'OZT', 'DRX', 'FOD', 'QEP', 'XVF', 'UCH', 'DTS', 'PMO', 'SQS', 'ZFK', 'PAX', 'GUT', 'TQM']
['CEY', 'RSJ', 'ITN', 'MSC', 'LZP', 'JZA', 'VMW', 'BCI', 'ZGL', 'RYA', 'FUR', 'LJA', 'CJB', 'SNS', 'DHT', 'ESU', 'DCZ', 'CGQ', 'MMS', 'GGM', 'WWL', 'QZB', 'BFH', 'RUP', 'FXH']
['HTW', 'TFQ', 'JXZ', 'XIY', 'IPK', 'ELO', 'ZQN', 'MLN', 'SDH', 'GFL', 'YWW', 'YER', 'SFJ', 'FWB', 'FEV', 'JII', 'TBT', 'VWR', 'VRD', 'MNB', 'QAM', 'YYU', 'WMY', 'JDC', 'HYW']
['FPT', 'UHE', 'MYN', 'MSE', 'DJA', 'PIL', 'FTI', 'VZX', 'SYQ', 'UMO', 'SNM', 'LUT', 'VFM', 'EDD', 'POC', 'YDL', 'PCL', 'TVY', 'QTR', 'DYU', 'DXK', 'SRB', 'RKH', 'KXZ', 'RNU']
['FTE', 'NFI', 'IKB', 'VCY', 'HZF', 'CFP', 'VXB', 'SAQ', 'FXI', 'NWB', 'ROL', 'YDT', 'GSB', 'WIF', 'LBW', 'JTZ', 'DNE', 'AWX', 'YNR', 'ZJU', 'TGW', 'ZCY', 'IPG', 'RUR', 'BTJ']
['CDW', 'BLK', 'KUO', 'LMU', 'ZBF', 'PVQ', 'YKQ', 'XEO', 'FCU', 'EDP', 'LHQ', 'NHA', 'ABC', 'QNG', 'MZP', 'JWQ', 'UEN', 'IFO', 'YTR', 'QIB', 'ONX', 'ECG', 'CIH', 'GUQ', 'IDJ']
['FMU', 'FOW', 'AYK', 'DFW', 'AYJ', 'TGH', 'BDX', 'TDJ', 'VYF', 'NPS', 'PVS', 'HMT', 'FTL', 'RIX', 'EBB', 'FJH', 'OFJ', 'XVQ', 'KLS', 'RYT', 'SUP', 'IUY', 'SFD', 'VTH', 'PGO']
['LZE', 'EUK', 'INO', 'DAT', 'UTL', 'IYH', 'QDB', 'OEN', 'UZY', 'EPR', 'SCX', 'JKL', 'XJW', 'RIA', 'DMN', 'NXI', 'MIE', 'WWT', 'SUT', 'UFK', 'KSW', 'FQC', 'KVD', 'ZIT', 'MWQ']
['CHR', 'EAA', 'KNO', 'ULP', 'THJ', 'KNZ', 'FWA', 'QRE', 'GMF', 'PZA', 'RXD', 'AZD', 'AQN', 'QLH', 'KDV', 'HCD', 'JMT', 'HHK', 'FPR', 'ELJ', 'HXF', 'XCX', 'JZY', 'AMV', 'IIT']
['RKO', 'RDG', 'BCW', 'QCJ', 'JSL', 'CRF', 'ZCF', 'BRY', 'BZI', 'UKF', 'ACJ', 'YPX', 'JME', 'YAR', 'IFU', 'UKO', 'ZPA', 'OVZ', 'UGW', 'XFW', 'YOA', 'MAC', 'RZW', 'LHD', 'GXJ']
['HBC', 'FCJ', 'TMR', 'JGS', 'ZRO', 'NGI', 'PAU', 'QYA', 'YHX', 'XWK', 'MCI', 'WGY', 'RBJ', 'IDO', 'FSW', 'LLX', 'MJV', 'SCK', 'JMO', 'XXQ', 'WKY', 'LWA', 'JVR', 'WJS', 'GGP']
