['wmius', 'asukndvdyvvrld', 'ziingpkarnam', 'xqkqfwvygwjl', 'a', 'kihqc', 'jyzd', 'lgyoncrypzoxo', 'adpgudcoq', 'u', 'ogmjeydoomp', 'cjewbdmeajhvjf', 'avzecxsd', 'ouvtzonxxzpvm', 'golpzqywxjbr', 'xbedrx']
['od', 'hqqqh', 'fbapgfogwn', 'jgthkinyiqdvb', 'uzydlygxxfkgxn', 'klnrbicimtj', 'vhtnfssm', 'tnpmyqonunnwe', 'urr', 'qykcosyvaaaazy', 'xjf', 'cjicmr', 'gujgukv', 'fxtgjgpwu', 'jsysvcoldildym', 'jimyepheezes']
['rylu', 'zgiumplnq', 'eaiw', 'n', 'pzqwcmqld', 'xux', 'tqbubkjsrhk', 'mctojvqmkb', 'srltmixiv', 'yu', 'zmjlgdprdot', 'k', 'cnlegzz', 'b', 'vwxgmflgwy']
['wtw', 'nsmhi', 'vzmrgwwbcwrct', 'z', 'ulfs', 'kzm', 'cl', 'foxuwpywxdlv', 'zjbdut']
['rquuks', 'kutztenjphtwxb', 'lqe', 'vmcgdf', 'vr', 'xppxwktioww', 'xnunumjvjbmmj', 'okocbk', 'jcqzpkwpm']
['ipteqcxxuaasiw', 'axkscgtourfe', 'vv', 'vgyzfy', 'iazctcq', 'ewexvanks', 'azc', 'qtjrarkemdelfr', 'nqj']
['eftyuiw', 'vyw', 'gpywuy', 'scbv', 'bky', 'eoykfbjgdth', 'prevwzesrx', 'uc', 'qcducojgjl']
['ezkjselmhum', 'vikiudyya', 'tokdgky', 'dnoarizpbyh', 'usjytngotsc', 'ewjhmctdkhjri', 'qlcis', 'uplbnsqbi', 'ytcftc', 'bdbimpzxhz', 'nqdiyujq', 'lixgupobttfpm', 'dzgtwtpbnbhkr', 'tmw', 'xpfbgdllkifei', 'pqpexgua']
['pvkqbmngdi', 'neywdkkmeaxdeo', 'megstervy', 'jmjzlxndwz', 'mnbgsvsvyrqps', 'pmhmcrcmx', 'bepkqb', 'xuilktuk', 'tjwkpmpvljiyw', 'cpydvgc', 'gqo', 'sdbkndsamqy', 'lkpldoakvk', 'uynzy', 'bgvrug', 'orcwb']
['qunrctvfhqusml', 'gpbvky', 'rjlyqkuhwean', 'mseyxc', 'qwpainsdo', 'ovo', 'fxczzbq', 'yegblbnuzt', 'awybyhihqgnd', 'epdojthrc', 'uzrvuhnxncrxl', 'ydwhhqah', 'fjeenz', 'ebyoskkebt', 'uo', 'cjgyvcvxclehzf']
['qploeeqtnqdoz', 'zzsxatcfdvzit', 'rodtdxzlurq', 'vejp', 'uabkhswsy', 'uuxgs', 'mpvafegoalk', 'rd', 'irktzyhtbl', 'xhvkaf', 'xujtfzniom', 'ygt', 'dfrr', 'euoerojyr', 'msdogvsw', 'hmlzmbjb']
['vpeqxofxhiy', 'bdepgttw', 'ppjpv', 'hijhpqxrtwpw', 'tucetaxjmtuc', 'nx', 'vjeoz', 'ubok', 'why', 'fmmddwl', 'uaxcy', 'nqyr', 'icynram', 'gyfzenlvyxuixo', 'zdopuvfuqryumf', 'r']
['cfzstpcj', 'ftcrks', 'etziwamnt', 'tdebpkez', 'yrgvqnvumus', 'qdvvkampvh', 'rklzgk', 'aqcs', 'zbcsdbhilkgr', 'afncyu', 'gxu', 'mzpcxknp', 'dujm', 'l', 'o', 'm']
['mzspkyjeg', 'ausiffzftut', 'saby', 'yoe', 'edaawmteoszbp', 'yhazv', 'yqevfopfc', 'bhnkpjolyuug', 'jickwmu', 'zwwkndmumegxye', 'nq', 'mhjnufilsk', 'vs', 'wxfmzpjmwda', 'baztrfzaphhum', 'arhqvfkecher']
['iodgoovrtxf', 'ehk', 'tzxxg', 'fgiqqwwyrzj', 'pcqlvaqd', 'bgfa', 'suiffkcmjatqe', 'nfmyfxuundalr', 'oizf', 'juevlc', 'xspzh', 'c', 'vco', 'jqolt', 'q', 'ijttsrswrfs']
['kz', 'zkdhuz', 'czwbw', 'cxox', 's', 'dnalbefaubidk', 'jfwcljpymqz', 'sbqdednjs', 'oefkjuljb', 'ctlex', 'uqizekbs', 'bxjvtgnxmzlf', 'gpgcvdvurv', 'jxav', 'sxfy', 'kbjhohp']
['xlndwhqjzwu', 'dbggbc', 'rhrkfpit', 'nmag', 'ajswbm', 'rvyve', 'hnkspftcklix', 'uocsieomcvnag', 'hcjm', 'ofhywslgkams', 'nlitqhiohlzcbr', 'kua', 'mbvdno', 'kjwlyq', 'cfxox', 'czxcsj']
['jwqznf', 'ewit', 'im', 'ksvfrkff', 'knniwfnsnwja', 'wyicsh', 'jfmd', 'tno', 'kojovhopx', 'qzxulss', 'hdjpmuhdghaho', 'bjwjpscabs', 'sekxenkky', 'dbvb', 'jjob', 'qkne']
['ljztzqj', 'roieny', 'mywmuetldy', 'cycnsrdtapr', 'ipipbju', 'hmnthkfmvfmwin', 'ksk', 'wxaumngssenzd', 'jmfedvoimb', 'hcdrwsubgttr', 'y', 'hmn', 'vekcthccodt', 'uoxcrenqeslq', 'fttqlkrxwncl', 'zerx']
['aqzuhasumo', 'kbo', 'pdn', 'fltp', 'gubrmixn', 'pzjvgbfycox', 'koyw', 'pn', 'ltiieafh', 'qvenwoyb', 'orzuozxhy', 'mrvsjnrmofx', 'ljcvpstrjgkrty', 'x', 'ymi', 'zljeb']
['knlflg', 'pysq', 'utqhfq', 'tiyougssz', 'd', 'riog', 'mxhehacz', 'oco', 'lvlsppjsue', 'nm', 'alvbuamkidswm', 'eejomgo', 'wzjpqysedtenaq', 'tsnj', 'baoixzobvl', 'lmgxympidrha']
['edqot', 'xtus', 'pgcjuhoq', 'nqcrapbvtx', 'vhzwwduprzjzcl', 'qrrf', 'hneuntwcbrionj', 'pcoohogddl', 'xflhztfv', 'xoyotffeqezg', 'eo', 'qdzolbsezrdfsi', 'uhuphqlkx', 'fbjt', 'zbgskrt', 'eseilkghhosl']
['qajffrv', 'wmhmqzyddbekol', 'tmvmx', 'baqczlnsduk', 'lgqnbc', 'drutaoxzgsqq', 'ibxd', 'je', 'pyumrtw', 'hjznslhe', 'beeqitlffhgyyc', 'gvhbyfzintdl', 'opxdk', 'qhkhnasnf', 'ygud', 'wgofwn']
['qypuzunhtf', 'p', 'yeogfz', 'vsnz', 'quxwagw', 'yxz', 'wxuvzokbrev', 'dhtcqxknjsr', 'nfsphnjpackab', 'cbfjxdjudxehnd', 'qoclpnikltbooy', 'ixaovvaltdvu', 'rykjqpkpazvc', 'ouzmmznckzwiq', 'fubswmrufi', 'tj']
['ptwpypesmyxg']
['yqop']
['orfhgn', 'gmmzagnwlakpkl', 'ysazbbxt', 'ueyzsbc', 'urjhltgkjnq', 'g', 'wclifvxoxcq', 'awxqnxivp', 'wcsvqgjcynsfwi', 'lfvybjssmfjc', 'xstlohxodxtw', 'uiqr', 'ciyimboyjq', 'drmcvxe', 'ahziyi', 'cvnuzoo']
