['105', '127', '300', '213', '147', '484', '466', '413', '389', '379', '358', '345', '330']
['187', '84', '136', '485', '253']
['164', '86', '51', '352', '448']
['487', '234', '368', '212', '367']
['275', '371', '146', '425', '301']
['291', '124', '313', '398', '2']
['492', '342', '449', '77', '172']
['11', '390', '20', '430', '193']
['477', '211', '470', '214', '386']
['37', '402', '188', '60', '296']
['350', '452', '140', '322', '192']
['218', '369', '57', '52', '144']
['469', '109', '434', '92', '209']
['207', '27', '162', '384', '178']
['277', '410', '336', '362', '473']
['317', '235', '175', '200', '230']
['377', '69', '66', '6', '391']
['111', '232', '431', '185', '486']
['373', '436', '103', '407']
['495', '70', '378', '348']
['62', '259', '1', '460']
['94', '156', '180', '271']
['424', '246', '73', '104']
['195', '82', '194', '421']
['476', '297', '244', '126']
['334', '165', '474', '17']
['418', '131', '100', '411']
['183', '248', '307', '480']
['260', '482', '141', '205']
['309', '468', '304', '374']
['287', '202', '494', '0']
['289', '478', '158', '357']
['9', '41', '72', '95', '101', '119', '138', '154', '208', '245', '269', '288', '308', '311', '354', '372', '401', '403', '442', '463']
['7', '13', '15', '18', '28', '44', '113', '123', '143', '150', '196', '210', '231', '240', '254', '268', '343', '397', '399', '483']
['8', '25', '55', '120', '145', '157', '199', '217', '242', '251', '252', '278', '279', '284', '285', '294', '319', '408', '417', '445']
['74', '78', '108', '128', '148', '151', '161', '169', '190', '198', '206', '302', '339', '355', '365', '381', '396', '471', '496', '499']
['21', '43', '49', '65', '83', '90', '174', '176', '182', '249', '272', '276', '306', '312', '329', '344', '347', '375', '376', '455']
['26', '30', '35', '50', '71', '89', '159', '223', '270', '310', '335', '349', '359', '363', '383', '415', '454', '456', '479', '481']
['12', '68', '106', '133', '160', '167', '173', '221', '229', '241', '261', '266', '314', '321', '366', '432', '440', '467', '475', '498']
['19', '36', '58', '93', '112', '139', '142', '191', '280', '292', '315', '337', '341', '346', '395', '423', '435', '444', '457', '489']
['33', '56', '61', '75', '117', '125', '129', '134', '152', '204', '226', '233', '264', '328', '380', '438', '447', '464', '490', '493']
['31', '98', '102', '116', '137', '166', '171', '177', '179', '181', '189', '219', '236', '237', '243', '393', '394', '414', '453', '488']
['23', '24', '32', '40', '76', '81', '115', '153', '197', '238', '265', '283', '295', '305', '338', '370', '433', '446', '458', '497']
['10', '16', '34', '59', '64', '80', '135', '282', '286', '299', '326', '332', '340', '364', '385', '437', '439', '450', '461', '465']
['3', '14', '29', '54', '63', '96', '132', '201', '247', '263', '273', '290', '382', '388', '392', '406', '412', '420', '443', '491']
['42', '46', '47', '67', '88', '91', '155', '163', '170', '222', '224', '225', '250', '262', '316', '324', '333', '404', '426', '441']
['38', '97', '118', '122', '168', '186', '228', '258', '274', '281', '303', '331', '356', '387', '400', '409', '416', '451', '459', '462']
['5', '22', '39', '53', '87', '99', '107', '203', '216', '227', '256', '267', '320', '351', '353', '360', '361', '405', '419', '428']
['114', '239', '422', '427', '429', '472']
['4', '45', '48', '79', '85', '110', '121', '130', '149', '184', '215', '220', '255', '257', '293', '298', '318', '323', '325', '327']
