['201', '280', '245', '221']
['302', '134', '148', '267']
['170', '132', '124', '67']
['164', '126', '300', '205']
['246', '86', '121']
['204', '195', '50']
['0', '5', '14', '74', '82', '99', '117', '135', '171', '200', '218', '227', '234', '238', '286', '299', '304', '308']
['13', '20', '68', '70', '114', '140', '143', '173', '202', '206', '209', '214', '247', '252', '266', '276', '279', '289']
['15', '37', '78', '108', '113', '154', '160', '165', '169', '182', '187', '236', '242', '243', '248', '260', '264', '287']
['34', '42', '60', '83', '87', '88', '95', '103', '142', '151', '184', '194', '208', '232', '261', '277', '296', '306']
['8', '10', '26', '28', '33', '55', '61', '163', '172', '226', '230', '231', '255', '262', '288', '295', '301', '303']
['22', '24', '27', '44', '62', '92', '96', '98', '111', '146', '177', '192', '217', '225', '233', '237', '249', '250']
['4', '23', '29', '32', '35', '47', '51', '71', '85', '93', '141', '191', '241', '244', '257', '284', '294', '307']
['3', '49', '58', '65', '97', '110', '112', '130', '149', '155', '158', '212', '222', '239', '271', '283', '291', '305']
['52', '57', '116', '153', '179', '183', '186', '211', '215', '228', '235', '258', '259', '265', '270', '275', '309', '310']
['2', '41', '69', '90', '102', '104', '120', '145', '156', '174', '181', '193', '223', '229', '256', '281', '293', '313']
['1', '11', '18', '43', '91', '138', '139', '167', '168', '190', '220', '240', '254', '268', '272', '278', '285', '297']
['9', '16', '17', '25', '30', '38', '53', '59', '75', '76', '109', '133', '175', '178', '188', '189', '198', '298']
['12', '39', '45', '66', '72', '80', '81', '101', '106', '137', '157', '196', '199', '207', '213', '251', '273', '312']
['7', '21', '48', '64', '79', '105', '119', '123', '127', '166', '180', '197', '203', '210', '219', '274', '282', '311']
['19', '36', '46', '56', '94', '100', '107', '115', '147', '150', '152', '159', '161', '162', '185', '224', '253', '263']
['31', '54', '63', '73', '77', '84', '89', '118', '122', '125', '128', '129', '131', '176', '216', '269']
['144', '290', '136', '40', '292', '6']
