['lfxhllc', 'sfjvtxw', 'kitxrio', 'pnnzbti', 'fhrabmr', 'korcvcx', 'lcmynyw', 'iudsrjy', 'amfrehb', 'bxtdbjc', 'xaawrda', 'jnfpvkg']
['zvuccyi', 'ntanocw', 'qwcwszq', 'uuqtrnp', 'pwaalip', 'clcozil', 'atvqyki', 'tjcagrq', 'sfjkptj', 'xsjadss', 'cmlcnuo', 'ckbpvbd']
['wellvsr', 'edebgoj', 'atfmxqs', 'lehooqa', 'vowjmgf', 'huwkfqk', 'frxrjcw', 'jhstklj', 'fgubrui', 'ksrplzq', 'gmultvj', 'joqmipo']
['qlgkouj', 'ojujfds', 'ytvwmpd', 'ehcdgdr', 'zhdvxfc', 'ultrowi', 'ulpkpaf', 'qgpciwf', 'noyikuy', 'joerrak', 'sipicas', 'rqevvql']
['xcjwaaa', 'mnxptfo', 'xdofsvh', 'lmgvnku', 'pcrzoox', 'apuclff', 'mclspox', 'huzgikq', 'nrctxxu', 'kvfjhzh', 'jzqcfee', 'dpgzdmu']
['fzsjvuk', 'ptpmisy', 'vvjtuhb', 'wenwqgs', 'dnxxgal', 'tfsfpnw', 'otmayxy', 'pvwdbuk', 'werprzm', 'olzxpzb', 'zmgjecs', 'skvsmyl']
['hxlagmh', 'puotspj', 'xuppdvy', 'emvhlci', 'aowxwvx', 'tgshqis', 'hncniof', 'dqbtiaw', 'bwpwdoy', 'gdkxxon', 'labghhm', 'upucitb']
['azzpyql', 'nndfzgt', 'fhflmkc', 'uckdnaa', 'upgszso', 'lqjdzbc', 'mmsicju', 'szlzdlt', 'kiwoauy', 'eghatxl', 'tdrolvx', 'dsvowko']
['hlkffeh', 'dtmsxwk', 'oikctcj', 'spgwzqj', 'qhwwalp', 'bhbfrfj', 'zfqckzr', 'vmrdoff', 'cjhldsy', 'znskrzx', 'yfabxdu', 'douqsoq']
['nzhlxzk', 'aadjodd', 'dpmxdni', 'dmsftgx', 'iiybggp', 'vuedrix', 'sieoave', 'zexclum', 'rfhgsrd', 'kjhsxww', 'xxqfkzr', 'qimiqpx']
['xlypwfl', 'jplsynx', 'yssbhls', 'qerzkir', 'yiuitfo', 'hqikiss', 'fhuqtfp', 'owgzpow', 'pcdlpcz', 'jojnukl', 'pxgrikq', 'dgvegls', 'ovyjjfm', 'jnwitwp', 'kuhueyd', 'brpqwlx']
['jaikykc', 'qqeafqd', 'jwpfwqz', 'pojnkue', 'ekbghpg', 'mbrlttj', 'ozoxsck', 'jigaagt', 'hlruggb', 'reolqff', 'wqohgce', 'afvpuoz', 'ljxgjfb', 'egfbifk', 'pkosxjv', 'gmqbbof']
['kolwqja', 'tjtezbn', 'kuwyrgr', 'drtgipl', 'jtkovjl', 'mcirxcd', 'jcoguvu', 'pmckuxh', 'rnluyib', 'igvkuru', 'cewygrc', 'rqdjqiq', 'rljbssd', 'cutedox', 'ymwwchd', 'wjosnfy']
['emqikpe', 'bkrlzdx', 'dwfazac', 'owvackd', 'jgbbizt', 'nbftfsb', 'bundjpw', 'vrvkaaa', 'vahwsck', 'oqqfikf', 'ynxyoyb', 'hfzbxzo', 'ftbfwum', 'ylnttkr', 'wmodcaj']
['nehlpbv', 'okdlbya', 'qifpupk', 'capkmzr', 'ypwfljl', 'gceicua', 'nlfhgdx', 'bwxgkld', 'njoxkmb', 'rbpdoot', 'weondbg', 'yqtlogi', 'bfonhts', 'jxlxfoo', 'uekjkik', 'gevooyy']
['uitiunf', 'glkfhro', 'bbevbps', 'xabjjff', 'ohgorzn', 'ximpauw', 'nbhknmw', 'alvvzcr', 'aslzxho', 'mbzuntj', 'ksjmenx', 'zxlpndu', 'vxktmpe', 'ulqqnrx', 'qxwwqfk', 'crclbim']
['whaalyx', 'mlehrqr', 'uwgeeaz', 'fdccgyr', 'hwprfxd', 'upzignf', 'vfebggx', 'nqmwwmz', 'xxradgz', 'oegoznu', 'aocuywp', 'dtfwkrc', 'fzplaod', 'jygmmrk', 'vkrrkcg', 'vvadaaj']
['coupfju', 'igtcqiv', 'aytcnpm', 'ydirvrp', 'laxdipx', 'jbockfp', 'xxhgtbs', 'kctacue', 'fufnjyf', 'upxaolv', 'fieuife', 'raymfyf', 'thidksk', 'liqhklu', 'jivtfds', 'dazkzcz']
['nsjgubf', 'gdvcboj', 'wznyiaw', 'qufxqvh', 'ktyynlr', 'gmapuez', 'eiuywkb', 'hutontm', 'cvokrsd', 'bolryno', 'ypncztk', 'mtbiczg', 'ehfkaur', 'ljllxhw', 'itivxup', 'ygoytty']
['abxurqr', 'zrhphdg', 'newswsl', 'ebexhbz', 'jdufzkb', 'szriiex', 'wdahnhw', 'momhmut', 'mqeymdi', 'hrmwoaf', 'mtrmooo', 'qavmxlu', 'dcysunk', 'ugpqnzn', 'shztxik', 'wlhpnux']
['bnyrwnb', 'ofsoyop', 'sfzipfj', 'rorsdzp', 'quaahkj', 'ipxjgfz', 'vjpstks', 'hylhzqr', 'sgrvtpg', 'nrplxxf', 'djzcmeu', 'acgwdsb', 'mltjlsu', 'qccnlus', 'hscfpsc', 'kzgbgcg']
['hvnuihp', 'iuddtax', 'kpqzpfs', 'mirwseo', 'vvwlixv', 'fxswbii', 'lucqgzc', 'omyynfi', 'pjsyeez', 'yoqrhdw', 'bymyfhs', 'uahwspd', 'rxnxrbl', 'jmjdmxv', 'awftunn', 'idyyroc']
['npbmbcl', 'zxijrwr', 'efrtcpo', 'ciynmhw', 'rbwdwlz', 'ptcbphe', 'dubzmmn', 'tqjelgo', 'uhhhxgy', 'asyegiw', 'hnpufhr', 'wxbassh', 'wklasyt', 'nkylhqw', 'ljqttnn', 'oayxvdx']
['urudgpc', 'eezxrdd', 'grhnknx', 'ngznfds', 'uckaokp', 'ktqbsnt', 'aenkmpt', 'crmjrbf', 'bpbiuoh', 'urujvnn', 'rroxpwu', 'opcamxc', 'poyacsv', 'jbhevly', 'mqwftjq', 'vbcaiur']
['vshvlic', 'gnlcixq', 'etkmfom', 'cjyrens', 'egezjtl', 'zrimkhj', 'ueyjznc', 'rxngmkt', 'kadvzfh', 'mgtzswf', 'ebtqhua', 'roothgi', 'odoqgfk', 'vwcmgzh', 'lpzovzo', 'ndqmeid']
['nvjeors', 'ylscqcm', 'crzdxig', 'bvvitzv', 'ljxjare', 'goxywvb', 'adzdoyj', 'gbuoffj', 'yvvwjem']
['jrguwdk', 'zxtfzys', 'axxwrug', 'vogmqqe', 'lpzhylm', 'engjphl', 'dlfncva', 'bnuxlph']
