['Crystal', 'Amy', 'Chelsey', 'Emilie', 'Karina', 'Aubrey', 'Mya', 'Rhiannon', 'Dakota', 'Erin']
['Adrienne', 'Mckenna', 'Perla', 'Lindsey', 'Kali', 'Zoe', 'Kaitlynn', 'Elena', 'Jessie', 'Yasmine']
['Karla', 'Alana', 'Leslie', 'Alicia', 'Tayler', 'Hallie', 'Denise', 'Tianna', 'Melissa', 'Andrea']
['Britney', 'Annie', 'Carlie', 'Haylee', 'Carley', 'Logan', 'Linda', 'Cecilia', 'Adrianna', 'Annabelle']
['Heidi', 'Kamryn', 'Melina', 'Gianna', 'Ashlyn', 'Hayley', 'Carmen', 'Precious', 'Kierra', 'Elisabeth']
['Jayden', 'Malia', 'Sonia', 'Genevieve', 'Kenya', 'Julianne', 'Lorena', 'Aileen', 'Chyna', 'Esperanza']
['Angelique', 'Regan', 'Irene', 'Johanna', 'Janae', 'Sasha', 'Paulina', 'Mayra', 'Zaria', 'Skye']
['Katrina', 'Jazmine', 'Joanna', 'Tara', 'Juliana', 'Genesis', 'Julianna', 'Skyler', 'Elise', 'Kirsten']
['Amber', 'Madeline', 'Faith', 'Makayla', 'Mariah', 'Autumn', 'Claire', 'Leah', 'Valerie', 'Avery']
['Raven', 'Christine', 'Kristina', 'Asia', 'Nina', 'Jazmin', 'Patricia', 'Rachael', 'Katelynn', 'Cierra']
['Tia', 'Krista', 'Carissa', 'Theresa', 'Tamara', 'Tatum', 'Susan', 'Alayna', 'Bailee', 'Maddison']
['Jordyn', 'Kendra', 'Amaya', 'Kylee', 'Maggie', 'Delaney', 'Guadalupe', 'Nadia', 'Tessa', 'Carolina']
['Reagan', 'Aliyah', 'Charlotte', 'Lisa', 'Anne', 'Helen', 'Tiana', 'Cassie', 'Kayleigh', 'Gina']
['Ana', 'Angelica', 'Daisy', 'Hope', 'Lydia', 'Felicity', 'Tyra', 'Taryn', 'Joy', 'Pamela']
['Rosa', 'Destinee', 'Josie', 'Katlyn', 'Esther', 'Georgia', 'Litzy', 'Tatyana', 'Brandy', 'Francesca']
['Madelyn', 'Adriana', 'Lillian', 'Mckenzie', 'Meghan', 'Clare', 'Eliana', 'Eve', 'Sydnee', 'Arielle']
['Daniela', 'Angelina', 'Kaitlin', 'Kasey', 'Ashlynn', 'Brandi', 'Lesly', 'Allie', 'Cara', 'Marisol']
['Jade', 'Gabriela', 'Jillian', 'Heather', 'Kiana', 'Makenna', 'Madeleine', 'Natasha', 'Kassandra', 'Mercedes']
['Cassidy', 'Ariana', 'Maya', 'Melanie', 'Brooklyn', 'Ava', 'Naomi', 'Tabitha', 'Lucy', 'Gillian']
['Nia', 'Anastasia', 'Brenna', 'Kassidy', 'Ashlee', 'Macie', 'Sage', 'Lucia', 'Ann', 'Nichole']
['Baylee', 'Teresa', 'Ruth', 'Julissa', 'Marie', 'Eleanor', 'Tiara', 'Kaylie', 'Mikaela', 'Hailee']
['Mary', 'Jordan', 'Carly', 'Rebekah', 'Alejandra', 'Amelia', 'Serena', 'Savanna', 'Mallory', 'April']
['Kathryn', 'Mia', 'Isabel', 'Virginia', 'Gisselle', 'Cheyanne', 'Layla', 'Zoey', 'Iris', 'Kaleigh']
['Danielle', 'Brooke', 'Michelle', 'Katie', 'Cheyenne', 'Cassandra', 'Kylie', 'Diana', 'Angie', 'Elaina']
['Gabrielle', 'Sierra', 'Katelyn', 'Kimberly', 'Vanessa', 'Kelli', 'Madelynn', 'Breana']
['Jacqueline', 'Paige', 'Christina', 'Trinity', 'Angela', 'Briana', 'Jada', 'Aurora', 'Alma', 'Chasity']
['Kelsey', 'Alexandria', 'Sabrina', 'Mikayla', 'Kelly', 'Holly', 'Jasmin', 'Selena', 'Paola', 'Clarissa']
['Angel', 'Kennedy', 'Veronica', 'Isabelle', 'Brittney', 'Evelyn', 'Jamie', 'Peyton', 'Hanna', 'Brenda']
['Lindsay', 'Camryn', 'Ariel', 'Casey', 'Giselle', 'Ruby', 'Ella', 'Kelsie', 'Kiersten', 'Kiera']
['Sara', 'Jenna', 'Gabriella', 'Erica', 'Yesenia', 'Alexus', 'Tatiana', 'Dominique', 'Jayla', 'Tori']
['Alissa', 'Ciara', 'Josephine', 'Shania', 'Kira', 'Jayda', 'Phoebe', 'Halle', 'Athena', 'Shyanne']
['Rose', 'Imani', 'Kailey', 'Carolyn', 'Dana', 'Shayla', 'Brooklynn', 'Elisa', 'Devin']
['Whitney', 'Celeste', 'Ashleigh', 'Heaven', 'Krystal', 'Gloria', 'Jenny', 'Renee', 'Lexi', 'Annika']
['Camille', 'Bridget', 'Priscilla', 'Monique', 'Jacquelyn', 'Daniella', 'Lizbeth', 'Talia', 'Eliza', 'Harley']
['Kathleen', 'Melody', 'Alisha', 'Hunter', 'Lesley', 'Serenity', 'Karissa', 'Tania', 'Alyson', 'Kaila']
['Shelby', 'Caitlin', 'Caitlyn', 'Jocelyn', 'Arianna', 'Kiara', 'Riley', 'Skylar', 'Marilyn', 'Barbara']
['Marissa', 'Catherine', 'Chelsea', 'Summer', 'Monica', 'Bianca', 'Julie', 'Esmeralda', 'Piper', 'Marlene']
['Liliana', 'Deanna', 'Cristina', 'Raquel', 'Marina', 'Meagan', 'Ellie', 'Anahi', 'Lilly', 'Jane']
['Claudia', 'Abby', 'Jaqueline', 'Vivian', 'Kaylin', 'Ellen', 'Madisyn', 'Colleen', 'Regina', 'Cristal']
['Bailey', 'Kaylee', 'Margaret', 'Audrey', 'Sophie', 'Alexia', 'Charity', 'Fiona', 'Emely', 'Alina']
['Breanna', 'Laura', 'Lauryn', 'Kyla', 'Eva', 'Callie', 'Abbey', 'Madyson', 'Sylvia', 'Macey']
['Alexa', 'Payton', 'Alison', 'Haleigh', 'Viviana', 'Sharon', 'Alice', 'Jaclyn', 'Amari', 'Kaley']
['Makenzie']
['Courtney', 'Alondra', 'Kendall', 'Fatima', 'Allyson', 'Sadie', 'Lacey', 'Carla', 'Felicia', 'Kailee']
['Michaela']
['Sofia', 'Bryanna']
['Miranda', 'Diamond']
['Kristen', 'Cynthia']
['Natalia', 'Janelle']
['Bethany', 'Cameron']
