['378', '148', '396', '325', '265']
['339', '359']
['261', '289']
['326', '393']
['279', '217']
['352', '201']
['142', '257']
['384', '9']
['181', '107']
['268', '248']
['93', '121']
['124', '70']
['309', '18']
['113']
['284']
['388']
['101']
['33']
['189']
['25']
['306']
['228']
['158']
['242']
['77']
['40']
['233']
['316']
['368']
['64']
['227']
['45']
['174']
['85']
['197']
['20']
['29']
['165']
['347']
['361']
['36']
['134']
['177']
['329']
['312']
['48']
['299']
['146']
['208']
['5']
['59']
['157', '159', '243', '244', '245', '246', '247']
['127', '128', '129', '130', '131', '135', '139']
['188', '191', '371', '372', '373', '374', '375']
['76', '78', '79', '168', '169', '170', '171']
['264', '267', '271', '272', '273', '274', '275']
['83', '84', '86', '87', '209', '210', '211']
['116', '117', '118', '119', '120', '122', '123']
['376', '377', '379', '380', '381', '382', '383']
['249', '250', '251', '252', '253', '254', '255']
['52', '53', '54', '55', '92', '94', '95']
['72', '73', '74', '75', '220', '221', '223']
['204', '205', '206', '292', '293', '294', '295']
['152', '153', '154', '155', '397', '398', '399']
['180', '182', '183', '236', '237', '238', '239']
['300', '301', '302', '332', '333', '334', '335']
['0', '1', '2', '3', '196', '198', '199']
['16', '17', '19', '60', '61', '62', '63']
['12', '13', '14', '15', '96', '98', '99']
['212', '213', '214', '215', '364', '365', '366']
['108', '109', '110', '348', '349', '350', '351']
['160', '161', '162', '163', '164', '166', '167']
['37', '38', '39', '280', '281', '282', '283']
['32', '34', '35', '308', '310', '311', '315']
['41', '42', '43', '44', '46', '47', '51']
['88', '89', '90', '91', '184', '185', '186']
['389', '390', '391', '392', '394', '395']
['320', '321', '322', '323', '324', '327', '331']
['149', '150', '151', '192', '193', '194', '195']
['68', '69', '71', '340', '341', '342', '343']
['4', '6', '7', '140', '141', '143', '147']
['175', '176', '178', '179', '260', '262', '263']
['235', '285', '286', '287', '288', '290', '291']
['27', '28', '30', '31', '112', '114', '115']
['200', '202', '203', '303', '304', '305', '307']
['8', '10', '11', '21', '22', '23']
['67', '100', '102', '103', '104', '105', '106']
['56', '57', '58', '224', '225', '226', '362']
['218', '276', '277', '278', '296', '297', '298']
['82', '229', '230', '231', '256', '258', '259']
['317', '356', '357', '358', '385', '386', '387']
['336', '337', '338', '344', '345', '346']
['66', '136', '137', '138', '353', '354', '355']
['80', '81', '232', '234', '360', '363', '367']
['132', '133', '144', '145', '369', '370']
['26', '49', '50', '172', '173', '328', '330']
['266', '269', '270', '313', '314', '318', '319']
['125', '126', '187', '216', '219', '240', '241']
['190']
['24', '65', '97', '111', '156', '207', '222']
