['jnfpvkg', 'qgpciwf', 'ulpkpaf', 'hlkffeh', 'gdkxxon', 'zfqckzr', 'zexclum', 'dsvowko', 'eghatxl', 'dpgzdmu', 'rfhgsrd', 'ptpmisy']
['douqsoq', 'otmayxy', 'emvhlci', 'joqmipo', 'hxlagmh', 'nrctxxu', 'zhdvxfc', 'uckdnaa', 'xxqfkzr', 'jzqcfee', 'spgwzqj', 'ntanocw']
['huwkfqk', 'clcozil', 'lcmynyw', 'vowjmgf', 'kiwoauy', 'iudsrjy', 'zvuccyi', 'rqevvql', 'vvjtuhb', 'ehcdgdr', 'atvqyki', 'lehooqa']
['kjhsxww', 'znskrzx', 'frxrjcw', 'atfmxqs', 'tfsfpnw', 'fgubrui', 'pnnzbti', 'jhstklj', 'korcvcx', 'edebgoj', 'skvsmyl', 'zmgjecs']
['bwpwdoy', 'puotspj', 'hncniof', 'labghhm', 'lfxhllc', 'xcjwaaa', 'ckbpvbd', 'tgshqis', 'fhflmkc', 'dtmsxwk', 'qwcwszq', 'sieoave']
['ojujfds', 'ksrplzq', 'dnxxgal', 'szlzdlt', 'bxtdbjc', 'qhwwalp', 'pwaalip', 'kvfjhzh', 'fzsjvuk', 'yfabxdu', 'upucitb', 'pcrzoox']
['nzhlxzk', 'mnxptfo', 'vmrdoff', 'xsjadss', 'mmsicju', 'gmultvj', 'cmlcnuo', 'tdrolvx', 'bhbfrfj', 'amfrehb', 'iiybggp', 'dmsftgx']
['werprzm', 'qlgkouj', 'olzxpzb', 'xdofsvh', 'qimiqpx', 'cjhldsy', 'uuqtrnp', 'kitxrio', 'upgszso', 'xuppdvy', 'fhrabmr', 'oikctcj']
['sfjvtxw', 'aowxwvx', 'mclspox', 'apuclff', 'nndfzgt', 'dpmxdni', 'wenwqgs', 'noyikuy', 'dqbtiaw', 'huzgikq', 'joerrak', 'lmgvnku']
['vuedrix', 'tjcagrq', 'sfjkptj', 'ytvwmpd', 'xaawrda', 'ultrowi', 'sipicas', 'pvwdbuk', 'azzpyql', 'aadjodd', 'wellvsr', 'lqjdzbc']
['xlypwfl', 'jplsynx', 'yssbhls', 'qerzkir', 'yiuitfo', 'hqikiss', 'fhuqtfp', 'owgzpow', 'pcdlpcz', 'jojnukl', 'pxgrikq', 'dgvegls', 'ovyjjfm', 'jnwitwp', 'kuhueyd', 'brpqwlx']
['jaikykc', 'qqeafqd', 'jwpfwqz', 'pojnkue', 'ekbghpg', 'mbrlttj', 'ozoxsck', 'jigaagt', 'hlruggb', 'reolqff', 'wqohgce', 'afvpuoz', 'ljxgjfb', 'egfbifk', 'pkosxjv', 'gmqbbof']
['kolwqja', 'tjtezbn', 'kuwyrgr', 'drtgipl', 'jtkovjl', 'mcirxcd', 'jcoguvu', 'pmckuxh', 'rnluyib', 'igvkuru', 'cewygrc', 'rqdjqiq', 'rljbssd', 'cutedox', 'ymwwchd', 'wjosnfy']
['emqikpe', 'bkrlzdx', 'dwfazac', 'owvackd', 'jgbbizt', 'nbftfsb', 'bundjpw', 'vrvkaaa', 'vahwsck', 'oqqfikf', 'ynxyoyb', 'hfzbxzo', 'ftbfwum', 'ylnttkr', 'wmodcaj']
['nehlpbv', 'okdlbya', 'qifpupk', 'capkmzr', 'ypwfljl', 'gceicua', 'nlfhgdx', 'bwxgkld', 'njoxkmb', 'rbpdoot', 'weondbg', 'yqtlogi', 'bfonhts', 'jxlxfoo', 'uekjkik', 'gevooyy']
['uitiunf', 'glkfhro', 'bbevbps', 'xabjjff', 'ohgorzn', 'ximpauw', 'nbhknmw', 'alvvzcr', 'aslzxho', 'mbzuntj', 'ksjmenx', 'zxlpndu', 'vxktmpe', 'ulqqnrx', 'qxwwqfk', 'crclbim']
['whaalyx', 'mlehrqr', 'uwgeeaz', 'fdccgyr', 'hwprfxd', 'upzignf', 'vfebggx', 'nqmwwmz', 'xxradgz', 'oegoznu', 'aocuywp', 'dtfwkrc', 'fzplaod', 'jygmmrk', 'vkrrkcg', 'vvadaaj']
['coupfju', 'igtcqiv', 'aytcnpm', 'ydirvrp', 'laxdipx', 'jbockfp', 'xxhgtbs', 'kctacue', 'fufnjyf', 'upxaolv', 'fieuife', 'raymfyf', 'thidksk', 'liqhklu', 'jivtfds', 'dazkzcz']
['nsjgubf', 'gdvcboj', 'wznyiaw', 'qufxqvh', 'ktyynlr', 'gmapuez', 'eiuywkb', 'hutontm', 'cvokrsd', 'bolryno', 'ypncztk', 'mtbiczg', 'ehfkaur', 'ljllxhw', 'itivxup', 'ygoytty']
['abxurqr', 'zrhphdg', 'newswsl', 'ebexhbz', 'jdufzkb', 'szriiex', 'wdahnhw', 'momhmut', 'mqeymdi', 'hrmwoaf', 'mtrmooo', 'qavmxlu', 'dcysunk', 'ugpqnzn', 'shztxik', 'wlhpnux']
['bnyrwnb', 'ofsoyop', 'sfzipfj', 'rorsdzp', 'quaahkj', 'ipxjgfz', 'vjpstks', 'hylhzqr', 'sgrvtpg', 'nrplxxf', 'djzcmeu', 'acgwdsb', 'mltjlsu', 'qccnlus', 'hscfpsc', 'kzgbgcg']
['hvnuihp', 'iuddtax', 'kpqzpfs', 'mirwseo', 'vvwlixv', 'fxswbii', 'lucqgzc', 'omyynfi', 'pjsyeez', 'yoqrhdw', 'bymyfhs', 'uahwspd', 'rxnxrbl', 'jmjdmxv', 'awftunn', 'idyyroc']
['npbmbcl', 'zxijrwr', 'efrtcpo', 'ciynmhw', 'rbwdwlz', 'ptcbphe', 'dubzmmn', 'tqjelgo', 'uhhhxgy', 'asyegiw', 'hnpufhr', 'wxbassh', 'wklasyt', 'nkylhqw', 'ljqttnn', 'oayxvdx']
['urudgpc', 'eezxrdd', 'grhnknx', 'ngznfds', 'uckaokp', 'ktqbsnt', 'aenkmpt', 'crmjrbf', 'bpbiuoh', 'urujvnn', 'rroxpwu', 'opcamxc', 'poyacsv', 'jbhevly', 'mqwftjq', 'vbcaiur']
['vshvlic', 'gnlcixq', 'etkmfom', 'cjyrens', 'egezjtl', 'zrimkhj', 'ueyjznc', 'rxngmkt', 'kadvzfh', 'mgtzswf', 'ebtqhua', 'roothgi', 'odoqgfk', 'vwcmgzh', 'lpzovzo', 'ndqmeid']
['dlfncva', 'bvvitzv', 'jrguwdk', 'axxwrug', 'engjphl', 'bnuxlph', 'adzdoyj', 'goxywvb', 'zxtfzys']
['lpzhylm', 'ylscqcm', 'nvjeors', 'vogmqqe', 'ljxjare', 'yvvwjem', 'crzdxig', 'gbuoffj']
