['13', '498', '276', '394', '350', '326', '172', '130', '55', '341', '243', '196', '33', '376', '113', '305', '205', '244', '186', '497', '282', '470', '1']
['410', '316', '284', '7', '310', '149', '204', '191', '29', '164', '229', '76', '27', '433', '481', '93', '28', '202', '66', '319', '208', '201', '235']
['439', '377', '17', '321', '163', '112']
['348', '298', '443', '444', '102', '431', '334', '142', '247', '188', '322', '324', '123', '311', '257', '217', '289', '288', '280', '52', '63', '390', '150']
['270', '278', '108', '39', '233', '135', '409', '379', '397', '180', '8', '138', '380', '219', '51', '116', '309', '306', '181', '220', '49', '40', '475']
['337', '234', '147', '145', '143', '134', '492', '25', '398', '245', '171', '329', '120', '127', '313', '256', '356', '213', '210', '269', '153', '156', '484']
['253']
['190', '440', '446', '230', '405', '400', '85', '450', '457', '189', '10', '320', '389', '287', '260', '117', '308', '303', '47', '486', '480', '472', '477']
['61']
['340', '342', '299', '296', '297', '294', '295', '292', '293', '290', '291', '199', '198', '195', '194', '197', '483', '482', '473', '471', '476', '474']
['69']
['347', '338', '98', '97', '22', '404', '89', '248', '459', '173', '412', '139', '254', '462', '218', '265', '57', '429', '427', '301', '227', '81', '5']
['273', '335', '90', '23', '401', '454', '170', '182', '15', '325', '70', '78', '366', '386', '463', '54', '115', '111', '110', '228', '223', '88', '154']
['344', '275', '31', '35', '6', '144', '495', '491', '378', '393', '87', '19', '206', '209', '137', '388', '65', '464', '267', '56', '118', '421', '151']
['109', '107', '32', '330', '496', '24', '371', '396', '399', '453', '12', '122', '415', '3', '361', '251', '469', '466', '4', '262', '58', '425', '307']
['272', '100', '38', '336', '333', '232', '140', '494', '458', '456', '200', '73', '72', '124', '368', '68', '460', '9', '281', '283', '300', '46', '41']
['442', '441', '36', '332', '0', '238', '372', '177', '174', '14', '207', '74', '414', '417', '369', '364', '255', '167', '215', '119', '424', '302', '222']
['345', '279', '104', '105', '30', '436', '91', '408', '375', '83', '2', '11', '71', '129', '416', '362', '381', '62', '67', '166', '160', '285', '42']
['346', '193', '448', '99', '92', '499', '374', '86', '323', '327', '203', '413', '365', '385', '387', '357', '355', '211', '426', '304', '226', '43', '485']
['406']
['79']
['249', '252', '349', '216', '75', '261', '16', '159', '271', '331', '48', '242', '53', '438', '422', '407', '343']
