['GDFI', 'LTHESD', 'UEKXJH', 'TXNP', 'GI', 'FBW']
['USZM', 'GBSI', 'OHZYQ', 'HOQPX', 'NGUN', 'QDMX']
['V', 'SUPLJO', 'XLWRB', 'EWAZF', 'KLQR']
['AZGCQ', 'NTMT', 'RKCPEP', 'TCBKQ', 'ERR']
['JN', 'DBGM', 'NVLNXP', 'UVUBDR', 'NS']
['LW', 'DRLM', 'YFFNQ', 'UHTMG', 'LJSX', 'TJU', 'AR', 'OL', 'HTA', 'TTV', 'TQWWLG', 'FCB', 'SU', 'HHCPMB', 'JCM', 'SEWIVO', 'BW', 'KFBC', 'QROYGT', 'AY']
['JBJS', 'QREJV', 'Y', 'WFWU', 'LZLFY', 'WK', 'XLVUF', 'JP', 'CRAQYE', 'EVDQNK', 'OYJLB', 'BAVHR', 'MV', 'IWP', 'NAIN', 'BBB', 'VHUHI', 'N', 'ACYQN', 'GDGZN']
['NO', 'E', 'OC', 'THMU', 'OQV', 'RZU', 'CAED', 'IMB', 'EDAKUV', 'LHILT', 'FAF', 'Z', 'ZJUCNC', 'XINMR', 'TB', 'ZAP', 'FP', 'O', 'CHR', 'ZVKC']
['YOGJ', 'TSSNJ', 'WTGA', 'WELF', 'UI', 'OTXCZH', 'UK', 'DQQ', 'XU', 'H', 'JNJNE', 'ET', 'AB', 'D', 'ZW', 'QKT', 'HLT', 'YDDS', 'QNKIQE', 'JUXOIJ']
['SGY', 'HO', 'MOOKF', 'COYVMU', 'L', 'EMP', 'QNN', 'KW', 'ETBLO', 'PQ', 'MPYJWG', 'W', 'EU', 'ZVWR', 'AZN', 'ZULMQ', 'M', 'KMU', 'TXCK', 'MLDT']
['NP', 'PHS', 'B', 'AFH', 'DJC', 'FLLJ', 'KFYTH', 'QYC', 'A', 'MICOE', 'VYBQIM', 'LZQ', 'CNYXMO', 'DCBWSF', 'GFNZL', 'IE', 'EVTLXI', 'MRT', 'TAN', 'BFZ']
['XS', 'HDJIQ', 'RM', 'ZTR', 'BQIFGG', 'KRXDGO', 'WCZSB', 'TOR', 'FXAQ', 'UIUBC', 'BGB', 'CFG', 'UU', 'LQ', 'EM', 'FPPMUW', 'DJS', 'NDZ', 'ZQAULZ', 'CN']
['TZTCA', 'VL', 'KKFPQ', 'AQDX', 'MY', 'HPXSSF', 'EJOR', 'VCFLXV', 'FAL', 'XT', 'KAZEK', 'QIZWG', 'FWRV', 'ORJB', 'SK', 'ANW', 'DLJMZC', 'WPRTBZ', 'OEJ', 'ODIF']
['CVSPP', 'BHT', 'PRYXX', 'MWKWWN', 'ZTK', 'AEV', 'TYQL', 'XVU', 'NMU', 'NBJL', 'MYN', 'ZHDBW', 'ETSAG', 'WBPB', 'DVVKX', 'U', 'S', 'ZYFXQ', 'GUOYX', 'HSHY']
['NJAA', 'ZDYFZU', 'RQRWJT', 'HH', 'OVM', 'OYDEJ', 'ARYSPZ', 'IGSXN', 'PE', 'OIA', 'KBV', 'RWHILI', 'FVMBV', 'FGPZAA', 'PBRPX', 'MISGHL', 'SBM', 'AJDT', 'MMUK', 'QREJG']
['NDF', 'TGKUE', 'CCIYM', 'UBWSTW', 'JCEYOL', 'DFGWZZ', 'HMURVX', 'KCQRDN', 'TN', 'YXEJT', 'XFGUIZ', 'BHKK', 'RWO', 'LWIA', 'NZDAU', 'VYGES', 'YK', 'MXSFK', 'JSMAHJ', 'XEAARR']
['X', 'MM', 'SY', 'HDJL', 'DEXTSN', 'RUC', 'UBYG', 'FJTW', 'LY', 'AW', 'SRJZQ', 'NDLUNW', 'BSAEQ', 'BJ', 'POL', 'IU', 'PIGBG', 'YO', 'QBB', 'EYEWXP']
['CTRFIJ', 'T', 'ICLIT', 'LNMCTV', 'GCSAZH', 'YEBV', 'IYCHS', 'WVHKC', 'VWK', 'BX', 'VOLULU', 'WWF', 'FSZNT', 'QE', 'UXXBYF', 'EYVVY', 'AH', 'HGT', 'TGDTND', 'NDMQJ']
['P', 'EP', 'UXBDM', 'MYSMZ', 'G', 'SHT', 'I', 'JL', 'MK', 'BPZAJ', 'YQ', 'KPXJFJ', 'PJG', 'KJHR', 'TRXUD', 'CMB', 'JJ', 'YII', 'UJ', 'JMYQEA']
['AL', 'HJW', 'BNC', 'C', 'J', 'WZ', 'ZIIN', 'TUB', 'EHXPLS', 'OFIPP', 'QGUYKQ', 'WAXWZU', 'ZHCQG']
