['BojanBogdanovic', 'ZachRandolph']
['RoyceONeale', 'KellyOubre']
['PatConnaughton', 'JohnWall']
['WesleyMatthews', 'HassanWhiteside']
['JohnCollins', 'MontrezlHarrell']
['RajonRondo', 'ZazaPachulia']
['KentBazemore', 'WayneEllington']
['JameerNelson', 'CristianoFelicio']
['IanMahinmi', 'JohnHenson']
['MichaelBeasley', 'NikolaJokic']
['MarioChalmers', 'KyleAnderson']
['JaeCrowder', 'DavidNwaba']
['JeramiGrant', 'MarcoBelinelli']
['RudyGobert', 'RaymondFelton']
['AndreIguodala', 'KyrieIrving']
['MalikMonk', 'JakobPoeltl']
['NickYoung', 'CarmeloAnthony']
['ShabazzNapier', 'AlHorford']
['BrynForbes', 'MilosTeodosic']
['TimotheLuwawuCabarrot', 'TonySnell']
['LukeKennard', 'DraymondGreen']
['DeAaronFox', 'JaylenBrown']
['ReggieBullock', 'NicolasBatum']
['DJAugustin', 'CoryJoseph']
['JamesEnnis', 'JerianGrant']
['TrevorAriza', 'LarryNance']
['AnthonyDavis', 'VictorOladipo']
['DariusMiller', 'MarcinGortat']
['KyleKuzma', 'LanceStephenson']
['DerrickFavors', 'AlFarouqAminu']
['LangstonGalloway', 'CarisLeVert']
['AustinRivers', 'FrankNtilikina']
['JusufNurkic', 'JamalCrawford']
['JustinJackson', 'TJMcConnell']
['NikolaVucevic', 'AlecBurks']
['DeMarcusCousins', 'EvanTurner']
['JoseCalderon', 'AndreDrummond']
['JimmyButler', 'JamalMurray']
['JamesJohnson', 'StephenCurry']
['DevinBooker', 'RondaeHollisJefferson']
['KarlAnthonyTowns', 'SergeIbaka']
['KristapsPorzingis', 'BrookLopez']
['JonasValanciunas', 'EricBledsoe']
['MauriceHarkless', 'PauGasol']
['DwightHoward', 'TyrekeEvans']
['JonasJerebko', 'PJTucker']
['MarkieffMorris', 'JoeYoung']
['AllenCrabbe', 'WesleyJohnson']
['RickyRubio', 'TajGibson']
['BismackBiyombo', 'DAngeloRussell']
['DennisSmith', 'TysonChandler']
['TroyDaniels', 'MikeMuscala']
['GarrettTemple', 'DarrenCollison']
['SkalLabissiere', 'BrandonIngram']
['MarioHezonja', 'DewayneDedmon']
['LouWilliams', 'TomasSatoransky']
['SemiOjeleye', 'AnthonyTolliver']
['AndreRoberson', 'DeAndreJordan']
['RobinLopez', 'MasonPlumlee']
['ElfridPayton', 'EmmanuelMudiay']
['DarioSaric', 'WilsonChandler']
['MarvinWilliams', 'ChrisPaul']
['PatrickPatterson', 'StevenAdams']
['DelonWright', 'JoelEmbiid']
['LonzoBall', 'KevinDurant']
['KellyOlynyk', 'KyleKorver']
['JoeHarris', 'DenzelValentine']
['EnesKanter', 'GoranDragic']
['TylerJohnson', 'MarqueseChriss']
['AmirJohnson', 'MalcolmBrogdon']
['JeremyLamb', 'JRSmith']
['GeraldGreen', 'GorguiDieng']
['DwightPowell', 'JeffTeague']
['EricGordon', 'RudyGay']
['ClintCapela', 'JuliusRandle']
['MichaelKiddGilchrist', 'DirkNowitzki']
['DillonBrooks', 'SterlingBrown']
['TylerUlis', 'JeffGreen']
['JJRedick', 'JarellMartin']
['BuddyHield', 'KevinLove']
['GiannisAntetokounmpo', 'DejounteMurray']
['LauriMarkkanen', 'FredVanVleet']
['LanceThomas', 'DevinHarris']
['JaMychalGreen', 'JoshJackson']
['MarcusSmart', 'JarrettJack']
['IshSmith', 'EvanFournier']
['ETwaunMoore', 'DennisSchroder']
['YogiFerrell', 'DannyGreen']
['DeMarreCarroll', 'PascalSiakam']
['TerryRozier', 'TJWarren']
['GaryHarris']
['AronBaynes', 'MarcusMorris']
['ErsanIlyasova', 'IsaiahTaylor']
['JarrettAllen', 'QuincyAcy']
['ThaddeusYoung', 'MylesTurner']
['FrankKaminsky', 'TreveonGraham']
['AndrewHarrison', 'BenMcLemore']
['TristanThompson', 'DwyaneWade']
['DavidWest', 'PatrickMcCaw']
['BobbyPortis', 'KrisDunn']
['TreyLyles', 'PaulMillsap']
['RyanAnderson', 'LucMbahaMoute']
['JoshHart', 'JordanClarkson']
['PaulGeorge', 'JoshHuestis']
['JJBarea', 'MaxiKleber']
['AaronGordon', 'ShelvinMack']
['TimHardaway', 'DougMcDermott']
['IanClark', 'DanteCunningham']
['TyusJones', 'NemanjaBjelica']
['ThonMaker', 'JasonTerry']
['JoshRichardson', 'JustiseWinslow']
['OttoPorter', 'MikeScott']
['SindariusThornwell', 'BlakeGriffin']
['DonovanMitchell', 'RodneyHood']
['KostaKoufos', 'GeorgeHill']
['DraganBender', 'AlexLen']
['KyleLowry', 'OGAnunoby']
['BenSimmons', 'RichaunHolmes']
['LaMarcusAldridge', 'PattyMills']
['DamianLillard', 'EdDavis']
['StanleyJohnson', 'ReggieJackson']
['TaureanWallerPrince', 'MalcolmDelaney']
['BradleyBeal', 'JodieMeeks']
['JaysonTatum', 'DanielTheis']
['SpencerDinwiddie', 'TylerZeller']
['KembaWalker', 'MichaelCarterWilliams']
['JustinHoliday', 'PaulZipser']
['LeBronJames', 'CediOsman']
['JoeIngles', 'EkpeUdoh']
['HarrisonBarnes', 'SalahMejri']
['WillBarton', 'TorreyCraig']
['KlayThompson', 'ShaunLivingston']
['DeMarDeRozan', 'CJMiles']
['JamesHarden', 'NeneHilario']
['ManuGinobili', 'DavisBertans']
['BogdanBogdanovic', 'WillieCauleyStein']
['DomantasSabonis', 'AlJefferson']
['TobiasHarris', 'SamDekker']
['KentaviousCaldwellPope', 'CoreyBrewer']
['MarcGasol', 'DeyontaDavis']
['BamAdebayo', 'DionWaiters']
['KhrisMiddleton', 'JabariParker']
['AndrewWiggins', 'ShabazzMuhammad']
['JrueHoliday', 'NikolaMirotic']
['CJMcCollum', 'ZachCollins']
['CourtneyLee', 'KyleOQuinn']
['RussellWestbrook', 'AlexAbrines']
['JonathonSimmons', 'WesleyIwundu']
['RobertCovington', 'JerrydBayless']
['JaredDudley', 'AveryBradley']
