['CU', 'SM', 'SB', 'KN', 'JZ', 'QN', 'QI', 'LP', 'IX']
['EC', 'TA']
['JS', 'PE']
['PV', 'PD']
['MK', 'B']
['KF', 'NS']
['OV', 'QP']
['NE', 'Z']
['OB', 'RQ']
['LF', 'NF']
['HS', 'DZ']
['IH', 'SY']
['S', 'RP']
['IU', 'FT']
['NM', 'CN']
['CX', 'EQ']
['CI', 'JA']
['BV', 'MZ']
['JK', 'IP']
['EN', 'SF']
['NY', 'LO']
['T', 'ST']
['JX', 'DH']
['BY', 'NN']
['GS', 'HT']
['OU', 'LQ']
['IQ', 'RJ']
['GK', 'ED']
['CR', 'DK']
['IK', 'JM']
['BS', 'SV']
['QD', 'HH']
['NW', 'OW']
['HY', 'HN']
['IB', 'F']
['RV', 'RC']
['RN', 'HM']
['MV', 'EL']
['QW', 'BW']
['PN', 'CW']
['DP', 'PQ']
['RK']
['HC']
['FV']
['BM']
['HA']
['MQ']
['DV']
['HF']
['A']
['MR']
['CD']
['DA']
['GA']
['GM']
['DJ']
['BF']
['DM']
['LI']
['FN']
['LW', 'LK', 'CT', 'OY', 'SH', 'FE', 'KQ', 'LZ', 'QF', 'FC']
['QS', 'HW', 'PF', 'BO', 'KB', 'BX', 'HZ', 'IV', 'JV', 'HD']
['CC', 'KJ', 'QA', 'P', 'FG', 'CM', 'RL', 'QR', 'DU', 'PR']
['QG', 'OJ', 'DC', 'SG', 'FF', 'LH', 'ME', 'BK', 'EO', 'SI']
['IY', 'ON', 'HB', 'JF', 'CQ', 'MO', 'BL', 'BJ', 'O', 'EX']
['K', 'KO', 'BG', 'QJ', 'JJ', 'CY', 'BT', 'GT', 'FD', 'NA']
['CJ', 'OG', 'KZ', 'GJ', 'BE', 'LN', 'DO', 'JW', 'RM', 'CL']
['CE', 'PP', 'MG', 'JO', 'GP', 'IR', 'JH', 'MM', 'J', 'CO']
['OP', 'FK', 'KT', 'CF', 'CH', 'BI', 'LG', 'OF', 'D', 'E']
['LU', 'FJ', 'RZ', 'SK', 'RT', 'EM', 'OT', 'EY', 'FR', 'QE']
['OR', 'PK', 'MU', 'KA', 'OE', 'JN', 'SC', 'LR', 'HX', 'RO']
['IO', 'NU', 'NZ', 'IG', 'OI', 'RA', 'GL', 'IJ', 'RS', 'JR']
['KH', 'KV', 'FZ', 'PX', 'SQ', 'QB', 'EA', 'CB', 'IZ', 'FA']
['IF', 'OH', 'OK', 'JT', 'H', 'ML', 'GY', 'HR', 'QC', 'RD']
['FI', 'KD', 'NJ', 'MW', 'GN', 'BD', 'SD', 'FO', 'IS', 'HO']
['NV', 'GV', 'SJ', 'TF', 'GX', 'NO', 'LA', 'FW', 'IN', 'FH']
['JY', 'GD', 'HG', 'DE', 'KP', 'BQ', 'NB', 'RE', 'LC', 'BP']
['SP', 'SU', 'RG', 'SO', 'NI', 'NP', 'MS', 'HP', 'GE', 'MP']
['DS', 'KE', 'FY', 'PS', 'CV', 'CP', 'OL', 'IA', 'L', 'GZ']
['LV', 'MA', 'RW', 'GW', 'HE', 'I', 'SN', 'EZ', 'NH', 'RU']
['PL', 'MT', 'KY', 'DG', 'QV', 'U', 'SZ', 'HI', 'LB', 'EK']
['OC', 'MJ', 'OQ', 'ET', 'NL', 'HV', 'NQ', 'OO', 'QZ', 'CK']
['BB', 'EV', 'BH', 'NX', 'EH', 'KU', 'QO', 'PA', 'SA', 'CG']
['GH', 'MB', 'MX', 'JD', 'QX', 'GG', 'OX', 'ID', 'LJ', 'KS']
['EJ', 'JU', 'PU', 'QQ', 'PI', 'BC', 'JP', 'JQ', 'QL', 'KC']
['MI', 'MY', 'QT', 'LS', 'BR', 'GU', 'MC', 'NK', 'EE', 'OM']
['ND', 'C', 'EB', 'DR', 'DW', 'SS', 'Q', 'IW', 'W', 'RX']
['X', 'MN', 'Y', 'EI', 'PH', 'FL', 'PW', 'GQ', 'PC', 'SR']
['EF', 'JG', 'PG', 'OA', 'DY', 'N', 'KG', 'LM', 'FX', 'DL']
['GR', 'KM', 'SL', 'II', 'DB', 'NT', 'HQ', 'ES', 'FP', 'DQ']
['JB', 'FS', 'SW', 'NR', 'CZ', 'IT', 'JC', 'QH', 'HK', 'OZ']
['EW', 'TB', 'FU', 'LD', 'OD', 'IE', 'KK', 'HL', 'R', 'QU']
['KR', 'PJ', 'EG', 'RB', 'BN', 'QK', 'QY', 'FB', 'IC', 'GF']
['RH', 'KX', 'DX', 'EP', 'EU', 'DI', 'DT', 'LX', 'RR', 'DN']
['GB', 'GI', 'PY', 'CA', 'G', 'JI', 'BZ', 'DF', 'FM', 'LL']
['PT', 'NG', 'LT', 'V', 'IM', 'TE', 'M', 'CS', 'PO', 'HU']
['KI', 'MD', 'LE', 'PZ', 'OS', 'ER', 'LY', 'JE', 'RY', 'TD']
['MH', 'RF', 'GC', 'JL', 'QM', 'SE', 'RI', 'SX', 'BU', 'TC']
['BA', 'PM']
['HJ', 'NC', 'DD', 'PB', 'KW', 'IL', 'GO', 'KL', 'MF', 'FQ']
