['Dennis']
['Cynthia']
['Oscar']
['Debra']
['Sharon']
['Wade']
['Jean']
['Sheila']
['Stephen']
['Matilda']
['Nicholas']
['Mona']
['Marie']
['Ralph']
['Christiana']
['Colleen']
['Anna']
['Betty']
['Bernard']
['Annie']
['Pearl']
['Raquel', 'Mamie', 'Argentina', 'Christian', 'Matthew', 'Arthur', 'Ruth']
['Carl', 'Kristina', 'John', 'Jonathon', 'Lidia', 'Angel', 'Randy']
['Ethel', 'Tiara', 'Lydia', 'Marybeth', 'Lori', 'Melissa', 'Newton']
['Harry', 'Lottie', 'Julius', 'Darryl', 'Toni', 'Sara', 'Barbra']
['Cheri', 'Emily', 'Paul', 'Robert', 'Jennifer', 'Theresa', 'Miriam']
['Kyle', 'Mari', 'Dan', 'Kristen', 'Russel', 'Anne', 'Richard']
['Wanda', 'Tonya', 'Antonio', 'Jane', 'Eric', 'Evan', 'Philip']
['Delia', 'Melvin', 'Rachel', 'Maria', 'Quentin', 'Isabelle', 'Jim']
['Hugo', 'Porfirio', 'Shirley', 'Rena', 'Claudia', 'Rebecca', 'Virginia']
['Tanya', 'Gilbert', 'Hillary', 'Allen', 'Gladys', 'Jonathan', 'Thomas']
['Brittany', 'Mary', 'Heather', 'Frank', 'Alberta', 'Jessica', 'Shawna']
['Lorenzo', 'Judith', 'Randall', 'Kimberly', 'Lorena', 'Mark', 'Ted']
['Cyndy', 'Marla', 'Beatriz', 'Abdul', 'Shawn', 'Steve', 'Robin']
['Ernest', 'Ronald', 'Myra', 'Warren', 'Brian', 'Renee', 'Molly']
['Austin', 'Katrina', 'Christine', 'Charlotte', 'Gerald', 'Devon', 'Ivan']
['Shelly', 'Derrick', 'Catherine', 'Joseph', 'Elvera', 'Todd', 'Lorene']
['Latonya', 'Alonzo', 'Peggy', 'Weldon', 'Peter', 'Cleo', 'Julie']
['Erica', 'Josie', 'Brett', 'Elizabeth', 'Evelyn', 'Maybell', 'Maxine']
['Benjamin', 'Jeremy', 'Lillie', 'William', 'Octavia', 'Deandre', 'Vance']
['Fredrick', 'Dolores', 'Shane', 'Matt', 'Gordon', 'Joshua', 'Carmen']
['Rory', 'Regina', 'Michael', 'Brandon', 'Kristine', 'Nancy', 'Sulema']
['Doris', 'Dwayne', 'Horace', 'Lakesha', 'Jewel', 'James', 'Bobby']
['Jason', 'Pat', 'Kenny', 'Heidi', 'Karen', 'Phillip', 'Reggie']
['Tommy', 'Bonita', 'Clara', 'Gerard', 'Jeff', 'Chester', 'Frida']
['Pamela', 'Salvatore', 'Marion', 'Debbie', 'Clyde', 'Tomas', 'Gale']
['Antonietta', 'Cara', 'Barbara', 'Sally', 'Donald', 'Lexie', 'Aileen']
['Dorothy', 'Andre', 'Cindy', 'Alex', 'Megan', 'Rick', 'Sheldon']
['Arturo', 'Irene', 'Desiree', 'Emerson', 'Phyllis', 'Adam', 'Lucy']
['Jayne', 'Blanche', 'Katie', 'Stacy', 'Carole', 'Sarah', 'Jeanette']
['Victor', 'Martha', 'Cedric', 'Cathleen', 'Kelvin', 'Patrice', 'Crystal']
['Minnie', 'Alan', 'Kathryn', 'Jessie', 'Colin', 'Carolyn', 'Douglas']
['Houston', 'Zachary', 'Lowell', 'Nathaniel', 'Susan', 'Juan', 'Helen']
['Esther', 'Earl', 'Mavis', 'Edwin', 'Laurie', 'Lizzie', 'Iris']
['Joe', 'Ada', 'Marge', 'Vicente', 'Paula', 'Hildegard', 'Esta']
['Marta', 'Louise', 'Esperanza', 'Rhonda', 'Laura', 'Keith', 'Andrea']
['Michelle', 'Janice', 'Mireya', 'Vicky', 'Lucille', 'Lester', 'Vanessa']
['Claire', 'Pauline', 'Ella', 'Mae', 'Harriett', 'Geraldine', 'Gene']
['Mario', 'Stanley', 'Bessie', 'Lisa', 'Jeffery', 'Casandra', 'Sheryl']
['Larry', 'Isaac', 'Josephine', 'Rafael', 'Steven', 'Fletcher', 'Samantha']
['Carroll', 'Alvin', 'Bernadette', 'Frances', 'Jerome', 'George', 'Ericka']
['Kim', 'Craig', 'Diane', 'Leigh', 'Roberto', 'Terry', 'Adrian']
['Carol', 'Virgie', 'Joel', 'Byron', 'Danielle', 'Daphne', 'Aron']
['Johnny', 'David', 'Albert', 'Dena', 'Cameron', 'Gail', 'Jeffrey']
['Patsy', 'Tim', 'Jacqueline', 'Janet', 'Lela', 'Martin', 'Katherine']
['Scotty', 'Shaun', 'Milton', 'Guadalupe', 'Marcus', 'Olive', 'Rod']
['Daniel', 'Carlton', 'Fred', 'Teresa', 'Samuel', 'Kelly', 'Christopher']
['Roberta', 'Lucia', 'Grace', 'Maryann', 'Justin', 'Rueben', 'Joyce']
['Wilbur', 'Jami', 'Louis', 'Timothy', 'Raymond', 'Marjorie', 'Brooks']
['Loretta', 'Joy', 'Antoinette', 'Vera', 'Donna', 'Victoria', 'Manuel']
['Tammy', 'Mitchell', 'Mildred', 'Tabatha', 'Billie', 'Merle', 'Dottie']
['Kelli', 'Anita', 'Harriet', 'Kathleen', 'Wilfredo', 'Carla', 'Erma']
['Tracy', 'Patricia', 'Lena', 'Brenda', 'Leo', 'Eduardo', 'Bruce']
['Anthony', 'Krista', 'Bernie', 'Roger', 'Erik', 'Harold', 'Ricardo']
['Ladonna', 'Cesar', 'Emilee', 'Hector', 'Sandra', 'Jammie', 'Trenton']
['Kathryne', 'Rocio', 'Jewell', 'Linda', 'Arline', 'Johnathan', 'Jerry']
['Joan', 'Alice', 'Lauren', 'Mei', 'Carlos', 'Fay', 'Lawrence']
['Dawn', 'Chelsea', 'Margaret', 'Kurt', 'Jasmine', 'Carina', 'Monica']
['Hilton', 'Tommie', 'Sam', 'Ray', 'Darrin', 'Kay', 'Gloria']
['Gregory', 'Leola']
['Gary', 'Carrie']
['Roy', 'Nellie']
['Henry', 'Melony']
['Melanie']
['Vickie']
['Eunice']
['Maureen']
['Felipe']
['Beatrice']
['Norma']
['Beverly']
['Charles']
['Doretha']
['Clifford']
['Cheryl']
['Amanda']
['Tom']
['Walter']
['Corinne']
['Damian']
['Shante']
['Eva']
['Jodi']
['Noma']
['Luis']
['Thelma']
['Chris']
['Bernice']
['Curtis']
['Johnnie']
['Patrick']
['Kenneth']
['Levi']
['Hazel']
['Ashley']
['Deborah']
['Barry']
['Julia']
['Edward']
['Lacey']
['Ruthie']
['Stephanie']
['Justine']
['Dewayne']
