['F85131', 'F3EDD7', '3FAE1E', 'F61AD7', '035E05', '846154', '47063A', '865328', '2DE42A', '04279E', '81A0D3', '73271F', '420711', '1866E0', '5A5DE8', 'E492E0', 'F7F9CB', 'C69699', 'E15D93', '5E2607']
['6E7E64', '7D4045', '7CC3A7', '935873', 'B56D74', '160ED4', '93D432', '364B78', 'DB6CBF', 'D78532', '593AF4', '83752D', 'D83AF7', '833C34', 'C2A74D', 'A1D29E', '9DF876', '3E6399', 'F4C13E', '6C5208']
['C07CCC', 'C0EA59', '34E9FE', '503A55', '8EC8D8', '2D4D61', '4BBAFA', '9C4CA5', 'EEF23E', 'F4EDF8', '30C157', 'EF37A6', '5B4152', '38515C', 'B85F11', 'DDB7C8', 'B0C2D3', 'BB9072', 'B2C27D', '187923']
['D0E5BE', '9C4F00', 'C9EF6D', '7647CD', '380FF7', 'B8B01F', '66F8EA', 'C34593', '1B06C5', '09944C', '82F466', '0231A4', 'DE6241', '5ABFA9', 'F37211', 'D50881', '398310', '415552', '9C5DCF', '5D4F2F']
['F13455', 'A89402', '273165', 'A4FCD1', '3D046E', '41AFC9', '052CC7', '1D4417', '20C0D0', '0C3AFF', '60B803', '4DBE20', '88E0AE', '5C5B8D', '3963FC', '923B8C', '09FFA6', '05F2DC', '35DA72', '1D0C35']
['D65E29', 'B49939', '9330C0', '98B1CA', 'FFD642', '8963E1', 'F8B91A', 'BB986B', 'E7EFA5', '9D6554', 'A34095', 'DF44F5', '1330B3', '5BC875', '94C20E', '26DA83', '929578', '6246E1', 'D8A834', 'E3583F']
['10BBE1', 'A0DDCD', '3228BB', '5332A9', '26B294', '05473A', '89372A', 'D6DD9E', 'E479C8', 'FB3B86', '78E144', 'FF3177', 'F9011B', '8ECA84', 'C748A2', 'E4F6EF', '77B9A5', '696B37', '6BF4D3', '1F6554']
['9B09E5', '83ACF7', 'BA7ED0', 'B32674', '22394B', '33ABEE', '2215AE', '2EDC82', '5A3E90', 'B2C529', '099A40', 'E1B665', 'BCD2F5', '0CFFC9', 'DBF47C', '00CD58', '71AC6D', 'BE5B1D', '99E133', 'EB3718']
['45CE10', '5C016B', '739ABF', '78DB65', '18D668', '7FE1F2', 'D363AB', '3D830C', 'CD5322', '2B3DD7', 'A911EF', 'B78EF9', '75002A', 'B00B7F', 'C1CAB9', 'E8C5B8', '0AC7A0', '4AC817', '5E4F6B', '4D74EB']
['82B105', '1D9893', '43F505', 'C8F1A7', 'D31361', '206150', '2C02B7', '15AA36', '24A4D1', '38EA17', '14A3E7', '3235BA', 'F448AE', 'EED7BB', '1350AD', '9923B4', '31C6A3', '219F75', '25B295', '5F88E7']
['316244', '62BC31', '861E09', 'B6ACFC', 'B4257C', 'D98FB6', 'C60FE7', '1656DC', '605983', '26DB4C', '3B6837', '1E571E', 'CED5FC', 'E8A38A', 'FAB638', 'D2F8E5', 'FC75E7', '26C6B9', 'D0E36A', '69FD70']
['3E7F60', '95F017', '81E0FA', 'F33ACF', 'D8849E', 'E0044F', 'E277CB', 'F1DB81', '3CB50A', '52BFE5', 'ABE83F', '39CAB7', '03B42D', 'E1A380', '81A856', '30EA83', '478A7C', 'B13536', '1F4650', '28CCA5']
['6DCBC8', '4AE7C7', '189812', 'EB7E6A', 'D883C0', '5ADC6D', '0FC6EE', '4BD8B1', '244528', 'FD1DAC', '565E46', '292CB3', '177A03', '2F584A', '77EB41', '72D023', 'C0A19A', '8BEC15', '6E3DED', 'D79D49']
['DCB902', 'D9180C', 'CC4384', '2BEC39', '75C017', '51197D', '18AEFC', '2E4B9D', '58ED2B', '882258', '8FF839', '80F9BC', 'EE9200', '4E8355', '9CE56C', '6D4C8F', '920715', '770A4C', '917501', '2961DB']
['CC9A13', '56B4C2', '76131B', 'D2BDB6', '90E78E', '0AFD91', '4C0FCD', '539972', 'F9EB1F', 'C19610', '5A681E', '4FCF52', '4C1D36', 'BE3703', 'F32B0B', 'E2701A', '400D20', 'D6F426', '00C269', '8DF985']
['52FB79', 'D049CD', '068D28', '0A3E48', 'EFBA0C', '4EBF50', '88FFF8', '7FADE3', '593840', 'DDA295', '7C8A3D', '29BFBC', '8E8C76', '118FE2', '66C38E', '2D2248', 'EDB261', '0E78AA', '037831', 'CC08F5']
['82BD08', 'E9F19A', '92C42A', '7B325B', '0D6A28', '6C1A62', 'FCB503', '628552', '19EFAF', '46371B', '74ADA7', '608F21', '31B801', '0FE5DD', 'EC2626', 'CC66B0', 'B4BD91', 'CB5EDA', 'E4C3BA', 'DF5F9C']
['BA6187', '992AEE', '49EB71', 'B2A692', 'B2CB4D', '7F8E1D', '463E2C', '8254EB', '4BC7D0', 'A5F27A', '9D8AD8', '01E026', 'BC38A8', '49EEB4', '5C91EE', 'E81232', '77042F', '97D861', '747199', 'C5416A']
['C96CD6', '0264AF', '2B8F4B', 'EB9D60', '9BAC71', '7334F9', '2D56C1', '7848BA', '54C37C', '1600AD', '5C0D69', '326662', '7C730C', 'DBDDB5', 'AAAF0B', '1D216B', '66547C', '85CFC7', '31B17E', 'CE0D10']
['D2EB79', '9C0B9D', 'B38307', '5AF312', '8F75EC', '1743CD', 'AC34B5', 'C3678B', 'E46F9E', '1DD8D0', 'FE7E47', '6AFCAC', '552199', 'A03FB7', '29D22B', '8AC55C', '8806E7', '4430C2', 'B166D1', 'FBF275']
['B0F05D', 'E77DD8', 'C54164', '1D528C', 'E33128', '6D4DDC', '09CFE9', 'EC35B5', '87EE7F', '5248A9', '414B77', '2E6B38', '029563', 'A4F4BB', '0E6FA7', '9FCB42', '1CAAAC', '0B99EF', '8D43AD', 'CA893B']
['113E1F', '1D39ED', 'F545E1', '1FBE40', '6833E8', '511040', 'EB90EE', 'D324E7', 'D78522', '9ABAFB', '0525B9', 'E93252', '5451FF', '81DA52', 'FCD63D', '71AE93', '4A32EA', 'A4EAD9', '940AC5', 'DFE9C6']
['8883AC', 'F1B367', '55B952', '672145', '6C3CD5', '34ACF3', 'AD6105', 'CD374A', '3EF396', '369765', 'AB96B9', '5C4F81', '36FCBF', '7B306C', '66B93A', '2819EE', '98497D', '73F93C', '2F46CD', 'C4882F']
['3D4600', 'FBB00D', '468F31', '1986A0', '848C87', '0C4437', '42EE34', '1C3933', '601CA7', 'CBE0EA', '6EEE66', '2B8E0B', '40C7FF', '5BEDDF', 'FECCAB', 'B6FA16', 'FD33F7', '823C51', '1E0B30', '1A770B']
['99392B', '5D5C76', '255208', '718436', '026256', '57FCD8', '893D61', 'F28C7F', '943005', '94AED5', '3F75A9', 'E191B0', 'AF83FA', '43FE78', '7AADBC', 'D8492F', 'F2B7FD', '29267F', '3A0D10', '89A551']
