['135', '490', '14', '163', '190', '328', '25', '499', '486', '468', '454', '446', '441', '423', '420', '410', '409', '408', '402', '401', '394', '393', '375', '355', '353', '350', '346', '344', '334', '333']
['50', '146', '412', '335', '463', '387', '332', '326', '321', '312', '311', '309', '307', '304', '302', '301', '296', '290', '289', '287', '286', '285', '276', '267', '219', '215']
['40', '208', '177', '300', '75', '26']
['192', '105', '378', '124', '159', '122']
['18', '23', '33', '41', '72', '87', '107', '120', '139', '148', '184', '204', '209', '238', '242', '254', '271', '284', '288', '303', '308', '352', '368', '403', '406', '421', '431', '438', '442', '495']
['2', '11', '17', '51', '53', '55', '66', '69', '73', '77', '95', '97', '111', '218', '231', '250', '268', '339', '362', '383', '385', '386', '392', '413', '414', '417', '426', '469', '475', '484']
['6', '29', '31', '57', '65', '83', '96', '98', '128', '144', '164', '174', '205', '207', '235', '260', '261', '273', '295', '298', '305', '327', '354', '358', '360', '370', '390', '439', '456', '494']
['12', '58', '59', '74', '76', '89', '129', '131', '169', '172', '178', '180', '188', '206', '240', '293', '317', '338', '341', '365', '366', '369', '377', '379', '388', '389', '432', '451', '458', '473']
['34', '56', '67', '99', '106', '112', '114', '126', '140', '141', '150', '151', '161', '168', '216', '229', '251', '259', '264', '272', '274', '277', '282', '313', '400', '428', '470', '485', '493', '497']
['8', '37', '102', '116', '133', '147', '154', '155', '173', '220', '262', '280', '292', '299', '331', '336', '349', '361', '372', '374', '382', '391', '399', '430', '434', '447', '460', '461', '467', '491']
['38', '82', '93', '110', '136', '138', '162', '165', '167', '198', '211', '230', '234', '236', '243', '253', '265', '294', '342', '348', '359', '371', '395', '398', '411', '429', '443', '453', '462', '482']
['7', '19', '39', '63', '118', '152', '175', '181', '186', '194', '196', '202', '221', '222', '226', '233', '248', '258', '266', '279', '325', '396', '415', '427', '435', '445', '448', '457', '487', '488']
['30', '47', '60', '71', '115', '142', '145', '157', '199', '203', '225', '227', '239', '252', '275', '278', '320', '329', '330', '345', '364', '404', '418', '419', '425', '437', '449', '452', '478', '479']
['5', '9', '16', '32', '36', '68', '86', '101', '143', '171', '179', '185', '193', '200', '201', '237', '244', '247', '255', '257', '263', '322', '324', '363', '376', '384', '397', '407', '440', '498']
['3', '13', '21', '45', '46', '80', '85', '88', '100', '109', '156', '170', '212', '228', '232', '245', '269', '270', '283', '297', '314', '318', '337', '343', '416', '436', '464', '471', '483', '496']
['0', '1', '4', '27', '28', '49', '84', '113', '132', '176', '214', '223', '246', '291', '306', '315', '316', '319', '340', '356', '357', '367', '373', '381', '405', '422', '450', '466', '477', '480']
['52', '64', '81', '90', '103', '117', '123', '127', '149', '187', '195', '210', '217', '224', '241', '256', '281', '310', '347', '351', '380', '433', '444', '455', '459', '472', '474', '476', '481', '492']
['44', '78', '91', '94', '121', '130', '137', '249', '323', '465', '489']
['424']
['10', '15', '20', '22', '24', '35', '42', '43', '48', '54', '61', '62', '70', '79', '92', '104', '108', '119', '125', '134', '153', '158', '160', '166', '182', '183', '189', '191', '197', '213']
