['119', '47', '134', '202', '84', '40', '176', '493', '487', '418']
['164', '78', '306', '79', '452', '260', '149', '405', '365', '349']
['291', '472', '87', '197', '355', '483', '459', '344', '299', '293']
['362', '460', '353', '451', '311', '443', '321']
['204', '272', '369', '268', '246', '240', '275']
['435', '236', '145', '29', '499', '276', '223']
['379', '480', '466', '112', '210', '433', '141']
['85', '478', '237', '114', '410', '157', '463']
['441', '490', '397', '173', '23', '422', '494']
['63', '160', '450', '338', '340', '283', '247']
['448', '245', '453', '419', '70', '303', '115']
['471', '203', '136', '75', '273', '220', '125']
['226', '476', '475', '413', '148', '253', '218']
['146', '199', '110', '325', '414', '271', '26']
['428', '123', '462', '170', '406', '243', '69']
['158', '289', '116', '470', '46', '73', '469']
['90', '208', '31', '294', '139', '411', '72']
['376', '101', '285', '324', '457', '264', '473']
['38', '335', '408', '244', '266', '34', '211']
['386', '400', '467', '242', '122', '286', '107']
['156', '171', '382', '384', '231', '188', '50']
['342', '368', '489', '165', '196', '257', '96']
['427', '230', '281', '495', '249', '172', '9']
['350', '162', '54', '468', '345', '398', '274']
['343', '305', '254', '292', '309', '222', '166']
['356', '14', '174', '49', '358', '409', '403']
['381', '394', '331', '456', '371', '206', '370']
['484', '377', '485', '372', '440', '385', '315']
['497', '431', '213', '373', '130', '235', '346']
['227', '334', '277', '308', '474', '201', '500']
['336', '161', '367', '151', '239', '248', '280']
['492', '124', '436', '323', '88', '150', '354']
['437', '86', '140', '256', '102', '458']
['363', '380', '200', '144', '60', '127']
['279', '241', '64', '59', '178', '259']
['496', '297', '312', '317', '215', '111']
['30', '51', '94', '153', '184', '189', '295', '307', '348', '390']
['20', '97', '177', '232', '255', '284', '388', '416', '434', '498']
['56', '61', '66', '117', '132', '185', '187', '219', '263', '302']
['95', '103', '104', '126', '192', '407', '426', '432', '442', '455']
['36', '105', '108', '163', '183', '224', '251', '313', '392', '488']
['7', '35', '45', '62', '74', '143', '304', '333', '423', '479']
['5', '17', '48', '81', '121', '258', '310', '328', '329', '429']
['11', '106', '135', '159', '169', '233', '282', '360', '430', '449']
['37', '42', '179', '181', '190', '205', '209', '229', '278', '364']
['27', '28', '77', '98', '154', '221', '319', '320', '332', '486']
['15', '53', '152', '225', '269', '298', '412', '425', '444', '447']
['83', '113', '142', '252', '327', '339', '351', '378', '391', '446']
['21', '25', '57', '71', '175', '180', '195', '238', '270', '300']
['1', '33', '58', '138', '193', '207', '214', '359', '387', '420']
['6', '13', '65', '129', '131', '133', '318', '421', '439', '445']
['32', '52', '198', '262', '296', '316', '366', '393', '404', '438']
['12', '92', '118', '288', '314', '326', '375', '395', '396', '491']
['109', '128', '167', '194', '228', '347', '357', '374', '402', '461']
['24', '41', '44', '137', '212', '337', '341', '352', '415', '477']
['2', '3', '18', '39', '43', '76', '191', '216', '290', '482']
['4', '8', '10', '16', '67', '147', '261', '361', '401', '464']
['68', '93', '120', '155', '265', '267', '301', '330', '399', '454']
['91', '99', '168', '217', '250', '322', '389', '424', '465', '481']
['22', '383']
['417']
['19', '55', '80', '82', '89', '100', '182', '186', '234', '287']
