['Kaitlin', 'Meggi', 'Lani', 'Anastassia', 'Alexandrina', 'Drusy', 'Sonni', 'Austina', 'Melloney', 'Rivkah', 'Moyna', 'Euphemia', 'Thia', 'Cherilynn', 'Maddalena']
['Jen', 'Adiana', 'Marlena', 'Cristabel', 'Ramonda', 'Cassondra', 'Jesse', 'Gaby', 'Julie', 'Inga', 'Madelena', 'Kara', 'Doris', 'Livy', 'Casi']
['Cristen', 'Veradis', 'Gavra', 'Mirna', 'Lorie', 'Lira', 'Stormi', 'Joanna', 'Hortense', 'Mechelle', 'Latisha', 'Fran', 'Angelica', 'Zulema', 'Tim']
['Carroll', 'Yovonnda', 'Claudie', 'Jacqui', 'Netty', 'Opal', 'Danni', 'Nedda', 'Mei', 'Jessamyn', 'Nancie', 'Britney', 'Anabal', 'Mella', 'Ronnica']
['Paulina', 'Daphene', 'Harriet', 'Dee', 'Quintana', 'Nicoli', 'Marcella', 'Sada', 'Ingunna', 'Sheila', 'Mariellen', 'Pammy', 'Fredericka', 'Lotte', 'Desiri']
['Winifred', 'Clarissa', 'Hedwiga', 'Alia', 'Charmine', 'Camala', 'Rosene', 'Jorrie', 'Faythe', 'Tanitansy', 'Marris', 'Tiffy', 'Allene', 'Sile', 'Haley']
['Marijo', 'Idalina', 'Dotti', 'Eran', 'Birgitta', 'Silva', 'Babara', 'Sadye', 'Kathryn', 'Tamara', 'Gabbie', 'Brunhilda', 'Tallie', 'Stephannie', 'Kala']
['Clemence', 'Adriane', 'Patty', 'Oralee', 'Idelle', 'Colline', 'Peg', 'Oliy', 'Randie', 'Bertie', 'Leanora', 'Cindie', 'Marisa', 'Anette', 'Collete']
['Orsa', 'Carla', 'Kiele', 'Anabelle', 'Malva', 'Paige', 'Risa', 'Ansley', 'Tani', 'Roxane', 'Aviva', 'Melinde', 'Tamra', 'Edith', 'Britteny']
['Lesly', 'Fania', 'Helyn', 'Elvera', 'Diane', 'Rosamond', 'Fawnia', 'Eulalie', 'Sula', 'Lynnet', 'Belle', 'Matilde', 'Valli', 'Demetria', 'Corly']
['Roslyn', 'Mair', 'Agneta', 'Missy', 'Frankie', 'Agnes', 'Georgeanne', 'Brittan', 'Della', 'Natalya', 'Rita', 'Reggi', 'Jemie', 'Else', 'Lyda']
['Dena', 'Rhodia', 'Erminia', 'Kaitlynn', 'Monique', 'Gae', 'Xylina', 'Gerry', 'Athena', 'Briny', 'Yolanda', 'Agatha', 'Bekki', 'Eolanda', 'Martina']
['Row', 'Willi', 'Tiffany', 'Amalee', 'Vonni', 'Anabel', 'Selinda', 'Erica', 'Kania', 'Nicki', 'Nissie', 'Cristionna', 'Starlin', 'Nelie', 'Alyson']
['Marcie', 'Stesha', 'Karie', 'Carri', 'Avivah', 'Vicky', 'Bridgette', 'Shoshana', 'Katti', 'Terese', 'Georgiana', 'Andromache', 'Lulu', 'Allie', 'Zenia']
['Estella', 'Brigitte', 'Charita', 'Ruperta', 'Shirl', 'Corinne', 'Doroteya', 'Kathy', 'Noreen', 'Debora', 'Janice', 'Lydie', 'Conchita', 'Dyane', 'Bernice']
['Kittie', 'Estele', 'Agnese', 'Jaynell', 'Teddi', 'Nanon', 'Lorena', 'Flory', 'Brear', 'Johanna', 'Yoshi', 'Antonietta', 'Maxie', 'Mufinella', 'Cathryn']
['Joelly', 'Dorine', 'Morena', 'Sherrie', 'Sileas', 'Ranice', 'Chelsy', 'Addi', 'Ulrike', 'Dita', 'Tarra', 'Vinni', 'Dominica', 'Kellie', 'Delly']
['Emelda', 'Andie', 'Vanni', 'Neile', 'Laverne', 'Clemmie', 'Fernande', 'Jolie', 'Brook', 'Lorain', 'Catha', 'Millisent', 'Myrtle', 'Arlee', 'Krissy']
['Tiphanie', 'Sandie', 'Beatrice', 'Kathleen', 'Shanie', 'Leda', 'Gale', 'Annice', 'Korney', 'Serena', 'Josepha', 'Marabel', 'Noell', 'Bonita', 'Lisette']
['Rhody', 'Sofie', 'Rosana', 'Rowena', 'Cassandra', 'Kellsie', 'Gwennie', 'Cheslie', 'Eve', 'Marlie', 'Yetta', 'Caryn', 'Diahann', 'Stefa', 'Gianina']
