['251', '426', '498', '168', '367', '174', '100', '167', '48', '317', '477']
['233', '303', '274', '98']
['446', '419', '497', '214']
['351', '38', '272', '483']
['442', '334', '156', '323']
['123', '173', '105', '231']
['73', '400', '114', '319']
['296', '146', '292', '438']
['30', '179', '103', '143']
['350', '18', '422', '90']
['443', '184', '136', '112']
['480', '423', '405', '378']
['95', '465', '388', '461']
['47', '249', '121', '109']
['408', '490', '462', '116']
['361', '369', '333', '294']
['241', '447', '137', '430']
['24', '175', '140', '474']
['203', '256', '322', '63']
['321', '344', '302', '273']
['463', '51', '216', '160']
['473', '97', '392', '122']
['356', '352', '406', '428']
['79', '130', '489', '276']
['85', '232', '36', '110']
['315', '227', '491', '476']
['397', '375', '263', '35']
['460', '284', '414', '374']
['1', '3', '358', '259']
['261', '266', '224']
['4', '230', '432']
['204', '44', '488']
['76', '185', '197']
['275', '145', '370']
['162', '17', '210']
['355', '279', '293']
['61', '7', '187']
['431', '171', '16']
['0', '11', '13', '37', '67', '81', '104', '237', '359', '487', '5', '56', '77', '209', '42', '158', '34', '239']
['60', '310', '126', '308', '403', '418', '93', '290', '336', '411', '340', '466', '211', '134', '401', '254', '149', '291']
['257', '288', '328', '362', '387', '277', '393', '148', '200', '53', '208', '8', '316', '320', '479', '82', '304', '271']
['120', '240', '301', '421', '83', '250', '327', '219', '347', '176', '163', '354', '10', '91', '444', '472', '205', '454']
['111', '244', '437', '445', '436', '107', '368', '404', '195', '309', '371', '6', '78', '229', '390', '102', '429', '494']
['72', '117', '194', '222', '413', '278', '353', '492', '151', '486', '43', '198', '20', '189', '332', '481', '326', '412']
['69', '183', '252', '106', '26', '65', '84', '395', '324', '439', '131', '242', '190', '32', '181', '425', '127', '142']
['31', '94', '360', '459', '128', '427', '318', '440', '27', '125', '337', '223', '115', '220', '133', '71', '424', '235']
['86', '192', '289', '384', '64', '155', '191', '329', '398', '373', '150', '243', '409', '88', '420', '225', '441', '396']
['23', '52', '118', '154', '265', '343', '70', '202', '495', '15', '96', '234', '262', '212', '28', '54', '300', '467']
['49', '75', '280', '382', '469', '470', '484', '499', '45', '379', '87', '267', '206', '25', '218', '366', '452', '186']
['169', '170', '341', '193', '215', '147', '226', '346', '376', '416', '311', '456', '236', '312', '260', '281', '282', '89']
['165', '132', '80', '180', '331', '482', '138', '314', '253', '50', '496', '493', '21', '313', '108', '255', '201', '159']
['141', '177', '213', '270', '9', '157', '372', '124', '269', '39', '389', '468', '41', '178', '135', '19', '286', '307']
['164', '335', '364', '433', '464', '196', '245', '101', '188', '199', '325', '297', '485', '228', '415', '330', '268', '349']
['391', '449', '246', '22', '448', '435', '285', '248', '66', '139', '383', '12', '247', '153', '144', '68', '74', '287']
['217', '475', '119', '57', '283', '455', '450', '221', '457', '471', '40', '342', '348', '182', '417', '399', '298', '55']
['113', '345', '92', '305', '451', '59', '306', '434', '14', '161', '365', '29', '339', '258', '394', '299', '238', '264']
['407', '166', '478', '207', '357', '386', '380', '458']
['338', '58', '363', '453', '2', '62', '129', '46', '295', '377', '381', '402', '385', '410', '172', '152', '33', '99']
