['g', 'iiiii', 'ZZZ']
['11', '22222222', 'ZZZZZZZ']
['dddddddd', 'MMMMM', 'C']
['E', 'llll', 'RRRRR']
['DDD', 'UUUUUUUU', 'zzzzzzz']
['nnnnnn', 'A', 'W']
['eeeeee', '33333', 'ddd']
['nnnnn', 'r', '77777']
['jjjjjj', 'y', 'ww']
['JJJJJJJJ', 'ZZZZZZ', 'BBBBBBB']
['rrrrrrrr', 'CCCC', 'rr']
['Q', 'AAAAAAA', 'OOOOOOOO']
['AA', 'yyy', 'mmmmmmmm']
['qqqq', 'PP', 'ffff']
['ssssssss', 'qqqqqqqq', 'XX']
['bbbbbbbb', 'SSSSS', 'VVVV']
['rrrr', 'WWW', 'iiiiiiii']
['SSSSSS', 'pppp', 'FFFFF']
['YYYYYYYY', 'ooo', '22222']
['EE', '6', 'GGGGG']
['NNNN', 'rrrrrr', 'BBBBBBBB']
['ccccccc', '55', 'LLL']
['1111111', 'PPPPP', 'WW']
['gg', 'hh', 'ggg', 'hhh', 'gggg', 'hhhh', 'ggggg', 'hhhhh', 'gggggg', 'hhhhhh', 'ggggggg', 'hhhhhhh', 'gggggggg', 'hhhhhhhh', 'tttttt', 'u', 'v', 'uu', 'vv', 'uuu', 'vvv', 'uuuu', 'vvvv', 'uuuuu', 'vvvvv', 'uuuuuu', 'vvvvvv', 'uuuuuuu', 'vvvvvvv', 'uuuuuuuu', 'vvvvvvvv', 'G', 'H', 'GG', 'HH', 'HHH', 'GGGG', 'HHHH', 'HHHHH', 'GGGGGG', 'HHHHHH', 'GGGGGGG', 'HHHHHHH', 'GGGGGGGG', 'HHHHHHHH', '7', '8', '77', '88', '777', '888', '7777', '8888', '88888', '777777', '888888', '7777777', '8888888', '77777777', '88888888']
['aa', 'k', 'kk', 'll', 'kkkkk', 'lllll', 'kkkkkk', 'z', 'yy', 'zz', 'zzz', 'yyyy', 'zzzz', 'yyyyy', 'zzzzz', 'yyyyyy', 'zzzzzz', 'yyyyyyy', 'yyyyyyyy', 'zzzzzzzz', 'DD', 'CCC', 'DDDD', 'CCCCC', 'DDDDD', 'CCCCCC', 'DDDDDD', 'CCCCCCC', 'DDDDDDD', 'CCCCCCCC', 'DDDDDDDD', 'I', 'J', 'II', 'JJ', 'III', 'JJJ', 'IIII', 'JJJJ', 'IIIII', 'JJJJJ', 'JJJJJJ', 'IIIIIII', 'JJJJJJJ', 'IIIIIIII', 'K', 'L', 'KK', 'LL', 'KKK', 'KKKK', 'LLLL', 'KKKKK', 'LLLLL', 'KKKKKK', 'LLLLLL', 'KKKKKKK', 'LLLLLLL', 'KKKKKKKK', 'LLLLLLLL']
['c', 'd', 'dd', 'ccc', 'cccc', 'dddd', 'ccccc', 'ddddd', 'cccccc', 'dddddd', 'ddddddd', 'cccccccc', 'x', 'www', 'xxx', 'wwww', 'xxxxx', 'wwwwww', 'wwwwwwww', 'O', 'P', 'OO', 'OOO', 'PPP', 'OOOO', 'PPPP', 'OOOOO', 'OOOOOO', 'PPPPPP', 'OOOOOOO', 'PPPPPPP', 'PPPPPPPP', 'S', 'T', 'SS', 'TT', 'SSS', 'TTT', 'SSSS', 'TTTT', 'TTTTT', 'TTTTTT', 'SSSSSSS', 'TTTTTTT', 'SSSSSSSS', 'TTTTTTTT', '5', '66', '555', '666', '5555', '6666', '55555', '66666', '555555', '666666', '5555555', '6666666', '55555555', '66666666']
['e', 'f', 'ee', 'ff', 'eee', 'fff', 'eeee', 'eeeee', 'fffff', 'ffffff', 'eeeeeee', 'fffffff', 'eeeeeeee', 'ffffffff', 'o', 'oo', 'pp', 'ppp', 'oooo', 'ooooo', 'ppppp', 'oooooo', 'pppppp', 'ooooooo', 'ppppppp', 'oooooooo', 'pppppppp', 'V', 'UUUU', 'UUUUU', 'VVVVV', 'UUUUUU', 'VVVVVVV', 'VVVVVVVV', 'X', 'XXX', 'WWWW', 'XXXX', 'WWWWW', 'XXXXX', 'WWWWWW', 'XXXXXX', 'WWWWWWW', 'XXXXXXX', 'WWWWWWWW', 'XXXXXXXX', '3', '4', '33', '44', '333', '444', '4444', '44444', '333333', '444444', '3333333', '4444444', '33333333', '44444444']
['a', 'b', 'bb', 'aaa', 'bbb', 'aaaa', 'bbbb', 'aaaaa', 'bbbbb', 'aaaaaa', 'bbbbbb', 'aaaaaaa', 'bbbbbbb', 'aaaaaaaa', 'm', 'n', 'mm', 'nn', 'mmm', 'nnn', 'mmmm', 'nnnn', 'mmmmm', 'mmmmmm', 'mmmmmmm', 'nnnnnnn', 'nnnnnnnn', 'F', 'FF', 'EEE', 'FFF', 'EEEE', 'FFFF', 'EEEEE', 'EEEEEE', 'FFFFFF', 'EEEEEEE', 'FFFFFFF', 'EEEEEEEE', 'FFFFFFFF', 'M', 'N', 'MM', 'NN', 'MMM', 'NNN', 'MMMM', 'NNNNN', 'MMMMMM', 'NNNNNN', 'MMMMMMM', 'NNNNNNN', 'MMMMMMMM', 'NNNNNNNN', '1', '2', '222', '2222', '111111', '11111111']
['i', 'j', 'ii', 'jj', 'iii', 'jjj', 'iiii', 'jjjj', 'jjjjj', 'iiiiii', 'iiiiiii', 'jjjjjjj', 'jjjjjjjj', 'l', 'kkkk', 'kkkkkkk', 'lllllll', 's', 't', 'ss', 'tt', 'sss', 'ttt', 'ssss', 'tttt', 'sssss', 'ttttt', 'ssssss', 'sssssss', 'ttttttt', 'tttttttt', 'xxxx', 'xxxxxx', 'wwwwwww', 'B', 'AAA', 'BBBB', 'BBBBB', 'AAAAAA', 'BBBBBB', 'AAAAAAAA', 'R', 'QQ', 'RR', 'QQQ', 'RRR', 'QQQQ', 'RRRR', 'QQQQQ', 'QQQQQQ', 'RRRRRR', 'QQQQQQQ', 'RRRRRRR', 'QQQQQQQQ', 'RRRRRRRR', 'YY', 'ZZ', 'ZZZZZ', 'YYYYYY', 'YYYYYYY']
['YYYYY', 'cc', 'VVV', 'rrrrr', 'AAAAA', 'VV', 'qqq', 'rrrrrrr', 'Z', '111', 'ZZZZZZZZ', 'kkkkkkkk', 'CC', '222222', 'AAAA', 'D', 'qq', 'llllllll', 'h', 'xxxxxxx', 'U', 'xx', 'IIIIII', '22', 'UUU', 'qqqqqq', 'lll', 'p', 'GGG', 'llllll', '3333', 'YYYY', 'qqqqqqq', 'wwwww', '1111', 'VVVVVV', 'rrr', 'kkk', 'ZZZZ', 'BB', 'w', 'YYY', 'q', 'qqqqq', '2222222', 'Y', '11111', 'UUUUUUU', 'xxxxxxxx', 'BBB', 'UU']
