['Nazzareno0', 'Secondo0', 'Giovanna3', 'Battista3', 'Ercole9', 'Manfredi5', 'Damiana9', 'Emanuel7', 'Guendalina3', 'Soriana6', 'Ariel9', 'Timoteo4', 'Gianriccardo3', 'Vinicio8', 'Sebastian4', 'Gioacchino7', 'Costantino7', 'Nathan3', 'Giobbe6', 'Tancredi5']
['Ercole1', 'Enzo0', 'Cassiopea8', 'Quarto3', 'Marino8', 'Arcibaldo8', 'Mariano0', 'Vania2', 'Gerlando9', 'Amerigo5', 'Thea5', 'Arduino8', 'Ileana5', 'Fabiano1', 'Demis1', 'Primo3', 'Edilio2', 'Odino6', 'Rebecca5', 'Demi6']
['Bibiana6', 'Giacobbe7', 'Marzio4', 'Miriana7', 'Alan9', 'Jari2', 'Odone9', 'Cleopatra5', 'Ian0', 'Gianantonio5', 'Gregorio7', 'Celeste4', 'Cassiopea9', 'Oretta5', 'Fortunata0', 'Bettino8', 'Fiorenzo8', 'Tolomeo0', 'Erminia2', 'Elga3']
['Trevis3', 'Marina6', 'Valdo9', 'Eriberto1', 'Rosita1', 'Demi9', 'Tancredi4', 'Moreno5', 'Marvin0', 'Ferdinando6', 'Orfeo4', 'Sarita7', 'Luce6', 'Enzo7', 'Baldassarre3', 'Ludovico2', 'Odino9', 'Artes8', 'Gavino8', 'Marcella4']
['Jarno1', 'Valdo2', 'Benedetta4', 'Cira7', 'Caio6', 'Furio5', 'Mattia9', 'Renzo5', 'Maruska3', 'Joseph7', 'Folco0', 'Caio2', 'Brigitta5', 'Loretta4', 'Santo9', 'Ethan9', 'Edilio5', 'Giancarlo3', 'Sasha9', 'Ludovico9']
['Odone4', 'Ubaldo1', 'Rosalino0', 'Fabio8', 'Anastasio7', 'Mariagiulia3', 'Genziana8', 'Tolomeo6', 'Edilio6', 'Kris2', 'Ercole2', 'Carmelo4', 'Tazio7', 'Audenico0', 'Lamberto6', 'Siro2', 'Aroldo4', 'Bibiana4', 'Antonino6', 'Giacinto6']
['Albino1', 'Noel4', 'Umberto0', 'Mietta0', 'Pacifico5', 'Mariagiulia0', 'Giulio2', 'Sandro2', 'Ulrico6', 'Trevis8', 'Folco3', 'Elio3', 'Ilario9', 'Iacopo2', 'Eriberto9', 'Alighiero7', 'Nathan2', 'Noah6', 'Ercole4', 'Marianita1']
['Karim8', 'Fiorentino3', 'Filomena4', 'Cleopatra8', 'Celeste3', 'Enzo3', 'Priamo0', 'Ercole8', 'Gaetano5', 'Evangelista9', 'Lauro5', 'Siro0', 'Walter1', 'Fabio9', 'Nabil5', 'Rosalba1', 'Nestore7', 'Nestore4', 'Alessio3', 'Davide5']
['Eustachio2', 'Sue2', 'Pablo7', 'Demis2', 'Adriano0', 'Carmela6', 'Thea4', 'Sebastian2', 'Miriana4', 'Siro3', 'Penelope5', 'Rosalino2', 'Orfeo1', 'Dante5', 'Nayade9', 'Gilda2', 'Siro9', 'Radames7', 'Emanuel3', 'Azue3']
['Michael4', 'Costanzo6', 'Terzo7', 'Mauro7', 'Vera2', 'Marianita8', 'Emidio9', 'Odone8', 'Sasha7', 'Gelsomina6', 'Miriam7', 'Olimpia3', 'Jack2', 'Secondo5', 'Doriana2', 'Marianita7', 'Amerigo1', 'Romeo2', 'Maika6', 'Tazio1']
['Sabatino1', 'Fatima9', 'Ferdinando0', 'Pablo9', 'Davide1', 'Domiziano7', 'Umberto9', 'Serse1', 'Ruth1', 'Jacopo4', 'Giorgio3', 'Santo3', 'Mietta1', 'Radames1', 'Antonio9', 'Piersilvio0', 'Maggiore2', 'Gaetano4', 'Rocco9', 'Demis3']
['Laura1', 'Siro8', 'Liborio4', 'Anastasio3', 'Concetta1', 'Pietro1', 'Primo1', 'Sibilla4', 'Loris4', 'Benedetta5', 'Irene7', 'Erminio9', 'Quirino1', 'Rosolino0', 'Nico1', 'Timoteo9', 'Trevis2', 'Clodovea2', 'Jelena1', 'Pierfrancesco0']
['Concetta9', 'Damiana2', 'Tristano5', 'Patrizio4', 'Piersilvio3', 'Oretta9', 'Elsa1', 'Flaviana6', 'Leonardo0', 'Elsa0', 'Gianriccardo2', 'Bortolo5', 'Cleros7', 'Deborah9', 'Arduino5', 'Cassiopea3', 'Gianleonardo6', 'Rodolfo9', 'Lidia6', 'Cira8']
['Enrico1', 'Diamante6', 'Donatella7', 'Carmela3', 'Walter7', 'Noah0', 'Bettino1', 'Lazzaro2', 'Fatima2', 'Ursula5', 'Loredana0', 'Fernando8', 'Elda2', 'Marzio5', 'Marzio7', 'Hector0', 'Guido6', 'Monia8', 'Modesto4', 'Arturo8']
['Mattia1', 'Max1', 'Brigitta8', 'Teseo4', 'Giordano5', 'Armando5', 'Rita6', 'Kris3', 'Nestore8', 'Osea0', 'Folco8', 'Sesto2', 'Joshua3', 'Matteo9', 'Erminio4', 'Jari0', 'Ivano3', 'Orfeo7', 'Marino4', 'Monia6']
['Cleros2', 'Mecren5', 'Clodovea1', 'Amedeo5', 'Cleros4', 'Oreste0', 'Ethan3', 'Liborio8', 'Jacopo3', 'Marianita5', 'Nico6', 'Mariagiulia9', 'Gianmaria7', 'Samira6', 'Tancredi6', 'Laura9', 'Gianantonio6', 'Danthon5', 'Cleopatra1', 'Primo9']
['Ian2', 'Alberto5', 'Danuta0', 'Deborah2', 'Ermes9', 'Carlo1', 'Luigi7', 'Benedetta1', 'Assia0', 'Radames4', 'Egisto1', 'Nicoletta3', 'Gilda5', 'Fiorenzo7', 'Marina4', 'Sesto4', 'Renzo6', 'Italo9', 'Diamante4', 'Dante0']
['Maggiore3', 'Rebecca2', 'Eusebio3', 'Marcella0', 'Mecren9', 'Mattia6', 'Folco4', 'Mirko4', 'Eriberto7', 'Raoul7', 'Joannes5', 'Adriano1', 'Akira3', 'Zelida4', 'Enzo6', 'Priamo8', 'Emanuel1', 'Graziano0', 'Sue0', 'Cleros5']
['Italo5', 'Isabel6', 'Osvaldo5', 'Leonardo1', 'Cosetta2', 'Pacifico0', 'Miriana9', 'Joshua0', 'Amedeo6', 'Maika9', 'Sirio1', 'Marina7', 'Renato5', 'Laerte0', 'Quasimodo0', 'Anselmo3', 'Ubaldo2', 'Fiorenzo1', 'Leonardo7', 'Rufo5']
['Lidia4', 'Miriam8', 'Tommaso8', 'Anselmo8', 'Kai5', 'Caligola0', 'Marcella3', 'Claudia1', 'Penelope7', 'Sesto8', 'Nestore5', 'Isabel1', 'Eliziario6', 'Alessio7', 'Erminia5', 'Laerte9', 'Violante6', 'Nestore6', 'Dylan9', 'Prisca3']
['Prisca2', 'Osea9', 'Luce0', 'Loredana6', 'Filomena3', 'Gregorio2', 'Giorgio2', 'Eusebio6', 'Xavier7', 'Iacopo1', 'Kayla3', 'Cleopatra7', 'Amedeo1', 'Michele7', 'Lino4', 'Cirino1', 'Samira4', 'Edipo5', 'Zaccaria2', 'Rebecca6']
['Elio8', 'Jole3', 'Silvano4', 'Guido1', 'Eustachio1', 'Elda4', 'Cleros6', 'Marieva8', 'Kayla9', 'Lauro3', 'Giorgio6', 'Mirko6', 'Tristano8', 'Lisa0', 'Davide8', 'Karim1', 'Fatima0', 'Raniero0', 'Gioacchino6', 'Anselmo9']
['Mietta2', 'Giovanna5', 'Armando8', 'Rosaria8', 'Romeo4', 'Orfeo9', 'Mariagiulia4', 'Augusto8', 'Costanzo4', 'Concetta5', 'Ettore0', 'Lidia0', 'Joseph3', 'Assia4', 'Rosalba8', 'Sirio6', 'Antimo9', 'Alighieri1', 'Armando0', 'Gianmarco5']
['Fabiano3', 'Bortolo9', 'Ione9', 'Matilde9', 'Michael9', 'Timoteo5', 'Orfeo5', 'Muzio8', 'Edipo4', 'Luigi4', 'Fortunata6', 'Ethan7', 'Claudia6', 'Lia2', 'Walter3', 'Umberto6', 'Folco6', 'Sabino2', 'Elga8', 'Caligola7']
['Loretta1', 'Nathan9', 'Xavier5', 'Alessandro3', 'Ermes4', 'Avide3', 'Gianantonio3', 'Deborah4', 'Ausonio0', 'Nestore3', 'Cesidia8', 'Marzio6', 'Vania3', 'Lorenzo9', 'Giulietta7', 'Laerte5', 'Osea1', 'Marieva7', 'Sarita4', 'Erminia8']
