['Loria', 'Tiffani', 'Elayne', 'Laverne', 'Idell', 'Laraine', 'Shani', 'Edi', 'Karol', 'Donella', 'Liz', 'Jacquenette', 'Laureen', 'Kacey', 'Oliy', 'Gerianna', 'Goldina', 'Moyra', 'Raye']
['Rasla', 'Magdaia', 'Vonny', 'Danell', 'Wendeline', 'Mariejeanne', 'Ashli', 'Helenka', 'Delila', 'Dana', 'Kassia', 'Eula', 'Rosina', 'Merline', 'Kial', 'Di', 'Shayne', 'Mehetabel', 'Hyacinth']
['Fayth', 'Kettie', 'Minnnie', 'SheilaKathryn', 'Genna', 'Susi', 'Madelyn', 'Esmaria', 'Tobi', 'Evangeline', 'Joycelin', 'Terra', 'Siobhan', 'Anjanette', 'Deeann', 'Ashely', 'Leilah', 'Eddi', 'Goldi']
['Rachel', 'Vanessa', 'Cinnamon', 'Renae', 'Vilma', 'Reggi', 'Maryl', 'Kathlin', 'Giselle', 'Raine', 'Starr', 'Kora', 'Dianna', 'Ardine', 'Livia', 'Kata', 'Aubrette', 'Valerie', 'Constantia']
['Jessika', 'Daisi', 'Sara', 'Reta', 'Natka', 'Honey', 'Ardenia', 'Roseann', 'Sheena', 'Fayina', 'Patti', 'Jess', 'Gabriell', 'Leona', 'Kiersten', 'Jorey', 'Camille', 'Bell']
['Phillis', 'Sibylle', 'Clemmie', 'Amabel', 'Cynde', 'Amitie', 'Avivah', 'Corella', 'Jenna', 'Biddie', 'Dulcie', 'Tybi', 'Katha', 'Jaime', 'Ginger', 'Debbie', 'Janey', 'Lynnett']
['Pia', 'Edeline', 'Jeniffer', 'Marley', 'Annie', 'Stepha', 'Milena', 'Pierrette', 'Laverna', 'Lacey', 'Willabella', 'Courtnay', 'Hatty', 'Evvy', 'Grazia', 'Robena', 'Kippy', 'Yalonda']
['Zorana', 'Bobbie', 'Ealasaid', 'Lyn', 'Carmelia', 'Charis', 'Pandora', 'Stefa', 'Sharron', 'Natala', 'Jeannine', 'Emelina', 'Lorena', 'Lavinia', 'Philomena', 'Patience', 'Vallie', 'Marla']
['Vickie', 'Valentine', 'Romonda', 'Lillis', 'Bessy', 'Chelsea', 'Annalee', 'Laura', 'Trista', 'Emmalynne', 'Imogen', 'Henrietta', 'Clemmy', 'Cayla', 'Maddalena', 'Jolie', 'Myrilla', 'Dayle']
['Brandie', 'Lindsy', 'Katalin', 'Nevsa', 'Rosalind', 'Callie', 'Meggy', 'Giralda', 'Wilone', 'Marice', 'Gwenette', 'Megan', 'Garland', 'Saundra', 'Joannes', 'Caryn', 'Susana', 'Chrystel']
['Lilla', 'Anthe', 'Blake', 'Renelle', 'Therine', 'Pippy', 'Paulina', 'Brynne', 'Gussy', 'Jeannie', 'Jasmin', 'Drucill', 'Kania', 'Essa', 'Marylou', 'Karlotta', 'Kay', 'Laurice']
['Ivie', 'Bria', 'Brynna', 'Lita', 'Christina', 'Frankie', 'Freda', 'Sophie', 'Lina', 'Shelli', 'Claudina', 'Jobina', 'Trude', 'Mina', 'Jsandye', 'Toma', 'Barbaraanne', 'Arleyne', 'Gwendolen']
['Elinor', 'Serena', 'Madonna', 'Christabel', 'Nelia', 'Jaclyn', 'Cristina', 'Barbe', 'Ethelind', 'Joleen', 'Dulcea', 'Carline', 'Cordy', 'Kellen', 'Lisbeth', 'Midge', 'Dolores', 'Paula', 'Lauretta']
['Brigid', 'Analise', 'Andree', 'Clari', 'Melodie', 'Alvina', 'Lettie', 'Silva', 'Lorinda', 'Sephira', 'Kylen', 'Tresa', 'Jessamyn', 'Keri', 'Crystie', 'Mable', 'Pollyanna', 'Fawne', 'Ortensia']
['Janette', 'Lorraine', 'Ondrea', 'Reeva', 'Neilla', 'Shay', 'Lorrin', 'Misti', 'Jennica', 'Jane', 'Fredelia', 'Leora', 'Melva', 'Tilda', 'Allsun', 'Meris', 'Martguerita', 'Kerstin', 'Sheilah']
['Zita', 'Riannon', 'Jeannette', 'Veronike', 'Lori', 'Tanya', 'Suellen', 'Maryjo', 'Eve', 'Winifred', 'Verina', 'Jodi', 'Rosalinde', 'Sharla', 'Johnette', 'Christin', 'Shaina', 'Tanhya', 'Almeda']
['Carlye', 'Libbi', 'Tessy', 'Lia', 'Randene', 'Vi', 'Sheree', 'Marcia', 'Kristin', 'Rosene', 'Noelyn', 'Linette', 'Deny', 'Cecelia', 'Cherry', 'Sofia', 'Corey', 'Phil', 'Nerissa']
['Tersina', 'Thalia', 'Bonnee', 'Rebbecca', 'Henriette', 'Harrie', 'Nerta', 'Kaylyn', 'Constantina', 'Tammy', 'Jeralee', 'Natalina', 'Rozanna', 'Cory', 'Sayre', 'Vivia', 'Erna', 'Brenn', 'Madalena']
['Licha', 'Shelia', 'Kalindi', 'Cate', 'Kinna', 'AnnaDiane', 'Geri', 'Emmy', 'Erinna', 'Genni', 'Joly', 'Feliza', 'Shayna', 'Faith', 'Nicoli', 'Isabelle', 'Flori', 'Una', 'Debby']
['Devinne', 'Coral', 'Betteanne', 'Anya', 'Pavla', 'Inna', 'Toni', 'Koressa', 'Carree', 'Geralda', 'Phedra', 'Chris', 'Catina', 'Lorna', 'Ashlen', 'Andriette', 'Merrielle', 'Sheeree', 'Nolana']
['Alyce', 'Idalina', 'Gigi', 'Arliene', 'Bibbie', 'Tova', 'Madelin', 'Nora', 'Darcee', 'Lanni', 'Tamarah', 'Neila', 'Tamarra', 'Pansie', 'Dulcia', 'Marlyn', 'Libby', 'Viva', 'Raven']
['Mariette', 'Mareah', 'Lois', 'Lila', 'Prudi', 'Tressa', 'Wilow', 'Ray', 'Gerrilee', 'Uta', 'Cordie', 'Costanza', 'Matilda', 'Nomi', 'Sallyanne', 'Harriett', 'Marjie', 'Ellie', 'Mia']
['Eadie', 'Denyse', 'Emilee', 'Heidie', 'Lisabeth', 'Gayle', 'Elisabet', 'Paulette', 'Siusan', 'Sherline', 'Heather', 'Ula', 'Sue', 'Erma', 'Lona', 'Vin', 'Karisa', 'Kelcey', 'Camilla']
['Hendrika', 'Miquela', 'Shelby', 'Herminia', 'Marigold', 'Billy', 'Corinna', 'Jada', 'HelenElizabeth', 'Cammie']
['AnnaDiana', 'Gaynor', 'Tatiana', 'Zoe', 'Coretta', 'Nadine', 'Penny', 'Brandise', 'Katleen', 'Thomasina']
