['Quinn']
['Mikel']
['Bobbi']
['Sofia']
['Dario']
['Mable', 'Jayne', 'Maura', 'Jonah', 'Adele', 'Steve', 'Elmer', 'David', 'Janet', 'Lydia', 'Doris', 'Tommy', 'Britt', 'Karin', 'Leona', 'Kayla', 'Melba', 'Carly', 'Ebony', 'Gayle', 'Daisy', 'Carla', 'Clark', 'Tasha', 'Maria', 'Ariel', 'Louis', 'Jared', 'Kevin', 'Brian', 'Patti', 'Peter', 'Erick', 'Brock', 'Fidel', 'Sonja', 'Arlen', 'Dwain', 'Annie', 'Willy', 'Betsy', 'Clara', 'Tanya', 'Julio', 'Grant', 'Karen', 'Alice', 'April', 'Elvin', 'Benny']
['Lucio', 'Zelma', 'Allan', 'Nelda', 'Roger', 'Felix', 'Josie', 'Donny', 'Margo', 'Dixie', 'Lorie', 'Greta', 'Marcy', 'Malik', 'Cesar', 'Casey', 'Staci', 'Cyrus', 'Perry', 'Nikki', 'Hazel', 'Lyman', 'Renee', 'Amado', 'Sheri', 'Maude', 'Mandy', 'Bette', 'Dusty', 'Katie', 'Teddy', 'Rusty', 'Billy', 'Linda', 'Mamie', 'Mason', 'Audra', 'Tonia', 'Flora', 'Pedro', 'Amber', 'Donna', 'Rufus', 'Timmy', 'Randy', 'Olive', 'Clint', 'Roman', 'Pearl', 'Nancy']
['Della', 'Terry', 'Emery', 'Sadie', 'Mitzi', 'Ollie', 'Ervin', 'Trent', 'Wally', 'Laura', 'Lauri', 'Ahmad', 'Chang', 'Alvin', 'Wyatt', 'Jamar', 'Essie', 'Elsie', 'Rhett', 'Darin', 'Helga', 'Ilene', 'Odell', 'Chase', 'Danny', 'Hilda', 'Effie', 'Kathy', 'Sally', 'Fritz', 'Sammy', 'Leila', 'Alton', 'Sonny', 'Homer', 'Major', 'Garry', 'Cliff', 'Robin', 'Nadia', 'Kelly', 'Deann', 'Moshe', 'Terri', 'Misty', 'Percy', 'Adela', 'Micah', 'Jason', 'Twila']
['Jaime', 'Becky', 'Myron', 'Issac', 'Tracy', 'Vicky', 'Bryan', 'Marla', 'Aline', 'Irvin', 'Bruno', 'Claud', 'Basil', 'James', 'Vilma', 'Paige', 'Leroy', 'Queen', 'Elias', 'Brent', 'Aaron', 'Davis', 'Bryce', 'Ronny', 'Tessa', 'Brady', 'Jamel', 'Kirby', 'Erica', 'Wendy', 'Shaun', 'Shane', 'Dante', 'Elena', 'Mitch', 'Leann', 'Orval', 'Tyron', 'Hyman', 'Mario', 'Ruben', 'Janis', 'Daron', 'Randi', 'Lanny', 'Merle', 'Berta', 'Pansy', 'Eddie', 'Tonya']
['Verna', 'Sybil', 'Elvia', 'Lacey', 'Wilma']
['Clyde', 'Emily', 'Edwin', 'Cindy']
['Monty', 'Jacob', 'Avery', 'Brant']
['Naomi', 'Roxie', 'Joann', 'Ernie']
['Tammi', 'Erika', 'Moses', 'Wanda']
['Wendi', 'Ellen', 'Joyce', 'Chris']
['Freda', 'Marty', 'Buddy', 'Marci']
['Robyn', 'Craig', 'Candy', 'Barry']
['Debra', 'Viola', 'Lorna', 'Bryon']
['Rhoda', 'Julia', 'Devin', 'Holly']
['Corey', 'Chong', 'Josef', 'Sandy']
