['Evan', 'Richard', 'Josiah', 'Jude', 'Camden', 'Nathan', 'Edward', 'Micah', 'Gael', 'Derek']
['Clayton', 'Jason', 'Damian', 'Patrick', 'Iker', 'Tristan', 'Dean', 'Jeremy', 'Owen', 'Brady']
['David', 'Mateo', 'Adrian', 'Miles', 'Ryker', 'Jesus', 'Malachi', 'Jesse', 'Oscar', 'Killian']
['am', 'Matthew', 'Eli', 'Elias', 'Carson', 'Maxwell', 'Brantley', 'River', 'Paxton', 'Gunner']
['Ethan', 'John', 'Giovanni', 'Tucker', 'Zane', 'Knox', 'Francisco', 'Simon', 'Chance', 'Karson']
['Austin', 'Ezekiel', 'Santiago', 'Braxton', 'Finn', 'Abraham', 'Kaleb', 'Zion', 'Riley', 'Archer']
['Jaxon', 'Greyson', 'Jose', 'Sawyer', 'Kevin', 'Bennett', 'Jayce', 'Colin', 'Amari', 'Louis']
['Lucas', 'Jack', 'Ryan', 'Thomas', 'George', 'Avery', 'August', 'Myles', 'Bradley', 'Reid']
['Benjamin', 'Alexander', 'Jace', 'Leonardo', 'Eric', 'Elliot', 'Barrett', 'Matias', 'Enzo', 'Emilio']
['Robert', 'Nolan', 'Jaxson', 'Maverick', 'Axel', 'Charlie', 'Adriel', 'Rafael', 'Beckham', 'Cash']
['Oliver', 'Daniel', 'Grayson', 'Asher', 'Colton', 'Brayden', 'Cooper', 'Grant', 'Graham', 'Jasper']
['Kayden', 'Jameson', 'Alejandro', 'Kenneth', 'Caden', 'Omar', 'Javier', 'Cayden', 'Phoenix', 'Finley']
['Carter', 'Isaac', 'Connor', 'Ezra', 'Kai', 'Beau', 'Bryce', 'Corbin', 'Colt', 'Kameron']
['Logan', 'Joshua', 'Luis', 'Carlos', 'Ivan', 'Jonah', 'Victor', 'Emiliano', 'Andres', 'Cody']
['Elijah', 'Dylan', 'Aaron', 'Leo', 'Ian', 'Ayden', 'Tyler', 'Diego', 'Alan', 'Peter']
['Aiden', 'Charles', 'Nicholas', 'Dominic', 'Kyrie', 'Paul', 'Jaden', 'Sean', 'Walter', 'Emerson']
['Jeremiah', 'Juan', 'Rowan', 'Alex', 'Xander', 'Timothy', 'Karter', 'Steven', 'Preston', 'Nicolas']
['William', 'Theodore', 'Bryson', 'Zachary', 'Vincent', 'Wesley', 'Joel', 'Maximus', 'Beckett', 'Nash']
['James', 'Luke', 'Gabriel', 'Landon', 'Cameron', 'Hudson', 'Nathaniel', 'Blake', 'Mark', 'Martin']
['Sebastian', 'Andrew', 'Christian', 'Ryder', 'Max', 'Abel', 'Amir', 'Marcus', 'Dallas', 'Tanner']
['Michael', 'Samuel', 'Gavin', 'Brandon', 'King', 'Brody', 'Kaden', 'Jorge', 'Andre', 'Eduardo']
['Wyatt', 'Kaiden', 'Brooks', 'Judah', 'Jax', 'Zander', 'Holden', 'Leon', 'Remington', 'Damien']
['Noah', 'Henry', 'Julian', 'Jordan', 'Harrison', 'Cole', 'Kingston', 'Waylon', 'Dawson', 'Milo']
['Hunter', 'Parker', 'Hayden', 'Bryan', 'Griffin', 'Felix', 'Erick', 'Stephen', 'Rylan', 'Ace']
['Angel', 'Luca', 'Maddox', 'Miguel', 'Matteo', 'Kyle', 'Aidan', 'Josue', 'Jake', 'Theo']
['Jayden', 'Christopher', 'Bentley', 'Everett', 'Weston', 'Silas', 'Justin', 'Lorenzo', 'Thiago', 'Manuel']
['Jacob', 'Adam', 'Roman', 'Chase', 'Zayden', 'Messiah', 'Brian', 'Arthur', 'Legend', 'Tobias']
['Mason', 'Isaiah', 'Caleb', 'Declan', 'Emmett', 'Calvin', 'Antonio', 'Elliott', 'Lukas', 'Israel']
['Rhett']
['Joseph', 'Jackson', 'Anthony', 'Levi', 'Lincoln', 'Jonathan', 'Easton', 'Xavier', 'Ashton', 'Emmanuel']
