['203', '139', '136', '114', '52', '242', '225', '388', '376', '366', '363', '361']
['305', '367', '380', '270', '233', '325', '330', '339', '329', '317', '310', '298']
['87', '379', '156', '130', '240', '378', '85', '272', '261', '259', '258', '237']
['387', '253', '349', '210', '321', '138', '315', '235', '208', '202', '188', '185']
['127', '76', '24', '244', '44', '309', '67', '173']
['369', '334', '91', '144', '124', '393', '97']
['73', '394', '304', '174', '47', '93']
['212', '281', '116', '113', '60', '346']
['184', '9', '274', '267', '239', '327']
['282', '400', '290', '347', '27', '301']
['374', '84', '192', '320', '13', '226']
['164', '328', '71', '322', '340', '307']
['344', '149', '178', '193', '23', '248']
['111', '128', '167', '214', '155', '271']
['58', '101', '134', '162', '175', '211', '213', '217', '228', '260', '308', '382']
['39', '40', '55', '56', '110', '150', '159', '165', '166', '170', '343', '390']
['34', '37', '72', '80', '123', '135', '142', '146', '147', '264', '345', '399']
['68', '70', '129', '227', '263', '265', '278', '287', '299', '359', '370', '384']
['17', '18', '25', '46', '53', '59', '183', '207', '275', '277', '297', '397']
['21', '31', '35', '95', '99', '141', '182', '268', '280', '291', '323', '371']
['6', '29', '64', '69', '86', '106', '107', '158', '163', '241', '300', '395']
['7', '20', '54', '122', '148', '222', '306', '333', '337', '360', '372', '386']
['15', '45', '90', '143', '171', '179', '197', '205', '234', '257', '311', '365']
['42', '62', '63', '169', '172', '180', '201', '285', '302', '324', '352', '354']
['2', '5', '28', '32', '74', '131', '154', '160', '196', '219', '243', '357']
['14', '33', '94', '102', '118', '195', '247', '252', '266', '289', '332', '385']
['1', '22', '81', '140', '198', '232', '245', '249', '286', '314', '358', '381']
['3', '16', '49', '50', '132', '191', '220', '276', '279', '326', '336', '368']
['79', '98', '103', '105', '117', '157', '199', '206', '221', '312', '316', '331']
['61', '115', '177', '250', '251', '283', '284', '318', '338', '350', '373', '377']
['66', '83', '88', '112', '120', '152', '194', '218', '288', '342', '364', '392']
['51', '121', '200', '216', '255', '293', '335', '348', '353', '355', '362', '391']
['10', '92', '126', '137', '176', '187', '238', '292', '296', '313', '389', '396']
['36', '100', '104', '125', '145', '181', '186', '254', '262', '303', '351', '383']
['0', '4', '11', '19', '43', '96', '119', '168', '204', '209', '231', '294']
['133', '153', '224', '236', '246', '269', '273', '295', '319', '341', '356', '398']
['65', '75', '78', '108', '109', '161', '189', '190', '215', '223', '229', '256']
['230']
['375']
['8', '12', '26', '30', '38', '41', '48', '57', '77', '82', '89', '151']
