['Merlina', 'Jaleesa', 'Monserath', 'Kvaughn']
['Rey', 'Farah', 'Spartan', 'Selena']
['Rock', 'Sevren', 'Benito', 'Jahlen']
['Kariana', 'Jaleena', 'Lailani', 'Joed']
['Tralyn', 'Marialy', 'Taegan', 'Khalee']
['Carena', 'Antwane', 'Eddieberto', 'Marifer']
['Janesha', 'Ryleeann', 'Sagan', 'Dajana']
['Tajuan', 'Kaymarie', 'Liann', 'Camill']
['Demetreus', 'Raymir', 'Jamear', 'Jdan']
['Amonti', 'Avigail', 'Dominika', 'Dhyan']
['Siena', 'Guadalupe', 'Julia', 'Shamyia']
['Treyson', 'Yarithza', 'Marcellino', 'Amr']
['Khloee', 'Lilyonna', 'Dell', 'Tayseer']
['Sashya', 'Shahid', 'Elysha', 'Daxx']
['Kimball', 'Marrius', 'Aysenur', 'Chanze']
['Blaine', 'Sydelle', 'Nethra', 'Asha']
['Kitty', 'Ganon', 'Brydan', 'Dashun']
['Anadalay', 'Shanell', 'Terriona', 'Aman']
['Zayquan', 'Yaire', 'Nayara', 'Zolin']
['Desteni', 'Emree', 'Tralaya', 'Zuzanna']
['Serenety', 'Mikaelah', 'Delisha', 'Sheniyah']
['Ettel', 'Leighann', 'Adaley', 'Serra']
['Jaaziah', 'Jalilah', 'Noha', 'Sevastian']
['Kalum', 'Tasi', 'Larry', 'Amor']
['Kaeley', 'Gunther', 'Vanesa']
['Nidhi', 'Jazir', 'Jaeline']
['Cynae', 'Braeley', 'Noami']
['Kenzo', 'Zackrey', 'Devaun']
['Shannel', 'Katalina', 'Kirubel']
['Giankarlo', 'Aryeh', 'Samauri']
['Abdulraheem', 'Hakop', 'Kamora']
['Alainna', 'Doyle', 'Salif']
['Analiah', 'Aibhilin', 'Zyeir']
['Mariaelena', 'Shanaiya', 'Gwendolynn']
['Mylie', 'Caliegh', 'Lazaria', 'Atika', 'Tobias', 'Rohil', 'Oluwatobi', 'Hannelore', 'Timia', 'Merary', 'Leib', 'Jaquan', 'Natasia', 'Jirah', 'Mikelle', 'Trinitey', 'Kaymi', 'Jalyiah', 'Tacori', 'Shalonda', 'Sharlene', 'Jemiah', 'Coi', 'Abhinav', 'Asa']
['Seiry', 'Jamonte', 'Sincere', 'Mumin', 'Sussy', 'Aley', 'Kenniyah', 'Dragon', 'Haya', 'Vyncent', 'Dusan', 'Sayd', 'Feven', 'Jezzelle', 'Juliano', 'Kensleigh', 'Keemya', 'Stafford', 'Jaimarie', 'Antrone', 'Thien', 'Natsumi', 'Adeleine', 'Keili', 'Jailon', 'Charlett', 'Nitzia', 'Lealand', 'Azavier', 'Kemily']
['Dereck', 'Alayasia', 'Khamil', 'Aylana', 'Coraline', 'Mykaylah', 'Mikyla', 'Avielle', 'Lauralynn', 'Aleiyah', 'Mezmariah', 'Jophy', 'Jovey', 'Jakelin', 'Leilah', 'Jeremias', 'Jema', 'Azeriah', 'Eeliyah', 'Vivica', 'Janine', 'Ishmel', 'Deidre', 'Emmanuela', 'Michaell', 'Giannie', 'Keion', 'Anouk', 'Jerriah', 'Khila']
['Abaan', 'Rosalio', 'Meryl', 'Olive', 'Larrissa', 'Sanae', 'Tahir', 'Adriene', 'Dainen', 'Lilienne', 'Taye', 'Zahriyah', 'Andriy', 'Lynia', 'Daxen', 'Lukis', 'Laticia', 'Deliany', 'Fidel', 'Coulson', 'Vinnie', 'Nohely', 'Kinzie', 'Ailene', 'Fe', 'Trenise', 'Cicily', 'Mikea', 'Ally']
['Cliff', 'Kobe', 'Seleen', 'Saheim', 'Nancy', 'Jasahn', 'Dessie', 'Michai', 'Gracia', 'Kairy', 'Keni', 'Thaddius', 'Zoiee', 'Dairon', 'Carine', 'Yonason', 'Mckaylin', 'Brinleigh', 'Chidi', 'Salmaan', 'Satomi', 'Ramses', 'Jamaad', 'Kellon', 'Nakari', 'Citlally', 'Detravion', 'Nalaya', 'Aanyah', 'Hayven']
['Jarem', 'Taigen', 'Abdulrehman', 'Cylah', 'Fabrizzio', 'Bristol', 'Mylani', 'Rexford', 'Jahred', 'Artyom', 'Miley', 'Jesalyn', 'Davidjr', 'Crystina', 'Jaquis', 'Tanyla', 'Jamiyla', 'Eleah', 'Jaydah', 'Merissa', 'Britnee', 'Hashem', 'Bow', 'Soriya', 'Xaviel', 'Jacob', 'Kapena', 'Maude', 'Nakaya', 'Ebany']
['Carsten', 'Elisah', 'Ori', 'Aarohi', 'Jatziry', 'Ancel', 'Milene', 'Ahnaya', 'Stefanny', 'Marik', 'Raeleigh', 'Byron', 'Kaira', 'Zamyah', 'Gyzelle', 'Bailynn', 'Tyannah', 'Ameerah', 'Dhalia', 'Iris', 'Sameeha', 'Kirrah', 'Mylez', 'Lakiyah', 'Jax', 'Soniah', 'Griffon', 'Mircale', 'Endi', 'Cisco']
['Zykerria', 'Tafari', 'Veena', 'Gertrude', 'Lada', 'Elway', 'Ilyn', 'Quentyn', 'Adysen', 'Yajahira', 'Deriyon', 'Jos', 'Quintavious', 'Tayyab', 'Kenzington', 'Niemah', 'Donnelle', 'Amritha', 'Loni', 'Handsome', 'Osmin', 'Reynaldo', 'Venezia', 'Casondra', 'Srinath', 'Matt', 'Kay', 'Malaja']
['Takia', 'Johnavan', 'Halo', 'Ellarie', 'Jebediah', 'Markise', 'Aizik', 'Jesus', 'Jamaine', 'Dorcas', 'Lizmari', 'Marnae', 'Makyra', 'Jarrell', 'Dea', 'Eliziah', 'Tam', 'Thadius', 'Casandra', 'Liat', 'Sabastion', 'Denize', 'Marwan', 'Marck', 'Jameisha', 'Harlem', 'Estephanie', 'Delara', 'Shamiyah', 'Sinia']
['Jayme', 'Adanna', 'Basha', 'Shardae', 'Navia', 'Nakeya', 'Jabes', 'Zinia', 'Shiala', 'Ingrid', 'Hugo', 'Kaleo', 'Alyiana', 'Azzareya', 'Emilie', 'Jeru', 'Inaki', 'Prakruti', 'Katarina', 'Abriyana', 'Anwesha', 'Alaija', 'Guy', 'Kaushik', 'Orren', 'Leni', 'Antonin', 'Cordai', 'Montana', 'Hesham']
['Bailei', 'Charlize', 'Ricky', 'Zaahir', 'Jandre', 'Isaak', 'Emmely', 'Tashvi', 'Masud', 'Brenya', 'Keyin', 'Vedika', 'Alyze', 'Sihaam', 'Yarisbel', 'Yavian', 'Adaisha', 'Jersi', 'Donnovan', 'Gor', 'Evangelyne', 'Dyami', 'Ayahna', 'Danyca', 'Kaeleen', 'Keyvin', 'Apollonia', 'Arsalan', 'Trystian', 'Renyah']
['Chyna', 'Kyston', 'Shakila', 'Bright', 'Yu', 'Jerel', 'Rielly', 'Colie', 'Litsy', 'Tobechi', 'Alison', 'Anagha', 'Treyonna', 'Mykenna', 'Margie', 'Shelbee', 'Jomary', 'Shamaiya', 'Gauge', 'Alieyah', 'Jekeria', 'Anastacio', 'Kenzlie', 'Kameryn', 'Oviya', 'Hallei', 'Helaman', 'Rayne', 'Ron', 'Cyris']
['Armita', 'Fox', 'Mailen', 'Suri', 'Raphael', 'Kayliann', 'Artie', 'Kyo', 'Deedra', 'Derionna', 'Evia', 'Farha', 'Abdoulaziz', 'Nishta', 'Shy', 'Akasha', 'Anela', 'Lamariah', 'Aayana', 'Jasiya', 'Marcellius', 'Quintasia']
