['227', '468', '406', '257', '457', '379', '444', '11', '486', '476', '462', '459', '451', '449', '447', '440', '426', '374', '373', '353', '347', '344', '343', '337']
['200', '469', '76', '425', '106', '439', '298', '34']
['7', '41', '13', '21', '378', '283', '322', '265']
['231', '316', '133', '161', '249', '36', '119', '491']
['445', '10', '299', '5', '141', '191', '24', '100']
['396', '140', '380', '241', '484', '209', '376']
['19', '39', '151', '15', '177', '477', '201']
['391', '17', '223', '382', '29', '52', '155']
['411', '423', '386', '73', '138', '187', '357']
['358', '311', '12', '8', '132', '388', '301']
['306', '239', '86', '217', '471', '417', '9']
['460', '433', '203', '14', '292', '129', '288']
['143', '350', '71', '446', '321', '238', '354']
['43', '270', '463', '287', '212', '381', '112']
['6', '473', '389', '53', '282', '234', '18']
['222', '367', '328', '193', '171', '198', '110']
['47', '48', '67', '69', '127', '159', '160', '162', '163', '164', '415', '416', '434', '466', '470', '472', '475', '478', '479', '480', '481', '482', '483', '487', '488', '489', '490', '492', '493', '494']
['26', '38', '89', '173', '174', '175', '176', '178', '179', '180', '181', '182', '183', '184', '185', '186', '188', '320', '413', '414', '421', '422', '424', '427', '428', '429', '431', '432', '436', '448']
['27', '54', '57', '60', '61', '64', '224', '225', '226', '230', '236', '237', '240', '302', '303', '304', '305', '308', '309', '312', '313', '314', '315', '317', '318', '319', '341', '351', '352', '356']
['95', '96', '97', '98', '99', '101', '102', '103', '104', '105', '107', '108', '109', '125', '126', '128', '130', '131', '134', '135', '136', '139', '166', '190', '194', '197', '364', '377', '437', '495']
['28', '30', '31', '32', '37', '80', '81', '83', '84', '88', '90', '91', '92', '93', '94', '142', '147', '148', '149', '150', '152', '154', '438', '441', '443', '450', '456', '461', '464', '465']
['207', '208', '210', '211', '213', '214', '215', '216', '218', '219', '220', '221', '244', '250', '278', '390', '393', '394', '395', '397', '399', '400', '401', '402', '403', '404', '405', '407', '408', '410']
['40', '42', '44', '45', '46', '49', '50', '51', '111', '113', '116', '117', '120', '122', '123', '124', '281', '285', '286', '289', '290', '291', '295', '296', '297', '300', '345', '348', '349', '360']
['262', '263', '264', '266', '267', '268', '269', '271', '273', '274', '275', '280', '323', '324', '326', '327', '329', '331', '332', '333', '335', '336', '339', '361', '363', '368', '370', '375', '384', '385']
['65', '68', '70', '72', '75', '77', '78', '79', '156', '157', '168', '169', '195', '199', '243', '245', '246', '248', '251', '252', '253', '254', '255', '256', '258', '259', '261', '366', '369', '372']
['56', '59', '62', '63', '146', '153', '202', '206', '232', '279', '342', '346', '355', '359', '365', '383', '387', '392', '398', '409', '412', '419', '430', '452', '453', '454', '455', '467', '474', '485']
['0', '1', '2', '3', '16', '20', '58', '66', '118', '121', '144', '145', '167', '170', '196', '204', '205', '242', '272', '276', '284', '293', '325', '338', '340', '362', '371', '418', '420', '435']
['23', '442', '458']
['4', '22', '25', '33', '35', '55', '74', '82', '85', '87', '114', '115', '137', '158', '165', '172', '189', '192', '228', '229', '233', '235', '247', '260', '277', '294', '307', '310', '330', '334']
