['ABT', 'AIX', 'AFJ']
['AKV', 'AKI', 'AIN']
['AMF', 'ATB', 'AHY']
['AEV', 'AND', 'ALB']
['AJR', 'AON', 'ASO']
['AOR', 'AKG', 'AEK']
['ANX', 'ARP', 'AKQ']
['AQQ', 'AKJ', 'ATV']
['ARY', 'AAF', 'ACQ']
['AKU', 'ARS', 'ABJ']
['AGE', 'ANU']
['AFX', 'ALI']
['AHW', 'ARN']
['ACU', 'APE']
['AAX', 'ABB', 'ACM', 'AFH', 'AIR', 'AIW', 'AJD', 'AJO', 'AKW', 'AMX', 'AQG', 'AQW', 'ARD', 'ARH', 'ARM', 'ASA', 'ASE', 'ATE']
['AAB', 'AAV', 'ADA', 'AEM', 'AGI', 'AGY', 'AHL', 'AIM', 'AJM', 'AKX', 'AMS', 'ANW', 'AOA', 'ARK', 'ARV', 'ASB', 'ASD', 'ATH']
['ACR', 'ADG', 'ADX', 'AFB', 'AFW', 'AIK', 'AJL', 'AJN', 'AMW', 'ANS', 'AOI', 'APJ', 'APM', 'AQI', 'AQP', 'ARR', 'ASJ', 'ATC']
['AAR', 'AAW', 'ABX', 'ACD', 'ACF', 'ACK', 'AGF', 'AJC', 'AKC', 'AKN', 'AKO', 'ANJ', 'ANO', 'AQN', 'AQS', 'AQT', 'ARQ', 'ASX']
['ABK', 'ABO', 'ADQ', 'ADV', 'AEA', 'AEC', 'AGR', 'ALV', 'AMD', 'AMO', 'AMY', 'ANQ', 'ANR', 'AOC', 'APL', 'APP', 'AQC', 'ARA']
['AAS', 'AAU', 'ACN', 'ACO', 'AEH', 'AFQ', 'AFU', 'AGA', 'AGT', 'AHP', 'AML', 'AOS', 'APD', 'APU', 'AQJ', 'AQX', 'ARC', 'ARW']
['AAP', 'ACT', 'AFR', 'AHN', 'AHQ', 'AJX', 'ALU', 'AMP', 'AMT', 'ANE', 'ANG', 'ANP', 'AOD', 'AOV', 'APQ', 'APV', 'AQY', 'ATD']
['ABW', 'AED', 'AHD', 'AHV', 'AIF', 'AIO', 'AJI', 'AKD', 'ALE', 'ALO', 'AMU', 'ANV', 'AOU', 'AOY', 'APH', 'ARE', 'ARL', 'ARO']
['AAL', 'AAY', 'ABM', 'ACI', 'ADE', 'AEO', 'AEU', 'AID', 'AIV', 'AOJ', 'AOT', 'AOW', 'ARB', 'ARJ', 'ARX', 'ASP', 'ATA', 'ATU']
['ABY', 'AFG', 'AFM', 'AFT', 'AGV', 'AGW', 'AHB', 'AHK', 'AKB', 'AKR', 'ALW', 'AME', 'ANC', 'ANF', 'AOE', 'AOH', 'ARI', 'ASG']
['AAE', 'ADU', 'ADY', 'AFI', 'AGK', 'AGP', 'AIT', 'AJV', 'AKY', 'ALH', 'AMC', 'ANA', 'AQF', 'AQV', 'ART', 'ASQ', 'ASU', 'ASY']
['AEL', 'AER', 'AET', 'AHA', 'AIQ', 'ALF', 'AMB', 'AMI', 'ANI', 'ANK', 'ANM', 'API', 'APW', 'AQO', 'ARG', 'ASL', 'ASS', 'ATK']
['AAD', 'ABD', 'ABH', 'ACG', 'ACS', 'AEI', 'AEQ', 'AEX', 'AFA', 'AGB', 'AHM', 'AHX', 'AJU', 'ANT', 'APG', 'APT', 'AQR', 'AST']
['AAA', 'AAI', 'AAM', 'ABV', 'ACY', 'AFC', 'AGD', 'AHU', 'AII', 'AIL', 'AJJ', 'AOB', 'AOL', 'AQD', 'AQK', 'AQL', 'ATL', 'ATP']
['ABQ', 'ACX', 'AFF', 'AFO', 'AFS', 'AGJ', 'AIA', 'AIH', 'AJA', 'AJY', 'AKA', 'AKE', 'ALK', 'AMV', 'APO', 'ARF', 'ASM', 'ATI']
['AAH', 'ABG', 'ABN', 'ADP', 'ADW', 'AFL', 'AGU', 'AHO', 'AJH', 'AJT', 'AKK', 'AMQ', 'APN', 'AQU', 'ARU', 'ASF', 'ASH', 'ATR']
['AAT', 'ACA', 'ACP', 'ADN', 'ADR', 'AEE', 'AEJ', 'AES', 'AGG', 'AGL', 'AGQ', 'AHE', 'AJF', 'AKP', 'AKT', 'ALJ', 'AMH', 'AQE']
['AAO', 'ADC', 'ADM', 'AEG', 'AEN', 'AHF', 'AIC', 'AIJ', 'AKH', 'AKS', 'ALP', 'AMM', 'AOO', 'AOP', 'AOX', 'ASK', 'ATM', 'ATO']
['ABI', 'ADH', 'AFN', 'AGC', 'AGH', 'AGS', 'AJE', 'AJG', 'ALN', 'ALQ', 'ALS', 'APA', 'APC', 'APF', 'APY', 'AQH', 'ASI', 'ASN']
['ABF', 'ABU', 'ADK', 'ADT', 'AFP', 'AGX', 'AHR', 'AJB', 'AJQ', 'AKF', 'ALM', 'ANY', 'AOF', 'APK', 'AQA', 'ATG', 'ATQ', 'ATS']
['AAJ', 'AAK', 'AAN', 'ABE', 'ADB', 'AEP', 'AEY', 'AGN', 'AHJ', 'AIY', 'AJP', 'AKL', 'ALG', 'ALX', 'ANB', 'ASR', 'ATF', 'ATJ']
['AAG', 'AAQ', 'ABL', 'ABS', 'ADS', 'AEW', 'AFE', 'AFK', 'AFY', 'AHC', 'AHG', 'AHS', 'AHT', 'AIE', 'AJS', 'AJW', 'AMG', 'APR']
['ACC', 'ACE', 'ACH', 'ACJ', 'ADD', 'ADI', 'ADO', 'ALD', 'ALL', 'AMA', 'AMK', 'AMN', 'AMR', 'AOM', 'APB', 'APX', 'ATT', 'ATY']
['ABR', 'ACB', 'ACW', 'ADL', 'AEF', 'AGM', 'AHH', 'AIB', 'AIS', 'AIU', 'AKM', 'ALR', 'ALY', 'ANL', 'AOK', 'ASW', 'ATN', 'ATW']
['AAC', 'ABP', 'ACL', 'ADJ', 'AFD', 'AFV', 'AIG', 'AIP', 'AJK', 'ALC', 'ALT', 'ANN', 'AOG', 'AOQ', 'APS', 'AQM', 'ASV', 'ATX']
['ALA', 'ANH', 'AMJ', 'AHI', 'AEB', 'ABA', 'ADF', 'AQB', 'ACV', 'ABC', 'ASC', 'AGO']
