['Kim']
['Brian']
['Wesley']
['Cathy']
['Ryan', 'Roy', 'Joseph', 'Richard', 'Evelyn', 'Tim', 'Dawn', 'Rolf', 'Kaitlyn', 'Pat', 'Kerri', 'Irving', 'Kirk', 'Jose', 'Ida', 'Martin', 'Alicia', 'Christian', 'Fernando', 'Gary', 'Mike', 'Melissa', 'Edward', 'Bessie', 'Eleanor', 'Jo', 'Lorraine', 'Cheryl', 'Leticia', 'Virginia', 'Susan', 'Lynne', 'Cindy', 'Stephanie', 'Robert', 'Barbara', 'Olivia', 'Joni', 'Eric', 'Laurie', 'Lisha', 'Donald', 'Morris', 'Christopher', 'Kristine', 'Glenna', 'Berta', 'Brenda', 'Moses', 'Tony', 'Carol', 'Elizabeth', 'Adele', 'Linda', 'Emily', 'Annette', 'Ralph', 'Annalee', 'Scot', 'Marion', 'Hedwig', 'Rosa', 'Judy', 'Gladys', 'Jason', 'Wanda', 'Paula', 'Bradley', 'Fredda', 'Kisha', 'Thelma', 'Janet', 'Anthony', 'Francisco', 'Peter', 'Blair', 'Reuben', 'Raymond', 'Patrick', 'Sarita', 'Betty', 'Marcella', 'Gail', 'Herbert', 'Jane', 'Del', 'Veronica', 'Kathryn', 'Phyllis', 'Eva', 'Jean', 'Maureen', 'Eugenia', 'Ivonne', 'Ouida', 'Rosalee', 'Michelle', 'Amos', 'Clarence', 'Lana', 'Imogene', 'Rebecca', 'Frederick', 'Clayton', 'Lahoma', 'Cecile', 'Jeffery', 'Louis', 'Gilda', 'Calvin', 'Sam', 'Glennie', 'Timothy', 'Garrett', 'Randolph', 'Theresa', 'Matthew', 'Lori', 'Chris', 'Sheryl', 'Sherri', 'Kristin', 'Molly', 'Lawrence', 'Leanne']
['Juan', 'Thomas', 'Martha', 'Ronald', 'Douglas', 'Rachel', 'Kelly', 'Myron', 'Mario', 'Roberto', 'Rosie', 'Troy', 'Angela', 'Ann', 'Gerald', 'Stanley', 'Anna', 'Robyn', 'Bonnie', 'Norman', 'Mabel', 'Shannon', 'Beverly', 'Pete', 'Donna', 'Judith', 'James', 'Albert', 'Cory', 'Brandon', 'Crystal', 'Tamika', 'Mack', 'Jessica', 'Belinda', 'Carl', 'Tracy', 'Bertha', 'Derrick', 'Samuel', 'Heather', 'Deanna', 'Sharon', 'Raul', 'Leona', 'Constance', 'Ursula', 'Roberta', 'Justin', 'Darlene', 'Jesus', 'Geraldine', 'Kevin', 'Fredrick', 'Elsie', 'Maria', 'Inez', 'Roosevelt', 'Dale', 'Beth', 'Dorothea', 'Amy', 'Emery', 'Quintin', 'Dana', 'Jodi', 'Lloyd', 'Stephen', 'Deborah', 'Steve', 'Don', 'Cornelius', 'Andre', 'Jorge', 'Kellie', 'Carole', 'Willie', 'Jayme', 'Georgette', 'Wallace', 'Doris', 'Carlos', 'Angelica', 'Priscilla', 'Andres', 'Gwen', 'Domingo', 'Ernestine', 'Ana', 'Mildred', 'Craig', 'Lucie', 'Ellis', 'Raeann', 'Theodore', 'Elia', 'Jeanine', 'Reggie', 'Margert', 'Jacque', 'Wilson', 'Alex', 'Gerardo', 'Harvey', 'Alexander', 'Lyle', 'Bernard', 'Alfred', 'Marco', 'Erik', 'Jeremy', 'Ashley', 'Burl', 'Ricky', 'Arturo', 'Willis', 'Raphael', 'Jonathan', 'Kerrie', 'Seth', 'Maryann', 'Eugene', 'Will', 'Clarissa', 'Selma']
['Wayne', 'Alison']
['Marquerite', 'Carmen']
['Lulu', 'Steven']
['Alvin', 'Winnifred']
['Jacob', 'Cassie']
['Tanya', 'Harold']
['Curtis', 'Norma']
['Kylie', 'Lillian']
['Lucille', 'Leigh']
['Terry', 'Peggy']
['Krysten', 'Derek']
['Irene', 'Gregory']
['Laura', 'Monica']
['Gertrude', 'Dorothy']
['Rick', 'Booker']
['Teresa', 'Nola']
['Jimmy', 'Marlin']
['Susanna', 'Nicole']
['Viola', 'Andrew']
['Keri', 'Toni']
['Marcelino', 'Robin']
['Lonnie', 'David']
['Cesar', 'Danielle']
['Wendy', 'Jeffrey']
['Philip', 'Lewis']
['Christine', 'Tara']
['Guy', 'Lane']
['Wilma', 'Nina']
['Vella', 'Ray']
['Darrell', 'Natalie']
['Grant', 'Rosalyn']
['Ellen', 'Jeff']
['Caridad', 'Kathleen']
['Mark', 'Stacy']
['Bethany', 'Glen']
['Sofia', 'Lena']
['Stacie', 'Clyde']
['Miles', 'Mable']
['Joshua', 'Marie']
['Daniel', 'Joanne']
['Charles', 'Michael']
['Morgan', 'Josephine']
['Juanita', 'Hugh']
['Gloria', 'Myriam']
['Nelson', 'Matt']
['Larry', 'Mae']
['Corey', 'Pauline']
['Roger', 'Karren']
['Ward', 'Fred']
['Beulah', 'Andrea']
['Reginald', 'Antonio']
['Emmie', 'Connie']
['Latisha', 'Debra']
['Dawna', 'Pamella']
['Walter', 'Reinaldo']
['Lilian', 'Alice']
['Selina', 'Warren']
['Christina', 'Gordon']
['Bruce', 'Jennifer']
['Bobby', 'Helen']
['Rhonda', 'Joann']
['Karen', 'Pamela']
['Lessie', 'Carmelita']
['Marlene', 'Lydia']
['Kimberly', 'Eura']
['Sylvester', 'Ronda']
['Phillip', 'Dean']
['Edwin', 'Mary']
['Travis', 'Laurence']
['Ruby', 'Paul']
['Suzie', 'Melanie']
['Janene', 'Margarito']
['Rafael', 'Ernest']
['Everett', 'Freda']
['Ingeborg', 'Miguel']
['John', 'Lucy']
['Diana', 'Marilyn']
['Danny', 'Frank']
['Nancy', 'Marjorie']
['Pablo', 'Joe']
['Cassandra', 'Ollie']
['Loraine', 'Dennis']
['Polly', 'Victor']
['Esther', 'Jesse']
['William', 'Michele']
['Mireya', 'Kenneth']
['Sally', 'Ruth']
['Sylvia']
['Therese']
['April']
['Adam']
['Audrey']
['Cecilia']
['Shirley']
['Tommy']
['Katherine']
['Winifred']
['George']
['Catherine']
['Stephany']
['Charlotte']
['Patricia']
['Marian']
['Margaret']
['Tuan']
