['Ryann', 'Hiroko', 'Lorelei', 'Sherwood', 'Clarence']
['Dong', 'Clarissa', 'Cassie', 'Horace', 'Toya']
['Alexa', 'Lezlie', 'Delmar', 'Marquitta', 'Tamisha']
['Pearlie', 'Jade', 'Nathalie', 'Clarinda', 'Sharilyn']
['Ema', 'Lamonica', 'Loura', 'Sharlene', 'Clara']
['Tiffani', 'Helene', 'Tameika', 'Inga', 'Tressa']
['Heide', 'Jacque', 'Elena', 'Aaron', 'Tai']
['Juliet', 'Alvera', 'Rachel', 'Cortney', 'Clifton']
['Ambrose', 'Kendall', 'Darnell', 'Marci', 'Charmaine']
['Xuan', 'Shavon', 'Hui', 'Zena', 'Rodrigo']
['Johnny', 'Trey', 'Princess', 'Jan', 'Kris']
['Oneida', 'Bonnie', 'Pinkie', 'Madison', 'Carmon']
['Vincenzo', 'Whitney', 'Hilario', 'An', 'Earnest']
['Kyung', 'Hershel', 'Tina', 'Felix', 'Annabel']
['Randall', 'Latoya', 'Beverley', 'Jeffrey', 'Wes']
['Sharla', 'Vivien', 'Porter', 'Dion', 'Eve']
['Elvia', 'Altagracia', 'Tarah', 'Danita', 'Ron']
['Eugene', 'Darwin', 'Dusti', 'Glenna', 'Vernon']
['Susan', 'Kimbra', 'Jami', 'Hayden', 'Alethia']
['Robert', 'Olevia', 'Meagan', 'Kay', 'Millicent']
['Saul', 'Elliott', 'Sharell', 'Joanne', 'Mariette']
['Dorene', 'Gerardo', 'Savanna', 'Flavia', 'Zoraida']
['Carson', 'Nicole', 'Yevette', 'Byron', 'Kurtis', 'Chan', 'Ok', 'Piedad', 'Kristopher', 'Jeremy', 'Deana', 'Kristi', 'Claudie', 'Xavier', 'Lucas', 'Lana', 'Alex', 'Eloisa', 'Griselda', 'Kelly', 'Lucia', 'Elfrieda', 'Dagmar', 'Lashay', 'Fanny', 'Sheldon', 'Camelia', 'Chester', 'Allena', 'Oma']
['Martin', 'Gisela', 'Destiny', 'Phylis', 'Margart', 'Odell', 'Antoinette', 'Latia', 'Shelton', 'Nickolas', 'Mariah', 'Isabel', 'Loria', 'Jama', 'Clarice', 'Tanisha', 'Neida', 'Harvey', 'Cristi', 'Terry', 'Jennie', 'Frederic', 'Kirstin', 'Murray', 'Selma', 'Rita', 'Nohemi', 'Easter', 'Dorthea', 'Vada']
['Irma', 'Rachael', 'Kitty', 'Chun', 'Ocie', 'Kasey', 'Garland', 'Naida', 'Eustolia', 'Marquis', 'Raleigh', 'Honey', 'Jefferey', 'Tracie', 'German', 'Michaela', 'Hassan', 'Nieves', 'Leilani', 'Alvin', 'Lauren', 'Marilynn', 'Logan', 'Verona', 'Stanley', 'Jesus', 'Marion', 'Lyn', 'Freddie', 'Percy']
['Son', 'Laticia', 'Alton', 'Dewitt', 'Roxane', 'Kylie', 'Claretha', 'Laraine', 'Amada', 'Randa', 'Retta', 'Arcelia', 'Emmanuel', 'Stephani', 'Carolee', 'Marvis', 'Rolando', 'Raul', 'Valorie', 'Joan', 'Elicia', 'Joye', 'Louise', 'Darrel', 'Janetta', 'Esperanza', 'Deirdre', 'Tammi', 'Tyisha', 'Brendon']
['Winford', 'Doyle', 'Caitlyn', 'Lasonya', 'Shonda', 'Reita', 'Marcella', 'Hillary', 'Debora', 'Oscar', 'Miranda', 'Treena', 'Marlo', 'Alane', 'Joelle', 'Leila', 'Mariano', 'Clyde', 'Hyun', 'Shaun', 'Marcos', 'Anabel', 'Leonida', 'Herlinda', 'Leonard', 'Stanford', 'Jeanette', 'Milissa', 'Pa', 'Susannah']
['Annamarie', 'Aretha', 'Kim', 'Rosalee', 'Theo', 'Rosalba', 'Grant', 'Travis', 'Ella', 'Nadia', 'Oswaldo', 'Florencio', 'Hortense', 'Eufemia', 'Enola', 'Cleotilde', 'Marcie', 'Russell', 'Kareem', 'Florinda', 'Audie', 'Osvaldo', 'Elenora', 'Loren', 'Chance', 'Antonina', 'Lisa', 'Junior', 'Jae', 'Christiane']
['Rima', 'Garret', 'Louella', 'Lilly', 'Alicia', 'Dewayne', 'Charisse', 'Glenda', 'Irena', 'Adah', 'Jina', 'Trena', 'Orval', 'Riley', 'Gerard', 'Lola', 'Jay', 'Sharan', 'Naomi', 'Alfred', 'June', 'Dora', 'In', 'Artie', 'Lyndon', 'Taneka', 'Antonette', 'Danial', 'Elvie', 'Angella']
['Renea', 'Refugio', 'Lue', 'Chas', 'Vernia', 'Tamala', 'Angeline', 'Leontine', 'Imogene', 'Spencer', 'Almeta', 'Clinton', 'Bertha', 'Alexandra', 'Merrill', 'Houston', 'Chang', 'Renetta', 'Marvin', 'Lizabeth', 'Edmond']
