['76', '358', '262', '256', '359', '498', '497', '496', '491', '485', '483', '481', '480', '479', '472', '471', '469', '468', '466', '464', '463', '460', '454', '449', '448']
['174', '404', '30', '428', '422', '447', '440', '433', '430', '429', '427', '425', '419', '418', '412', '410', '407', '399', '398', '397', '394', '391', '387', '384', '376']
['56', '125', '221', '361', '209', '373', '371', '369', '367', '366', '363', '355', '348', '347', '342', '339', '334', '333', '327', '325', '315', '309', '300', '299', '298']
['113', '400', '317', '157', '203', '296', '289', '287', '283', '268', '264', '261', '259', '243', '239', '237', '235', '233', '231', '229', '228', '225', '224', '223', '222']
['103', '445', '61', '96', '32', '218', '217', '214', '210', '205', '192', '184', '181', '177', '175', '173', '171', '163', '159', '155', '154', '153', '147', '144', '140']
['50', '105', '357', '362', '40', '135', '133', '130', '126', '121', '118', '116', '115', '111', '110', '108', '99', '94', '86', '80', '79', '77', '69', '67']
['255', '459', '26', '396', '213']
['278', '57', '257', '438', '281']
['182', '201', '196', '395', '271']
['124', '195', '54', '450', '191']
['216', '166', '385', '65', '248']
['304', '377', '220', '260', '324']
['85', '435', '6', '270', '158']
['242', '388', '353', '167', '131']
['199', '164', '137', '138', '489']
['346', '190', '21', '208', '106']
['23', '250', '272', '179', '112']
['368', '139', '417', '328', '187']
['83', '444', '372', '439', '488']
['2', '136', '294', '282', '4']
['414', '122', '238', '285', '114']
['330', '305', '188', '254', '160']
['70', '456', '245', '492', '343']
['82', '127', '303', '336', '148']
['279', '34', '302', '323', '321']
['234', '462', '41', '156', '75']
['490', '253', '71', '307', '405']
['18', '493', '53', '308', '141']
['180', '17', '212', '123', '28']
['265', '365', '117', '226', '286']
['442', '275', '451', '246', '42']
['249', '97', '356', '476', '244']
['310', '38', '277', '393', '178']
['475', '437', '202', '352']
['465', '232', '354', '381']
['341', '452', '258', '293']
['344', '5', '62', '379']
['73', '87', '91', '92', '119', '143', '146', '206', '207', '227', '269', '276', '280', '291', '297', '380', '389', '403', '409', '413', '415', '416', '453', '470', '499']
['10', '25', '37', '90', '102', '104', '129', '142', '162', '168', '170', '176', '193', '197', '236', '263', '332', '375', '390', '401', '421', '432', '434', '455', '477']
['7', '14', '68', '78', '81', '84', '95', '98', '101', '194', '251', '273', '288', '301', '313', '318', '320', '322', '337', '338', '350', '378', '382', '383', '484']
['39', '49', '55', '64', '88', '93', '151', '152', '161', '198', '204', '295', '311', '386', '411', '423', '441', '446', '458', '482']
['13', '46', '59', '89', '107', '109', '132', '165', '183', '186', '230', '267', '274', '284', '290', '326', '331', '335', '349', '364', '431', '457', '473', '474', '486']
['219']
['3', '20', '35', '66', '72', '74', '120', '128', '149', '150', '169', '172', '185', '189', '252', '312', '316', '319', '329', '340', '360', '374', '443', '478', '487']
['9', '100', '134', '145', '200', '211', '215', '240', '241', '247', '266', '292', '306', '314', '345', '351', '370', '392', '402', '406', '408', '420', '424', '426', '495']
['467']
['494']
['436']
['461']
['0', '1', '8', '11', '12', '15', '16', '19', '22', '24', '27', '29', '31', '33', '36', '43', '44', '45', '47', '48', '51', '52', '58', '60', '63']
