['AHP', 'AOV', 'APP', 'AIF', 'AQJ', 'AOF', 'APD', 'ABH', 'APL', 'AMF', 'AHT', 'AJD', 'ACV', 'AIN', 'AIV', 'AMV', 'AEB', 'AEZ', 'AAR']
['AGJ', 'AJH', 'AAJ', 'AMB', 'AIZ', 'AHD', 'AAV', 'ALH', 'ACZ', 'AMR', 'ADP', 'ANT', 'AJT', 'AKJ', 'AND', 'APX', 'AIB', 'ABL', 'AEJ']
['ACF', 'ABD', 'ALP', 'APH', 'ANL', 'AEV', 'ABP', 'AGN', 'AHH', 'ACR', 'AQN', 'AKN', 'ALT', 'ABX', 'ACJ', 'AQF', 'AFT', 'AGV', 'AFX']
['AFP', 'APT', 'AMJ', 'AAF', 'AJP', 'AOB', 'AMN', 'AGB', 'AFH', 'ANX', 'ALX', 'ADH', 'AAN', 'ALL', 'AQB', 'AKF', 'ADL', 'AKV', 'ANP']
['ACB', 'ALD', 'AFL', 'ANH', 'AKR', 'ADX', 'AHL', 'AFD', 'AON', 'AIR', 'AJX', 'AEN', 'AOJ', 'AAB', 'AEF', 'AHX', 'AKB', 'AGF', 'AGR']
['ALM', 'ANO', 'AOD', 'AMP', 'AKU', 'ANR', 'AML', 'ALB', 'AKK', 'AOA', 'AJY', 'AOC', 'ALG', 'ALK', 'AMH', 'AMX', 'AJW', 'ALE', 'AKM']
['AKL', 'AJK', 'AJO', 'AOL', 'AKO', 'ALF', 'ANA', 'ANQ', 'AKA', 'AMC', 'ANB', 'ALN', 'AJI', 'AOE', 'AJE', 'AJB', 'AKX', 'ANW', 'AMG']
['AKI', 'AMK', 'AKG', 'AMW', 'AJF', 'ANJ', 'AMS', 'ANE', 'AJM', 'AKS', 'ALJ', 'AOG', 'ANM', 'AJA', 'AMD', 'ANV', 'ALU', 'ANC', 'AJS']
['AGO', 'AHN', 'AFU', 'AGY', 'AIU', 'AIH', 'AGT', 'AGQ', 'AIA', 'AGG', 'AHZ', 'AFY', 'AHI', 'AHV', 'AGA', 'AGU', 'AIO', 'AGX', 'AIS']
['ALQ', 'AJJ', 'AKP', 'AMQ', 'AJQ', 'ANS', 'ANF', 'ANN', 'ANY', 'ALW', 'AOK', 'AJG', 'AKW', 'ALI', 'ALS', 'AOI', 'AJN', 'AKE', 'ALY']
['AHA', 'AIP', 'AGH', 'AHY', 'AIY', 'AIX', 'AHW', 'AHS', 'AGM', 'AFQ', 'AGI', 'AGK', 'AHB', 'AHG', 'AHE', 'AHF', 'AGW', 'AGS', 'AHR']
['AOQ', 'AQD', 'APK', 'AOW', 'APN', 'AQE', 'APC', 'APG', 'AQL', 'AOT', 'APW', 'AQI', 'APF', 'AQK', 'API', 'APS', 'APO', 'AQO', 'APZ']
['AEY', 'AEU', 'AFB', 'AED', 'ADU', 'AFE', 'ADR', 'AFC', 'ADQ', 'AEM', 'AFA', 'ADY', 'ADV', 'AFF', 'AEX', 'AEA', 'ADZ', 'ADM', 'AEO']
['AMM', 'ALO', 'AJR', 'AMY', 'ALC', 'ANU', 'AMI', 'AMU', 'AJC', 'AJV', 'AKY', 'AKT', 'ALR', 'ALV', 'AKQ', 'AKC', 'AKH', 'ALZ', 'ANG']
['ACP', 'ACD', 'ACM', 'ADK', 'ACI', 'ADJ', 'ADE', 'ADF', 'ADG', 'ADB', 'ACK', 'ACU', 'ACQ', 'ACE', 'ACW', 'ACL', 'ACO', 'ADA', 'ACY']
['AHC', 'AII', 'AIM', 'AID', 'AHU', 'AFZ', 'AGP', 'AHO', 'AIT', 'AGD', 'AGL', 'AGC', 'AIL', 'AFV', 'AIQ', 'AFO', 'AHJ', 'AFR', 'AIW']
['AEG', 'AET', 'ADW', 'ADN', 'AEC', 'AFJ', 'AFN', 'AFM', 'AFI', 'AEQ', 'AEH', 'AEL', 'AEI', 'AEP', 'ADO', 'AFK', 'AEE', 'ADS', 'AEW']
['APJ', 'AQA', 'AOX', 'AQH', 'APQ', 'AQC', 'AQG', 'APB', 'APA', 'APY', 'AOY', 'AOP', 'APV', 'APR', 'APM', 'AOO', 'AOU', 'AOS', 'APU']
['ABZ', 'ABM', 'ACC', 'AOH', 'AME', 'AJU', 'ABS', 'ABO', 'ABQ', 'ABI', 'ABR', 'ABK', 'ABV', 'ABN', 'ABU', 'ABJ', 'ABW', 'ABY', 'ACA']
['AGE', 'AIK', 'AHK', 'AFS', 'ANZ', 'AMT', 'AIE', 'AHQ', 'AIC', 'AKD', 'AIG', 'AMO', 'ANK', 'ALA', 'AOM', 'ANI', 'AMA', 'AJZ', 'AFW']
['AAW', 'AAS', 'AAT', 'ACG', 'ABA', 'AAX', 'AAY', 'ACT', 'AAO', 'ABB', 'ACS', 'ADI', 'ABC', 'ABE', 'ABF', 'ABG', 'ADC', 'ACX', 'ACH']
['AAG', 'AAD', 'AAK', 'APE', 'AAE', 'AQM', 'AAH', 'AAM', 'AAI', 'AAU', 'AFG', 'AAQ', 'AES', 'AEK', 'AAL', 'AAP']
['AGZ', 'AOR', 'AMZ', 'ADT', 'AIJ', 'AER', 'ADD', 'AKZ', 'AAZ', 'AOZ', 'ACN', 'ABT', 'AJL']
