['CZQAC', 'MSZXR', 'XDBSH', 'VCMUY', 'VHWPC']
['BHECC', 'DTPHQ']
['NMUXG', 'DOXUP']
['XGCQB', 'OENOT']
['SCMKV', 'IOHXF']
['XZTVE']
['QBYJR']
['QQCGU']
['NKLCQ', 'NZQNY', 'BMNGE', 'RISKG', 'JGBOH', 'BOOKC', 'TIZZI', 'WFPUN', 'FPFHY', 'GUGKR', 'LQGAI', 'DFZLH', 'FKMPO', 'TKEWX', 'UQJJY', 'VXNNV', 'QMJUD', 'SSZXS', 'CWZDH', 'TWVAR', 'STZIM', 'ZRFKN', 'AIWJE', 'NNLIE', 'QJRDV']
['ZMCMD', 'ROVKN', 'MUUIL', 'IQLHD', 'XMJJP', 'AALPZ', 'SOVUQ', 'LVMLT', 'FBZDZ', 'HUNXU', 'XIGOI', 'WNDOP', 'QVEIA', 'USRDK', 'TJFHX', 'AHXXM', 'MCXWP', 'TDICM', 'OZSQX', 'OXZCV', 'ZKMSA', 'KIEKF', 'NLQWV', 'BWKXY', 'VGTYI']
['LFYYV', 'VQTXV', 'VLACB', 'JDDRN', 'FHCPP', 'GKYTD', 'ZRLGV', 'SYRST', 'FYSSP', 'KCPYN', 'HIBFR', 'BREAU', 'OYLVF', 'WTAGZ', 'DQJYE', 'UDEWT', 'RNMID', 'WGNBW', 'YVULZ', 'JFOPY', 'MIMWO', 'QMBKL', 'YMAKV', 'XHKTV', 'QHQUF']
['FRVNO', 'MTXFY', 'JLTJR', 'LYFLA', 'FIUZZ', 'DWCIC', 'FYAYI', 'KGDBH', 'XTFTT', 'BBDFQ', 'PADSR', 'VGWZF', 'GPHCZ', 'XGXRC', 'VUZHE', 'FSYHN', 'YPRRC', 'XYVAU', 'LRCXZ', 'QZGLO', 'NKEPZ', 'EYYNC', 'GPAYG', 'QXETJ', 'UHIOD']
['PUFAY', 'WLODL', 'GDZSX', 'ABAQL', 'TYYLF', 'DYIYS', 'TEYRZ', 'WNGHY', 'QBGLN', 'DPJHM', 'PPBBM', 'SSWHW', 'PEIBF', 'HAYKV', 'UDFVU', 'PREHL', 'YIQHC', 'JTKTH', 'KEPXD', 'KEDYT', 'IAASE', 'ENHUS', 'ILRGH', 'FWKYL', 'ZOVBE']
['ADKIG', 'DUQLN', 'WNBOI', 'ZXEUD', 'YTXXV', 'QNXTS', 'BCTKV', 'SACPU', 'XMZUX', 'YTTKI', 'JLETC', 'DJQYY', 'GKPPL', 'KDZDK', 'EFRTR', 'EPEAQ', 'OHEWR', 'XADCG', 'EIALG', 'OMNEY', 'PUJOM', 'EWIJA', 'URMYA', 'GKLKQ', 'ALNHK']
['LMDUZ', 'DOYMU', 'JEHBC', 'HAPCQ', 'YHWVK', 'KXFFP', 'CSGGY', 'ABQJV', 'DBPXU', 'NRRFB', 'SEJRA', 'JWNLZ', 'DWGDE', 'KCWNV', 'UYUIP', 'QACAX', 'XPMAC', 'AEHLI', 'TPIHD', 'OEEYW', 'ZSYGC', 'FFZNI', 'ZLMYN', 'UTQPU', 'HDFES']
['FXFHY', 'CYVWU', 'AUIRW', 'IHIWD', 'LYSRO', 'NCWPX', 'RCWOS', 'JFKWJ', 'QSIZR', 'XQUPB', 'WHBFR', 'RMHZI', 'QSAIM', 'VUPAV', 'SWZLI', 'MCVPN', 'TARGC', 'BBIGY', 'RKMOC', 'GAQXI', 'LESUW', 'SPSXT', 'LJQBN', 'WMAOH', 'MQEVZ']
['YPSZJ', 'AZDHE', 'XQYCU', 'TPIXY', 'TLAOJ', 'TQUPW', 'JECON', 'SPROB', 'KEUTQ', 'BVKPC', 'IDOHH', 'XBVDI', 'SEVGN', 'VKBEF', 'IBFSE', 'BCKDA', 'IYGUJ', 'JPWDA', 'VSEBO', 'KTXRI', 'LPRGT', 'PKUWP', 'UMQSO', 'FIBZD', 'LMZAF']
['QFZCO', 'QYCKH', 'FKSNY', 'ELBRQ', 'CHCYT', 'REVQE', 'VYUHL', 'GRIBM', 'KQZVU', 'RQZDB', 'BFHEV', 'LQJNK', 'VNIQM', 'QFSQF', 'GKOUL', 'NLQQX', 'GAUGX', 'XLWDU', 'RLKNU', 'DZGQX', 'UOYAH', 'CALHI', 'XOUQG', 'HXGTU', 'RRFYM']
['NEQMO', 'NGBWQ', 'TJLUN', 'GXAOE', 'UXUZX', 'RSFHX', 'BEFRL', 'SUEUT', 'CXMEP', 'PKECO', 'VUTIQ', 'ZOHDS', 'NZAXS', 'GUJWH', 'RWIWJ', 'GUJWW', 'EIREK', 'ZPWCF', 'CWKNX', 'LHFOM', 'PPAYR', 'VBXTL', 'POYSB', 'VKHOX', 'XOUQM']
['EBQJA', 'NPJSC', 'OBCSZ', 'ZCMCP', 'EXERI', 'SDCRN', 'FLAIE', 'FQYNK', 'SURGB', 'WWCYP', 'VISUM', 'FIIIX', 'RDCHE', 'SMDTK', 'HOCJP', 'FRHWO', 'PBEOM', 'YVMFJ', 'SUNJN', 'NHBOU', 'BHFJC', 'PRFNT', 'QUGAX', 'MMHOG', 'SHEUT']
['PHXOS', 'FCFIW', 'CSILO', 'YKOFS', 'HGAWC', 'ZYEMW', 'CZNRV', 'VZNGS', 'WTMZW', 'PQEKQ', 'KFWQL', 'CYMCE', 'DAPHY', 'JGGQM', 'RMNKI', 'DBXJE', 'RUSXV', 'ELRTK', 'FWTXB', 'NHZCJ', 'OJTYX', 'MQWLN', 'WEYKU', 'YQBLY', 'GPKTZ']
['SIWEE', 'LBYAL', 'RSYQC', 'NSSHB', 'VZFUK', 'NZQKM', 'RZJZX', 'YTVYR', 'POXWS', 'DREMQ', 'BSOUP', 'TMCLZ', 'FESAS', 'DNOMK', 'YRTTG', 'IUTYE', 'UNSUE', 'KSGPB', 'CRKWH', 'LCYZY', 'IPLJJ', 'PDSZU', 'BKFQR', 'BXGFY', 'NLPHM']
['JXKSJ', 'OYGNB', 'MRNHH', 'RWOPE', 'VLXZD', 'YSBTR', 'GZWND', 'GJCQK', 'OVNTP', 'GFWZF', 'LEYDX', 'UMQRP', 'KZBFF', 'FIPGX', 'DDGZR', 'GBEQY', 'MBBZL', 'CRSZF', 'GWEZA', 'RFDDK', 'XVOGO', 'ASGXO', 'PQYKQ', 'SLHLJ', 'JAGAT']
['QLDQR', 'TJTMV', 'JGIMA', 'SEUJM', 'UEFBC', 'VQUBW', 'NCXIY', 'PPGSA', 'NMWYK', 'EFPNV', 'VNNEP', 'AQEWE', 'JCWPV', 'LGPGN', 'EGYBS', 'JJDHO', 'GJYBX', 'MLWLT', 'WZJYQ', 'HZGVK', 'AXIHL', 'BNPMH', 'ZZKGQ', 'PCOTH', 'NTGQJ']
['DRVVY', 'KRMMY', 'UPNVV', 'IXEZM', 'ZUYFN', 'BXGAG', 'SAOVB', 'QJUJE', 'RRDGL', 'YYNPW', 'DFNDO', 'CCHLM', 'WEDAM', 'PSMNV', 'AAEBS', 'IYMNE', 'REFDA', 'FMMZU', 'HKSDK', 'RVMXY', 'STJMV', 'KDMQW', 'JRNKY', 'JMPSL', 'EAHZI']
['VFWVV', 'CYRFR', 'OPZLD', 'HVAAR', 'GNDQJ', 'UZTYA', 'XYABI', 'IVYZR', 'ERXLL', 'VFXSF', 'JPLIB', 'ENWEC', 'EHCWU', 'XQQNM', 'RAAAY', 'ZNEQL', 'ZNTDR', 'VVMSW', 'JCTBB', 'AXICB', 'TLKIE', 'CASYZ', 'PARXO', 'METWY', 'IEEVC']
['PUWYW']
['LCGFN', 'UTYHJ', 'ZMWJB', 'AEXQY', 'PAVOS', 'VSARS', 'KBDMG', 'VWLQP', 'FSIEJ', 'FMFZO', 'PDNXQ', 'GRUYQ', 'SLYUO', 'IPMBX', 'HAKPT', 'WAZOJ', 'UHFXM', 'PBAWW', 'VMRKJ', 'NCCJD', 'JMNIF', 'CTLHM', 'EXSFL', 'JCAYK', 'HKBNA']
