['297', '58', '122']
['268', '302', '208']
['148', '53', '237']
['28', '227', '113']
['150', '0', '91']
['128', '30', '8']
['59', '169', '57']
['277', '66', '14']
['51', '174', '154']
['192', '189', '70']
['279', '44', '270']
['211', '214', '325']
['260', '321', '77']
['226', '67', '317']
['115', '252', '84']
['195', '108', '304']
['82', '239', '98']
['269', '55', '145']
['7', '320', '313']
['103', '289', '137']
['203', '298', '152']
['4', '112', '293']
['101', '121', '261']
['243', '306', '46']
['42', '303', '17']
['141', '281', '222']
['63', '177', '35']
['286', '322', '235']
['168', '144']
['160', '316']
['16', '186']
['216', '54']
['89', '184', '107', '117', '254', '274', '167', '258', '305']
['93', '132', '163', '210', '300', '202', '234', '110', '205']
['131', '232', '244', '126', '212', '314', '11', '127', '149']
['5', '287', '109', '180', '229', '310', '276', '81', '249']
['43', '76', '183', '231', '284', '190', '255', '90', '140']
['3', '48', '60', '143', '223', '327', '29', '31', '9']
['24', '99', '120', '125', '188', '241', '256', '218', '68']
['97', '171', '172', '324', '1', '52', '118', '219', '265']
['49', '251', '294', '263', '292', '65', '72', '100', '50']
['36', '37', '95', '105', '85', '257', '22', '69', '134']
['130', '175', '178', '209', '228', '262', '312', '296', '12']
['159', '206', '326', '20', '197', '245', '253', '273', '233']
['86', '114', '204', '266', '64', '71', '166', '13', '26']
['165', '250', '309', '315', '18', '62', '142', '25', '225']
['47', '123', '153', '319', '283', '295', '133', '246', '282']
['75', '147', '248', '280', '291', '318', '323', '116', '185']
['39', '161', '173', '191', '242', '139', '74', '194', '267']
['88', '164', '182', '213', '220', '23', '33', '129', '87']
['146', '151', '193', '238', '288', '307', '34', '155', '179']
['78', '124', '240', '299', '83', '111', '301', '21', '272']
['264', '308', '2', '32', '94', '201', '217', '230', '135']
['15', '56', '102', '27', '176', '198', '290', '45', '38']
['119', '215', '196', '224', '80', '96', '199', '259', '157']
['104', '106', '200', '278', '285', '19', '156', '73', '221']
['10', '41', '136', '207', '271', '275', '187', '79', '247']
['311', '92', '162', '6', '158', '40']
['236', '170', '138', '181', '61']
