['VYDDY', 'ORRXP', 'QECFT', 'HWSJL', 'QSYML']
['GBGAG', 'CIUZU', 'WSVIR', 'AICHQ', 'OXRDD']
['EBLCO', 'EHHWX', 'TLZCG', 'DKHZJ', 'BEIFF']
['KUMCW', 'CIPCP', 'YWCZV', 'IXMQO', 'CPJBS']
['HGJEC', 'WLCAR', 'CCNPM', 'IRNCA', 'FDGQA']
['XFNKQ', 'VNVFZ', 'KHNJL', 'KSCIB', 'UGVLA']
['TFEWH', 'MIKDS', 'HNXEZ', 'NUSHB', 'ZCVZT']
['MEKWP', 'CKFJL', 'YQSUZ', 'TFGVT', 'MESKQ']
['AHMRO', 'LYGHF', 'XXRUC', 'JTHWI', 'TYMOI']
['RQZPM', 'LCHJI', 'PSZDK', 'HXXMK', 'DCJPL']
['JWSRE', 'SAVNS', 'PABIC', 'BTWAZ', 'MRXML']
['XBTFE', 'OUQMM', 'WNYYG', 'QNUDR', 'RMJIF']
['XIDUV', 'VLQCW', 'UFVEC', 'ZPTPS', 'HNKDE']
['SMSHQ', 'BBVXC', 'XUHAP', 'OVYUV', 'FZQXE']
['OENWP', 'BBKUO', 'VTOZN', 'YNIQG', 'ZJNIT']
['WJIWZ', 'XCTJB', 'LIGPC', 'VXLZU', 'GICKM']
['ZJQQO', 'FXFUX', 'KGIPC', 'PTRTD', 'SJJMM']
['EGIIY', 'UJESQ', 'RDCTS', 'UGKUC', 'YFRIJ']
['VLEXY', 'CBNUD', 'WUTXG', 'ZUTJZ', 'PKHDM']
['OZZTI', 'WAQDW', 'QBVUY', 'TBZDI', 'KXMSB']
['RCZHM', 'PQDFC', 'QYLAH', 'DKSJV', 'KQUJH']
['INTFC', 'GZQDO', 'BWWYB', 'UHOTV', 'JXGHX']
['SIGOM', 'SZXFW', 'HFDOF', 'WJAIQ', 'CBJEL']
['YJCIZ', 'VFFHE', 'RMUXW', 'FCWUA', 'TKYGG']
['YORBA', 'WWYEF', 'WAHPX', 'DVLFX', 'YXPNV']
['EAEIR', 'SGRXP', 'YWPLR', 'QPVND', 'IGAXC']
['KENPF', 'ENWEP', 'HSIWG', 'GOXXP', 'HAXVF']
['KDZKT', 'KXUES', 'VXIFI', 'QGRPC', 'UJHDY']
['EAITX', 'LSZMU', 'VIPLF', 'OVYDG', 'RUGKU']
['HATBR', 'CQBIT', 'IAADS', 'QYWKX', 'DSQUZ']
['BGOJW', 'IZZTZ', 'BJTHH', 'VPSEI', 'JMYIA']
['FCJLJ', 'CUUFQ', 'SYIZZ', 'CLLNQ', 'KEMJT']
['THQAC', 'EOCJX', 'VATRQ', 'SPHAJ', 'HKVZW']
['GCQTP', 'AWUBI', 'WCFRY', 'TBPZM', 'NSTKH']
['EHMWV', 'GWJWE', 'EFKRH', 'CVNCZ', 'QCHPG']
['PVVAV', 'SGTRH', 'OLFRP', 'ZIJNW', 'APXMD']
['OSLVS', 'MTCGB', 'OAGEZ', 'LNIAF', 'SRUUN']
['ZBJTS', 'FSTKF', 'CKHRK', 'QBZQQ', 'WOIJX']
['TEFPC', 'NHQWU', 'RJDRX', 'ZLQYF', 'CHIJG']
['SROSJ', 'WDGCR', 'IGQNP', 'LIQGP', 'MXMMA']
['OKPQW', 'ZNMAJ', 'UZKCN', 'FZRBE', 'XXFSV']
['VQAKV', 'MYAVD', 'TUSMK', 'ERQBP', 'WUCQA']
['UCQZE', 'ZRVWH', 'GVYUW', 'BNJLP', 'FZBVB']
['SVMGK', 'XUYPR', 'JAFZN', 'NWAHL', 'QQXNO']
['HTJHJ', 'QIALM', 'XEEVL', 'VATKD', 'NKCOJ']
['IGUWL', 'EADHZ', 'ZQDIP', 'ETYTK', 'SHLYA']
['SKBJW', 'PLFWC', 'BVCTY', 'RJIED', 'ALXRH']
['BNYBV', 'BPLLS', 'PSVNQ', 'XBSXA', 'YQPNL']
['TNZEA', 'IZMEQ', 'KCHSD', 'UQKOV', 'ZYPEK']
['AXQPJ', 'GUDYJ', 'KPECP', 'WTGUO', 'ERTVL']
['UHYVL', 'JCOPI', 'TKJBK', 'HCVBR', 'ARMIC']
['AILUZ', 'RWZXF', 'PKBGA', 'IRAUO', 'AGDTK']
['XBLXM', 'NLRBO', 'NSAJQ', 'JHGWB', 'TVCFA']
['QGGOH', 'TTIDN', 'YBAFX', 'LBKGE', 'NDLFM']
['SRFIJ', 'CSQHY', 'BPZOY', 'EYFRR', 'QSVBC']
['DFVZW', 'OJGET', 'JQBSO', 'LPHWP', 'TAIVA']
['FVYLB', 'GAEKQ', 'IKHTD', 'VGCRP', 'GNCHO']
['PECLI', 'CIILB', 'YJPCO', 'SFQST', 'QUECI']
['CPTCX', 'IVZGD', 'OQSOU', 'ACMPF', 'FXUHH']
['FBWOW', 'DUAEB', 'NCDJQ', 'DBIOJ', 'UCLPW']
['VWJWK', 'FGDHQ', 'UHSWZ', 'SEYUH', 'VBRPO']
['KRWXO', 'QVNNO', 'FJPVZ', 'VVCGQ', 'OTQON']
['RUYNY', 'WPGRW', 'MQDQQ', 'QGXZJ', 'XGNPD']
['EWNSH', 'UDTFQ', 'IAMKK', 'ABYHN', 'QIZOX']
['CIOFH', 'ACJRU', 'PQAHJ', 'VQDCT', 'VGUGP']
['ALMIE', 'GJRAV', 'ECNTU', 'FEUEQ', 'DSUJE']
['WGGGP', 'QCRLR', 'FELNZ', 'PXCKJ', 'XWMKT']
['RFWKF', 'MXBHP', 'OCOQX', 'RURLC', 'NVSYK']
['AWDBE', 'ZEPYJ', 'DLKKW', 'ONQWA', 'KYKCO']
['XAOMD', 'ENKVR', 'QAOAR', 'DVRRV', 'LVBGW']
['ZHVLK', 'PGHQU', 'NSDMC', 'JOZYK', 'TAHXC']
['MWVBQ', 'QQUYY', 'GEQFC', 'CFMPM', 'WHRVK']
['JEBNF', 'GLIPE', 'IBUGB', 'XNYRJ', 'OMYLR']
['SGXHX', 'BLHOQ', 'ZJPJO', 'TFWCC', 'OXRUQ']
['UBCVC', 'CIBMR', 'VSPLU', 'OKQTW', 'DFBMK']
