['Berner', 'Clovah', 'Jillana', 'Winebaum', 'Melda', 'Galligan', 'Augustina', 'Shepp', 'Hankins', 'Bran', 'Marilou', 'Cataldo', 'Elihu', 'Sinnard', 'Ubana', 'Vaish', 'Hong', 'Prebo']
['Questa', 'Woodhead', 'Mathur', 'Vonni', 'Minier', 'Fabrice', 'Maude', 'Demetria', 'Summons', 'Chae', 'Lynnelle', 'Minda', 'Neveda', 'Cristiona', 'Ches', 'Tristam', 'Pappas', 'Fokos']
['Joed', 'Darsie', 'Klute', 'Ashman', 'Starinsky', 'Shanly', 'Sandstrom', 'Beaver', 'Lou', 'Paulita', 'Henrique', 'Pontius', 'Faunia', 'Felicie', 'Ratcliffe', 'Roanna', 'Damon', 'Cerracchio']
['Balling', 'Noyes', 'Holofernes', 'Grimona', 'Davidde', 'Hook', 'Smukler', 'Utas', 'Fausta', 'Ferro', 'Toh', 'Griswold', 'Dett', 'Dela', 'Feinstein', 'Carlick', 'Schreck', 'Holton']
['Ng', 'Crean', 'Sumer', 'Gowrie', 'Elberta', 'Uta', 'Chaddie', 'Crompton', 'Volkan', 'Nestor', 'Groos', 'Jimmy', 'Proudfoot', 'Agosto', 'Morville', 'Druce', 'Swanhilda']
['Behlau', 'Ciapas', 'Blasius', 'Yasu', 'Doroteya', 'Love', 'Nanette', 'Eno', 'Colly', 'Larson', 'Lenhart', 'Avril', 'Gwenette', 'Dietrich', 'Jorgenson', 'Lenes', 'Rik']
['Nath', 'Scherman', 'Genie', 'Deni', 'Shea', 'Adolphus', 'Zelma', 'Ebneter', 'Danita', 'Tine', 'Arel', 'Jessalin', 'Lombardi', 'Lawler', 'Balcer', 'Busey', 'Saylor']
['Sigsmond', 'Tutankhamen', 'Clere', 'Hawger', 'McCullough', 'Hayyim', 'Saudra', 'Delila', 'Cutty', 'Mitchiner', 'Wing', 'Ruhnke', 'Saxen', 'Wunder', 'Donn', 'Earlene', 'Nari']
['Willis', 'Plantagenet', 'Brazee', 'Kudva', 'Dulcea', 'Safire', 'Cicely', 'Ace', 'Dimitry', 'Binette', 'Hudis', 'Virginia', 'Holms', 'Kile', 'Utica', 'Melisa', 'Converse']
['Eudocia', 'Jenkel', 'Girardo', 'Dowlen', 'Lon', 'Billy', 'Sandeep', 'Benilda', 'Rocray', 'Kimon', 'McIntosh', 'Freddy', 'Bounds', 'Delinda', 'Janerich', 'Lacy', 'Maye']
['Kerianne', 'Vesta', 'Monahan', 'Cavallaro', 'Matthew', 'Carrillo', 'Barby', 'Eilis', 'Karlise', 'Hotze', 'Janaya', 'Nicolis', 'Perloff', 'Tuttle', 'Balliett', 'Leanna', 'Norean', 'Ursola', 'Haldane', 'Osrick', 'Reste', 'Fredkin', 'Australia', 'Towne', 'Lamb', 'Quitt', 'Lynett', 'Cheria', 'Montagna', 'Fitz', 'Erlewine', 'Koetke', 'Fast', 'McClimans', 'Adriane']
['Zobe', 'Thorman', 'Gillian', 'Firman', 'Tennes', 'Kaufmann', 'Akeyla', 'Mokas', 'Tillford', 'Corkhill', 'Lauree', 'Chancellor', 'Larry', 'Barsky', 'Dott', 'Lunetta', 'Karon', 'Enid', 'Uchida', 'Darrow', 'Adaurd', 'Clymer', 'Derinna', 'Shelby', 'Lorilyn', 'Ebba', 'Mackenzie', 'Rooke', 'Midian', 'Epstein', 'Vevay', 'Willetta', 'Meingolda', 'Tonya', 'Auroora']
['Cardwell', 'Danna', 'Cloots', 'Charin', 'Matthaeus', 'Worlock', 'Halimeda', 'Cyd', 'Pippo', 'Odin', 'Watson', 'Sosanna', 'Bruns', 'Wistrup', 'Birck', 'Hillegass', 'Jenness', 'Gunn', 'Milore', 'Arianna', 'Manaker', 'Masterson', 'Krystalle', 'Wight', 'Baldridge', 'Ultun', 'Candyce', 'Japeth', 'Raynor', 'Rue', 'Kronick', 'Melburn', 'Kanya', 'Leiser', 'Wendye']
['Caines', 'Mikol', 'Tavy', 'Bui', 'Selma', 'Beebe', 'Yim', 'Kinzer', 'Tiphane', 'Berneta', 'Ber', 'Antonetta', 'Lamson', 'Javler', 'Emelia', 'Clea', 'Stephenson', 'Sheeran', 'Merola', 'Halstead', 'Nannette', 'Ludovico', 'Dare', 'Fillender', 'Danais', 'Karie', 'Till', 'Groh', 'Flo', 'Alvinia', 'Lyle', 'Fadiman', 'Bluhm', 'Catherin', 'Gloriana']
['Ardehs', 'Pinto', 'Danuloff', 'Formenti', 'Coh', 'Merth', 'Antonino', 'Marijn', 'Gombosi', 'Buckler', 'Robbin', 'Fruin', 'Dumas', 'Maribel', 'Tay', 'Schnabel', 'Coumas', 'Brittnee', 'Kassi', 'Shannah', 'Ruyle', 'Cristoforo', 'Placido', 'Ragland', 'Jeniece', 'Ashling', 'Debera', 'Marijo', 'Elmira', 'Dole', 'Verras', 'Blondell', 'Sievert', 'Bello', 'Ted']
['Rhonda', 'Micheal', 'Buxton', 'Tessy', 'Woo', 'Puklich', 'Winer', 'Malo', 'Polish', 'Fidelio', 'Mushro', 'Shelbi', 'Glenn', 'Biggs', 'Carter', 'Oakes', 'Lentha', 'Oscar', 'Janenna', 'Desi', 'Costin', 'Vikky', 'Hermon', 'Foulk', 'Pryce', 'Atkins', 'Higgs', 'Harmony', 'Dearman', 'Grochow', 'Meras', 'Lux', 'Kerwon', 'Derril', 'Durante']
['Bhayani', 'Eleni', 'Jason', 'Jori', 'Ashford', 'Velda', 'Hillel', 'Hakim', 'Hamlin', 'Mauchi', 'Hadleigh', 'Knute', 'Farro', 'Moonier', 'Tarkany', 'Celestyn', 'Hannover', 'Acacia', 'Chemush', 'McKinney', 'Cherry', 'Dedric', 'Turrell', 'Holey', 'Basso', 'Jestude', 'Grath', 'Felise', 'Klapp', 'Jobyna', 'Hanway', 'Harriet', 'Hako', 'Newton', 'Jehiel']
['Padget', 'Latimer', 'Risteau', 'McCoy', 'Everick', 'Bevon', 'Hittel', 'Flemming', 'Salomi', 'Flieger', 'Letta', 'Gerianne', 'Yarvis', 'Udell', 'Saville', 'Ammadis', 'Evangeline', 'Marina', 'Harland', 'Franek', 'Zandt', 'Nance', 'Hardej', 'Renick', 'Nisse', 'Nafis', 'Neille', 'Lindell', 'Alf', 'Moyers', 'Weirick', 'Ardys', 'Rombert', 'Ainslee', 'Uzzia']
['Anuska', 'Burkhart', 'Yerxa', 'Hatch', 'Elburr', 'Dotson', 'Serafine', 'Leod', 'Ottinger', 'Katzir', 'Won', 'Prince', 'Ursi', 'Emmer', 'Mansoor', 'Griffin', 'Stearns', 'Barnett', 'Fairfax', 'Bernj', 'Favian', 'Sachi', 'Livingston', 'Girovard', 'Cal', 'Neva', 'Edrick', 'Florentia', 'Fifine', 'Ferullo', 'Kylah', 'Gibun', 'Astto', 'Margeaux', 'Raul']
['Eldwen', 'Nessy', 'Emelita', 'Rodolphe', 'Myrvyn', 'Rani', 'Aviv', 'Hett', 'Lotus', 'Ginzburg', 'Les']
